[0.015s] Invoking command in '/home/luchino/RT_first_assignment/build/prova_rt1': CMAKE_PREFIX_PATH=${CMAKE_PREFIX_PATH}:/home/luchino/ros_ws/install/first_package_py:/opt/ros/jazzy /usr/bin/cmake --build /home/luchino/RT_first_assignment/build/prova_rt1 -- -j8 -l8
[0.076s] [ 25%] [32mBuilding CXX object CMakeFiles/distance.dir/src/distance_node.cpp.o[0m
[0.085s] [ 75%] Built target ui
[9.414s] [100%] [32m[1mLinking CXX executable distance[0m
[10.078s] [100%] Built target distance
[10.094s] Invoked command in '/home/luchino/RT_first_assignment/build/prova_rt1' returned '0': CMAKE_PREFIX_PATH=${CMAKE_PREFIX_PATH}:/home/luchino/ros_ws/install/first_package_py:/opt/ros/jazzy /usr/bin/cmake --build /home/luchino/RT_first_assignment/build/prova_rt1 -- -j8 -l8
[10.097s] Invoking command in '/home/luchino/RT_first_assignment/build/prova_rt1': CMAKE_PREFIX_PATH=${CMAKE_PREFIX_PATH}:/home/luchino/ros_ws/install/first_package_py:/opt/ros/jazzy /usr/bin/cmake --install /home/luchino/RT_first_assignment/build/prova_rt1
[10.107s] -- Install configuration: ""
[10.108s] -- Up-to-date: /home/luchino/RT_first_assignment/install/prova_rt1/lib/prova_rt1/ui
[10.108s] -- Installing: /home/luchino/RT_first_assignment/install/prova_rt1/lib/prova_rt1/distance
[10.120s] -- Set non-toolchain portion of runtime path of "/home/luchino/RT_first_assignment/install/prova_rt1/lib/prova_rt1/distance" to ""
[10.121s] -- Up-to-date: /home/luchino/RT_first_assignment/install/prova_rt1/lib/prova_rt1/turtle_spawn.py
[10.121s] -- Up-to-date: /home/luchino/RT_first_assignment/install/prova_rt1/share/ament_index/resource_index/package_run_dependencies/prova_rt1
[10.121s] -- Up-to-date: /home/luchino/RT_first_assignment/install/prova_rt1/share/ament_index/resource_index/parent_prefix_path/prova_rt1
[10.122s] -- Up-to-date: /home/luchino/RT_first_assignment/install/prova_rt1/share/prova_rt1/environment/ament_prefix_path.sh
[10.122s] -- Up-to-date: /home/luchino/RT_first_assignment/install/prova_rt1/share/prova_rt1/environment/ament_prefix_path.dsv
[10.122s] -- Up-to-date: /home/luchino/RT_first_assignment/install/prova_rt1/share/prova_rt1/environment/path.sh
[10.122s] -- Up-to-date: /home/luchino/RT_first_assignment/install/prova_rt1/share/prova_rt1/environment/path.dsv
[10.122s] -- Up-to-date: /home/luchino/RT_first_assignment/install/prova_rt1/share/prova_rt1/local_setup.bash
[10.122s] -- Up-to-date: /home/luchino/RT_first_assignment/install/prova_rt1/share/prova_rt1/local_setup.sh
[10.123s] -- Up-to-date: /home/luchino/RT_first_assignment/install/prova_rt1/share/prova_rt1/local_setup.zsh
[10.123s] -- Up-to-date: /home/luchino/RT_first_assignment/install/prova_rt1/share/prova_rt1/local_setup.dsv
[10.123s] -- Installing: /home/luchino/RT_first_assignment/install/prova_rt1/share/prova_rt1/package.dsv
[10.123s] -- Up-to-date: /home/luchino/RT_first_assignment/install/prova_rt1/share/ament_index/resource_index/packages/prova_rt1
[10.123s] -- Up-to-date: /home/luchino/RT_first_assignment/install/prova_rt1/share/prova_rt1/cmake/prova_rt1Config.cmake
[10.123s] -- Up-to-date: /home/luchino/RT_first_assignment/install/prova_rt1/share/prova_rt1/cmake/prova_rt1Config-version.cmake
[10.123s] -- Up-to-date: /home/luchino/RT_first_assignment/install/prova_rt1/share/prova_rt1/package.xml
[10.127s] Invoked command in '/home/luchino/RT_first_assignment/build/prova_rt1' returned '0': CMAKE_PREFIX_PATH=${CMAKE_PREFIX_PATH}:/home/luchino/ros_ws/install/first_package_py:/opt/ros/jazzy /usr/bin/cmake --install /home/luchino/RT_first_assignment/build/prova_rt1
