[0.017s] Invoking command in '/home/luchino/RT_first_assignment/build/prova_rt1': CMAKE_PREFIX_PATH=${CMAKE_PREFIX_PATH}:/home/luchino/ros_ws/install/first_package_py:/opt/ros/jazzy /usr/bin/cmake --build /home/luchino/RT_first_assignment/build/prova_rt1 -- -j8 -l8
[0.081s] [ 25%] [32mBuilding CXX object CMakeFiles/distance.dir/src/distance_node.cpp.o[0m
[0.089s] [ 50%] [32mBuilding CXX object CMakeFiles/ui.dir/src/ui_node.cpp.o[0m
[10.980s] [ 75%] [32m[1mLinking CXX executable distance[0m
[11.498s] [ 75%] Built target distance
[12.013s] [100%] [32m[1mLinking CXX executable ui[0m
[12.475s] [100%] Built target ui
[12.486s] Invoked command in '/home/luchino/RT_first_assignment/build/prova_rt1' returned '0': CMAKE_PREFIX_PATH=${CMAKE_PREFIX_PATH}:/home/luchino/ros_ws/install/first_package_py:/opt/ros/jazzy /usr/bin/cmake --build /home/luchino/RT_first_assignment/build/prova_rt1 -- -j8 -l8
[12.488s] Invoking command in '/home/luchino/RT_first_assignment/build/prova_rt1': CMAKE_PREFIX_PATH=${CMAKE_PREFIX_PATH}:/home/luchino/ros_ws/install/first_package_py:/opt/ros/jazzy /usr/bin/cmake --install /home/luchino/RT_first_assignment/build/prova_rt1
[12.495s] -- Install configuration: ""
[12.495s] -- Installing: /home/luchino/RT_first_assignment/install/prova_rt1/lib/prova_rt1/ui
[12.501s] -- Set non-toolchain portion of runtime path of "/home/luchino/RT_first_assignment/install/prova_rt1/lib/prova_rt1/ui" to ""
[12.501s] -- Installing: /home/luchino/RT_first_assignment/install/prova_rt1/lib/prova_rt1/distance
[12.506s] -- Set non-toolchain portion of runtime path of "/home/luchino/RT_first_assignment/install/prova_rt1/lib/prova_rt1/distance" to ""
[12.507s] -- Up-to-date: /home/luchino/RT_first_assignment/install/prova_rt1/lib/prova_rt1/turtle_spawn.py
[12.507s] -- Up-to-date: /home/luchino/RT_first_assignment/install/prova_rt1/share/ament_index/resource_index/package_run_dependencies/prova_rt1
[12.507s] -- Up-to-date: /home/luchino/RT_first_assignment/install/prova_rt1/share/ament_index/resource_index/parent_prefix_path/prova_rt1
[12.507s] -- Up-to-date: /home/luchino/RT_first_assignment/install/prova_rt1/share/prova_rt1/environment/ament_prefix_path.sh
[12.507s] -- Up-to-date: /home/luchino/RT_first_assignment/install/prova_rt1/share/prova_rt1/environment/ament_prefix_path.dsv
[12.507s] -- Up-to-date: /home/luchino/RT_first_assignment/install/prova_rt1/share/prova_rt1/environment/path.sh
[12.508s] -- Up-to-date: /home/luchino/RT_first_assignment/install/prova_rt1/share/prova_rt1/environment/path.dsv
[12.508s] -- Up-to-date: /home/luchino/RT_first_assignment/install/prova_rt1/share/prova_rt1/local_setup.bash
[12.508s] -- Up-to-date: /home/luchino/RT_first_assignment/install/prova_rt1/share/prova_rt1/local_setup.sh
[12.508s] -- Up-to-date: /home/luchino/RT_first_assignment/install/prova_rt1/share/prova_rt1/local_setup.zsh
[12.508s] -- Up-to-date: /home/luchino/RT_first_assignment/install/prova_rt1/share/prova_rt1/local_setup.dsv
[12.508s] -- Installing: /home/luchino/RT_first_assignment/install/prova_rt1/share/prova_rt1/package.dsv
[12.509s] -- Up-to-date: /home/luchino/RT_first_assignment/install/prova_rt1/share/ament_index/resource_index/packages/prova_rt1
[12.509s] -- Up-to-date: /home/luchino/RT_first_assignment/install/prova_rt1/share/prova_rt1/cmake/prova_rt1Config.cmake
[12.509s] -- Up-to-date: /home/luchino/RT_first_assignment/install/prova_rt1/share/prova_rt1/cmake/prova_rt1Config-version.cmake
[12.509s] -- Up-to-date: /home/luchino/RT_first_assignment/install/prova_rt1/share/prova_rt1/package.xml
[12.511s] Invoked command in '/home/luchino/RT_first_assignment/build/prova_rt1' returned '0': CMAKE_PREFIX_PATH=${CMAKE_PREFIX_PATH}:/home/luchino/ros_ws/install/first_package_py:/opt/ros/jazzy /usr/bin/cmake --install /home/luchino/RT_first_assignment/build/prova_rt1
