[0.016s] Invoking command in '/home/luchino/RT_first_assignment/build/assignment1_rt': CMAKE_PREFIX_PATH=${CMAKE_PREFIX_PATH}:/home/luchino/ros_ws/install/first_package_py:/opt/ros/jazzy /usr/bin/cmake --build /home/luchino/RT_first_assignment/build/assignment1_rt -- -j8 -l8
[0.247s] [ 25%] [32mBuilding CXX object CMakeFiles/ui.dir/src/ui_node.cpp.o[0m
[0.247s] [ 50%] [32mBuilding CXX object CMakeFiles/distance.dir/src/distance_node.cpp.o[0m
[9.894s] [ 75%] [32m[1mLinking CXX executable distance[0m
[10.464s] [ 75%] Built target distance
[10.517s] [100%] [32m[1mLinking CXX executable ui[0m
[10.927s] [100%] Built target ui
[10.936s] Invoked command in '/home/luchino/RT_first_assignment/build/assignment1_rt' returned '0': CMAKE_PREFIX_PATH=${CMAKE_PREFIX_PATH}:/home/luchino/ros_ws/install/first_package_py:/opt/ros/jazzy /usr/bin/cmake --build /home/luchino/RT_first_assignment/build/assignment1_rt -- -j8 -l8
[10.948s] Invoking command in '/home/luchino/RT_first_assignment/build/assignment1_rt': CMAKE_PREFIX_PATH=${CMAKE_PREFIX_PATH}:/home/luchino/ros_ws/install/first_package_py:/opt/ros/jazzy /usr/bin/cmake --install /home/luchino/RT_first_assignment/build/assignment1_rt
[10.955s] -- Install configuration: ""
[10.958s] -- Installing: /home/luchino/RT_first_assignment/install/assignment1_rt/lib/assignment1_rt/ui
[10.963s] -- Set non-toolchain portion of runtime path of "/home/luchino/RT_first_assignment/install/assignment1_rt/lib/assignment1_rt/ui" to ""
[10.965s] -- Installing: /home/luchino/RT_first_assignment/install/assignment1_rt/lib/assignment1_rt/distance
[10.969s] -- Set non-toolchain portion of runtime path of "/home/luchino/RT_first_assignment/install/assignment1_rt/lib/assignment1_rt/distance" to ""
[10.969s] -- Up-to-date: /home/luchino/RT_first_assignment/install/assignment1_rt/lib/assignment1_rt/turtle_spawn.py
[10.969s] -- Up-to-date: /home/luchino/RT_first_assignment/install/assignment1_rt/share/ament_index/resource_index/package_run_dependencies/assignment1_rt
[10.969s] -- Up-to-date: /home/luchino/RT_first_assignment/install/assignment1_rt/share/ament_index/resource_index/parent_prefix_path/assignment1_rt
[10.969s] -- Up-to-date: /home/luchino/RT_first_assignment/install/assignment1_rt/share/assignment1_rt/environment/ament_prefix_path.sh
[10.969s] -- Up-to-date: /home/luchino/RT_first_assignment/install/assignment1_rt/share/assignment1_rt/environment/ament_prefix_path.dsv
[10.969s] -- Up-to-date: /home/luchino/RT_first_assignment/install/assignment1_rt/share/assignment1_rt/environment/path.sh
[10.969s] -- Up-to-date: /home/luchino/RT_first_assignment/install/assignment1_rt/share/assignment1_rt/environment/path.dsv
[10.969s] -- Up-to-date: /home/luchino/RT_first_assignment/install/assignment1_rt/share/assignment1_rt/local_setup.bash
[10.969s] -- Up-to-date: /home/luchino/RT_first_assignment/install/assignment1_rt/share/assignment1_rt/local_setup.sh
[10.970s] -- Up-to-date: /home/luchino/RT_first_assignment/install/assignment1_rt/share/assignment1_rt/local_setup.zsh
[10.970s] -- Up-to-date: /home/luchino/RT_first_assignment/install/assignment1_rt/share/assignment1_rt/local_setup.dsv
[10.970s] -- Installing: /home/luchino/RT_first_assignment/install/assignment1_rt/share/assignment1_rt/package.dsv
[10.970s] -- Up-to-date: /home/luchino/RT_first_assignment/install/assignment1_rt/share/ament_index/resource_index/packages/assignment1_rt
[10.970s] -- Up-to-date: /home/luchino/RT_first_assignment/install/assignment1_rt/share/assignment1_rt/cmake/assignment1_rtConfig.cmake
[10.970s] -- Up-to-date: /home/luchino/RT_first_assignment/install/assignment1_rt/share/assignment1_rt/cmake/assignment1_rtConfig-version.cmake
[10.970s] -- Up-to-date: /home/luchino/RT_first_assignment/install/assignment1_rt/share/assignment1_rt/package.xml
[10.972s] Invoked command in '/home/luchino/RT_first_assignment/build/assignment1_rt' returned '0': CMAKE_PREFIX_PATH=${CMAKE_PREFIX_PATH}:/home/luchino/ros_ws/install/first_package_py:/opt/ros/jazzy /usr/bin/cmake --install /home/luchino/RT_first_assignment/build/assignment1_rt
