[0.011s] Invoking command in '/home/luchino/RT_first_assignment/build/assignment1_rt': CMAKE_PREFIX_PATH=${CMAKE_PREFIX_PATH}:/home/luchino/ros_ws/install/first_package_py:/opt/ros/jazzy /usr/bin/cmake --build /home/luchino/RT_first_assignment/build/assignment1_rt -- -j8 -l8
[0.069s] [ 50%] Built target ui
[0.072s] [ 75%] [32mBuilding CXX object CMakeFiles/distance.dir/src/distance_node.cpp.o[0m
[11.545s] [100%] [32m[1mLinking CXX executable distance[0m
[12.301s] [100%] Built target distance
[12.313s] Invoked command in '/home/luchino/RT_first_assignment/build/assignment1_rt' returned '0': CMAKE_PREFIX_PATH=${CMAKE_PREFIX_PATH}:/home/luchino/ros_ws/install/first_package_py:/opt/ros/jazzy /usr/bin/cmake --build /home/luchino/RT_first_assignment/build/assignment1_rt -- -j8 -l8
[12.323s] Invoking command in '/home/luchino/RT_first_assignment/build/assignment1_rt': CMAKE_PREFIX_PATH=${CMAKE_PREFIX_PATH}:/home/luchino/ros_ws/install/first_package_py:/opt/ros/jazzy /usr/bin/cmake --install /home/luchino/RT_first_assignment/build/assignment1_rt
[12.330s] -- Install configuration: ""
[12.331s] -- Installing: /home/luchino/RT_first_assignment/install/assignment1_rt/lib/assignment1_rt/ui
[12.339s] -- Set non-toolchain portion of runtime path of "/home/luchino/RT_first_assignment/install/assignment1_rt/lib/assignment1_rt/ui" to ""
[12.340s] -- Installing: /home/luchino/RT_first_assignment/install/assignment1_rt/lib/assignment1_rt/distance
[12.353s] -- Set non-toolchain portion of runtime path of "/home/luchino/RT_first_assignment/install/assignment1_rt/lib/assignment1_rt/distance" to ""
[12.353s] -- Up-to-date: /home/luchino/RT_first_assignment/install/assignment1_rt/lib/assignment1_rt/turtle_spawn.py
[12.353s] -- Up-to-date: /home/luchino/RT_first_assignment/install/assignment1_rt/share/ament_index/resource_index/package_run_dependencies/assignment1_rt
[12.353s] -- Up-to-date: /home/luchino/RT_first_assignment/install/assignment1_rt/share/ament_index/resource_index/parent_prefix_path/assignment1_rt
[12.353s] -- Up-to-date: /home/luchino/RT_first_assignment/install/assignment1_rt/share/assignment1_rt/environment/ament_prefix_path.sh
[12.354s] -- Up-to-date: /home/luchino/RT_first_assignment/install/assignment1_rt/share/assignment1_rt/environment/ament_prefix_path.dsv
[12.354s] -- Up-to-date: /home/luchino/RT_first_assignment/install/assignment1_rt/share/assignment1_rt/environment/path.sh
[12.354s] -- Up-to-date: /home/luchino/RT_first_assignment/install/assignment1_rt/share/assignment1_rt/environment/path.dsv
[12.354s] -- Up-to-date: /home/luchino/RT_first_assignment/install/assignment1_rt/share/assignment1_rt/local_setup.bash
[12.354s] -- Up-to-date: /home/luchino/RT_first_assignment/install/assignment1_rt/share/assignment1_rt/local_setup.sh
[12.354s] -- Up-to-date: /home/luchino/RT_first_assignment/install/assignment1_rt/share/assignment1_rt/local_setup.zsh
[12.354s] -- Up-to-date: /home/luchino/RT_first_assignment/install/assignment1_rt/share/assignment1_rt/local_setup.dsv
[12.354s] -- Installing: /home/luchino/RT_first_assignment/install/assignment1_rt/share/assignment1_rt/package.dsv
[12.354s] -- Up-to-date: /home/luchino/RT_first_assignment/install/assignment1_rt/share/ament_index/resource_index/packages/assignment1_rt
[12.354s] -- Up-to-date: /home/luchino/RT_first_assignment/install/assignment1_rt/share/assignment1_rt/cmake/assignment1_rtConfig.cmake
[12.354s] -- Up-to-date: /home/luchino/RT_first_assignment/install/assignment1_rt/share/assignment1_rt/cmake/assignment1_rtConfig-version.cmake
[12.355s] -- Up-to-date: /home/luchino/RT_first_assignment/install/assignment1_rt/share/assignment1_rt/package.xml
[12.356s] Invoked command in '/home/luchino/RT_first_assignment/build/assignment1_rt' returned '0': CMAKE_PREFIX_PATH=${CMAKE_PREFIX_PATH}:/home/luchino/ros_ws/install/first_package_py:/opt/ros/jazzy /usr/bin/cmake --install /home/luchino/RT_first_assignment/build/assignment1_rt
