[0.237s] DEBUG:colcon:Command line arguments: ['/usr/bin/colcon', 'build']
[0.237s] DEBUG:colcon:Parsed command line arguments: Namespace(log_base=None, log_level=None, verb_name='build', build_base='build', install_base='install', merge_install=False, symlink_install=False, test_result_base=None, continue_on_error=False, executor='parallel', parallel_workers=8, event_handlers=None, ignore_user_meta=False, metas=['./colcon.meta'], base_paths=['.'], packages_ignore=None, packages_ignore_regex=None, paths=None, packages_up_to=None, packages_up_to_regex=None, packages_above=None, packages_above_and_dependencies=None, packages_above_depth=None, packages_select_by_dep=None, packages_skip_by_dep=None, packages_skip_up_to=None, packages_select_build_failed=False, packages_skip_build_finished=False, packages_select_test_failures=False, packages_skip_test_passed=False, packages_select=None, packages_skip=None, packages_select_regex=None, packages_skip_regex=None, packages_start=None, packages_end=None, allow_overriding=[], cmake_args=None, cmake_target=None, cmake_target_skip_unavailable=False, cmake_clean_cache=False, cmake_clean_first=False, cmake_force_configure=False, ament_cmake_args=None, catkin_cmake_args=None, catkin_skip_building_tests=False, mixin_files=None, mixin=None, verb_parser=<colcon_mixin.mixin.mixin_argument.MixinArgumentDecorator object at 0x7f01bef678f0>, verb_extension=<colcon_core.verb.build.BuildVerb object at 0x7f01bf083ef0>, main=<bound method BuildVerb.main of <colcon_core.verb.build.BuildVerb object at 0x7f01bf083ef0>>, mixin_verb=('build',))
[0.297s] Level 1:colcon.colcon_core.package_discovery:discover_packages(colcon_meta) check parameters
[0.297s] Level 1:colcon.colcon_core.package_discovery:discover_packages(recursive) check parameters
[0.297s] Level 1:colcon.colcon_core.package_discovery:discover_packages(ignore) check parameters
[0.297s] Level 1:colcon.colcon_core.package_discovery:discover_packages(path) check parameters
[0.297s] Level 1:colcon.colcon_core.package_discovery:discover_packages(colcon_meta) discover
[0.298s] Level 1:colcon.colcon_core.package_discovery:discover_packages(recursive) discover
[0.298s] INFO:colcon.colcon_core.package_discovery:Crawling recursively for packages in '/home/luchino/RT_first_assignment'
[0.298s] Level 1:colcon.colcon_core.package_identification:_identify(.) by extensions ['ignore', 'ignore_ament_install']
[0.298s] Level 1:colcon.colcon_core.package_identification:_identify(.) by extension 'ignore'
[0.298s] Level 1:colcon.colcon_core.package_identification:_identify(.) by extension 'ignore_ament_install'
[0.299s] Level 1:colcon.colcon_core.package_identification:_identify(.) by extensions ['colcon_pkg']
[0.299s] Level 1:colcon.colcon_core.package_identification:_identify(.) by extension 'colcon_pkg'
[0.299s] Level 1:colcon.colcon_core.package_identification:_identify(.) by extensions ['colcon_meta']
[0.299s] Level 1:colcon.colcon_core.package_identification:_identify(.) by extension 'colcon_meta'
[0.299s] Level 1:colcon.colcon_core.package_identification:_identify(.) by extensions ['ros']
[0.299s] Level 1:colcon.colcon_core.package_identification:_identify(.) by extension 'ros'
[0.337s] Level 1:colcon.colcon_core.package_identification:_identify(.) by extensions ['cmake', 'python']
[0.338s] Level 1:colcon.colcon_core.package_identification:_identify(.) by extension 'cmake'
[0.338s] Level 1:colcon.colcon_core.package_identification:_identify(.) by extension 'python'
[0.338s] Level 1:colcon.colcon_core.package_identification:_identify(.) by extensions ['python_setup_py']
[0.338s] Level 1:colcon.colcon_core.package_identification:_identify(.) by extension 'python_setup_py'
[0.338s] Level 1:colcon.colcon_core.package_identification:_identify(build) by extensions ['ignore', 'ignore_ament_install']
[0.338s] Level 1:colcon.colcon_core.package_identification:_identify(build) by extension 'ignore'
[0.338s] Level 1:colcon.colcon_core.package_identification:_identify(build) ignored
[0.338s] Level 1:colcon.colcon_core.package_identification:_identify(install) by extensions ['ignore', 'ignore_ament_install']
[0.339s] Level 1:colcon.colcon_core.package_identification:_identify(install) by extension 'ignore'
[0.339s] Level 1:colcon.colcon_core.package_identification:_identify(install) ignored
[0.339s] Level 1:colcon.colcon_core.package_identification:_identify(log) by extensions ['ignore', 'ignore_ament_install']
[0.339s] Level 1:colcon.colcon_core.package_identification:_identify(log) by extension 'ignore'
[0.339s] Level 1:colcon.colcon_core.package_identification:_identify(log) ignored
[0.339s] Level 1:colcon.colcon_core.package_identification:_identify(src) by extensions ['ignore', 'ignore_ament_install']
[0.339s] Level 1:colcon.colcon_core.package_identification:_identify(src) by extension 'ignore'
[0.339s] Level 1:colcon.colcon_core.package_identification:_identify(src) by extension 'ignore_ament_install'
[0.340s] Level 1:colcon.colcon_core.package_identification:_identify(src) by extensions ['colcon_pkg']
[0.340s] Level 1:colcon.colcon_core.package_identification:_identify(src) by extension 'colcon_pkg'
[0.340s] Level 1:colcon.colcon_core.package_identification:_identify(src) by extensions ['colcon_meta']
[0.340s] Level 1:colcon.colcon_core.package_identification:_identify(src) by extension 'colcon_meta'
[0.340s] Level 1:colcon.colcon_core.package_identification:_identify(src) by extensions ['ros']
[0.340s] Level 1:colcon.colcon_core.package_identification:_identify(src) by extension 'ros'
[0.340s] Level 1:colcon.colcon_core.package_identification:_identify(src) by extensions ['cmake', 'python']
[0.340s] Level 1:colcon.colcon_core.package_identification:_identify(src) by extension 'cmake'
[0.340s] Level 1:colcon.colcon_core.package_identification:_identify(src) by extension 'python'
[0.340s] Level 1:colcon.colcon_core.package_identification:_identify(src) by extensions ['python_setup_py']
[0.340s] Level 1:colcon.colcon_core.package_identification:_identify(src) by extension 'python_setup_py'
[0.340s] Level 1:colcon.colcon_core.package_identification:_identify(src/assignment1_rt) by extensions ['ignore', 'ignore_ament_install']
[0.341s] Level 1:colcon.colcon_core.package_identification:_identify(src/assignment1_rt) by extension 'ignore'
[0.341s] Level 1:colcon.colcon_core.package_identification:_identify(src/assignment1_rt) by extension 'ignore_ament_install'
[0.341s] Level 1:colcon.colcon_core.package_identification:_identify(src/assignment1_rt) by extensions ['colcon_pkg']
[0.341s] Level 1:colcon.colcon_core.package_identification:_identify(src/assignment1_rt) by extension 'colcon_pkg'
[0.341s] Level 1:colcon.colcon_core.package_identification:_identify(src/assignment1_rt) by extensions ['colcon_meta']
[0.341s] Level 1:colcon.colcon_core.package_identification:_identify(src/assignment1_rt) by extension 'colcon_meta'
[0.341s] Level 1:colcon.colcon_core.package_identification:_identify(src/assignment1_rt) by extensions ['ros']
[0.341s] Level 1:colcon.colcon_core.package_identification:_identify(src/assignment1_rt) by extension 'ros'
[0.344s] DEBUG:colcon.colcon_core.package_identification:Package 'src/assignment1_rt' with type 'ros.ament_cmake' and name 'assignment1_rt'
[0.344s] Level 1:colcon.colcon_core.package_identification:_identify(src/prova_rt1) by extensions ['ignore', 'ignore_ament_install']
[0.344s] Level 1:colcon.colcon_core.package_identification:_identify(src/prova_rt1) by extension 'ignore'
[0.345s] Level 1:colcon.colcon_core.package_identification:_identify(src/prova_rt1) by extension 'ignore_ament_install'
[0.345s] Level 1:colcon.colcon_core.package_identification:_identify(src/prova_rt1) by extensions ['colcon_pkg']
[0.345s] Level 1:colcon.colcon_core.package_identification:_identify(src/prova_rt1) by extension 'colcon_pkg'
[0.345s] Level 1:colcon.colcon_core.package_identification:_identify(src/prova_rt1) by extensions ['colcon_meta']
[0.345s] Level 1:colcon.colcon_core.package_identification:_identify(src/prova_rt1) by extension 'colcon_meta'
[0.345s] Level 1:colcon.colcon_core.package_identification:_identify(src/prova_rt1) by extensions ['ros']
[0.345s] Level 1:colcon.colcon_core.package_identification:_identify(src/prova_rt1) by extension 'ros'
[0.345s] DEBUG:colcon.colcon_core.package_identification:Package 'src/prova_rt1' with type 'ros.ament_cmake' and name 'prova_rt1'
[0.346s] Level 1:colcon.colcon_core.package_discovery:discover_packages(recursive) using defaults
[0.346s] Level 1:colcon.colcon_core.package_discovery:discover_packages(ignore) discover
[0.346s] Level 1:colcon.colcon_core.package_discovery:discover_packages(ignore) using defaults
[0.346s] Level 1:colcon.colcon_core.package_discovery:discover_packages(path) discover
[0.346s] Level 1:colcon.colcon_core.package_discovery:discover_packages(path) using defaults
[0.367s] Level 1:colcon.colcon_core.package_discovery:discover_packages(prefix_path) check parameters
[0.367s] Level 1:colcon.colcon_core.package_discovery:discover_packages(prefix_path) discover
[0.369s] DEBUG:colcon.colcon_installed_package_information.package_discovery:Found 3 installed packages in /home/luchino/ros_ws/install
[0.370s] DEBUG:colcon.colcon_installed_package_information.package_discovery:Found 196 installed packages in /opt/ros/jazzy
[0.371s] Level 1:colcon.colcon_core.package_discovery:discover_packages(prefix_path) using defaults
[0.408s] Level 5:colcon.colcon_core.verb:set package 'assignment1_rt' build argument 'cmake_args' from command line to 'None'
[0.408s] Level 5:colcon.colcon_core.verb:set package 'assignment1_rt' build argument 'cmake_target' from command line to 'None'
[0.408s] Level 5:colcon.colcon_core.verb:set package 'assignment1_rt' build argument 'cmake_target_skip_unavailable' from command line to 'False'
[0.408s] Level 5:colcon.colcon_core.verb:set package 'assignment1_rt' build argument 'cmake_clean_cache' from command line to 'False'
[0.408s] Level 5:colcon.colcon_core.verb:set package 'assignment1_rt' build argument 'cmake_clean_first' from command line to 'False'
[0.408s] Level 5:colcon.colcon_core.verb:set package 'assignment1_rt' build argument 'cmake_force_configure' from command line to 'False'
[0.408s] Level 5:colcon.colcon_core.verb:set package 'assignment1_rt' build argument 'ament_cmake_args' from command line to 'None'
[0.408s] Level 5:colcon.colcon_core.verb:set package 'assignment1_rt' build argument 'catkin_cmake_args' from command line to 'None'
[0.408s] Level 5:colcon.colcon_core.verb:set package 'assignment1_rt' build argument 'catkin_skip_building_tests' from command line to 'False'
[0.408s] DEBUG:colcon.colcon_core.verb:Building package 'assignment1_rt' with the following arguments: {'ament_cmake_args': None, 'build_base': '/home/luchino/RT_first_assignment/build/assignment1_rt', 'catkin_cmake_args': None, 'catkin_skip_building_tests': False, 'cmake_args': None, 'cmake_clean_cache': False, 'cmake_clean_first': False, 'cmake_force_configure': False, 'cmake_target': None, 'cmake_target_skip_unavailable': False, 'install_base': '/home/luchino/RT_first_assignment/install/assignment1_rt', 'merge_install': False, 'path': '/home/luchino/RT_first_assignment/src/assignment1_rt', 'symlink_install': False, 'test_result_base': None}
[0.409s] Level 5:colcon.colcon_core.verb:set package 'prova_rt1' build argument 'cmake_args' from command line to 'None'
[0.409s] Level 5:colcon.colcon_core.verb:set package 'prova_rt1' build argument 'cmake_target' from command line to 'None'
[0.409s] Level 5:colcon.colcon_core.verb:set package 'prova_rt1' build argument 'cmake_target_skip_unavailable' from command line to 'False'
[0.409s] Level 5:colcon.colcon_core.verb:set package 'prova_rt1' build argument 'cmake_clean_cache' from command line to 'False'
[0.409s] Level 5:colcon.colcon_core.verb:set package 'prova_rt1' build argument 'cmake_clean_first' from command line to 'False'
[0.409s] Level 5:colcon.colcon_core.verb:set package 'prova_rt1' build argument 'cmake_force_configure' from command line to 'False'
[0.409s] Level 5:colcon.colcon_core.verb:set package 'prova_rt1' build argument 'ament_cmake_args' from command line to 'None'
[0.409s] Level 5:colcon.colcon_core.verb:set package 'prova_rt1' build argument 'catkin_cmake_args' from command line to 'None'
[0.409s] Level 5:colcon.colcon_core.verb:set package 'prova_rt1' build argument 'catkin_skip_building_tests' from command line to 'False'
[0.409s] DEBUG:colcon.colcon_core.verb:Building package 'prova_rt1' with the following arguments: {'ament_cmake_args': None, 'build_base': '/home/luchino/RT_first_assignment/build/prova_rt1', 'catkin_cmake_args': None, 'catkin_skip_building_tests': False, 'cmake_args': None, 'cmake_clean_cache': False, 'cmake_clean_first': False, 'cmake_force_configure': False, 'cmake_target': None, 'cmake_target_skip_unavailable': False, 'install_base': '/home/luchino/RT_first_assignment/install/prova_rt1', 'merge_install': False, 'path': '/home/luchino/RT_first_assignment/src/prova_rt1', 'symlink_install': False, 'test_result_base': None}
[0.409s] INFO:colcon.colcon_core.executor:Executing jobs using 'parallel' executor
[0.410s] DEBUG:colcon.colcon_parallel_executor.executor.parallel:run_until_complete
[0.411s] INFO:colcon.colcon_ros.task.ament_cmake.build:Building ROS package in '/home/luchino/RT_first_assignment/src/assignment1_rt' with build type 'ament_cmake'
[0.411s] INFO:colcon.colcon_cmake.task.cmake.build:Building CMake package in '/home/luchino/RT_first_assignment/src/assignment1_rt'
[0.414s] INFO:colcon.colcon_core.plugin_system:Skipping extension 'colcon_core.shell.bat': Not used on non-Windows systems
[0.414s] INFO:colcon.colcon_core.shell:Skip shell extension 'powershell' for command environment: Not usable outside of PowerShell
[0.414s] DEBUG:colcon.colcon_core.shell:Skip shell extension 'dsv' for command environment
[0.418s] INFO:colcon.colcon_ros.task.ament_cmake.build:Building ROS package in '/home/luchino/RT_first_assignment/src/prova_rt1' with build type 'ament_cmake'
[0.418s] INFO:colcon.colcon_cmake.task.cmake.build:Building CMake package in '/home/luchino/RT_first_assignment/src/prova_rt1'
[0.418s] INFO:colcon.colcon_core.shell:Skip shell extension 'powershell' for command environment: Not usable outside of PowerShell
[0.418s] DEBUG:colcon.colcon_core.shell:Skip shell extension 'dsv' for command environment
[0.430s] DEBUG:colcon.colcon_core.event_handler.log_command:Invoking command in '/home/luchino/RT_first_assignment/build/assignment1_rt': CMAKE_PREFIX_PATH=${CMAKE_PREFIX_PATH}:/home/luchino/ros_ws/install/first_package_py:/opt/ros/jazzy /usr/bin/cmake --build /home/luchino/RT_first_assignment/build/assignment1_rt -- -j8 -l8
[0.444s] DEBUG:colcon.colcon_core.event_handler.log_command:Invoking command in '/home/luchino/RT_first_assignment/build/prova_rt1': CMAKE_PREFIX_PATH=${CMAKE_PREFIX_PATH}:/home/luchino/ros_ws/install/first_package_py:/opt/ros/jazzy /usr/bin/cmake --build /home/luchino/RT_first_assignment/build/prova_rt1 -- -j8 -l8
[0.517s] DEBUG:colcon.colcon_core.event_handler.log_command:Invoked command in '/home/luchino/RT_first_assignment/build/assignment1_rt' returned '0': CMAKE_PREFIX_PATH=${CMAKE_PREFIX_PATH}:/home/luchino/ros_ws/install/first_package_py:/opt/ros/jazzy /usr/bin/cmake --build /home/luchino/RT_first_assignment/build/assignment1_rt -- -j8 -l8
[0.532s] DEBUG:colcon.colcon_core.event_handler.log_command:Invoking command in '/home/luchino/RT_first_assignment/build/assignment1_rt': CMAKE_PREFIX_PATH=${CMAKE_PREFIX_PATH}:/home/luchino/ros_ws/install/first_package_py:/opt/ros/jazzy /usr/bin/cmake --install /home/luchino/RT_first_assignment/build/assignment1_rt
[0.542s] Level 1:colcon.colcon_core.environment:create_environment_scripts_only(assignment1_rt)
[0.543s] DEBUG:colcon.colcon_core.event_handler.log_command:Invoked command in '/home/luchino/RT_first_assignment/build/assignment1_rt' returned '0': CMAKE_PREFIX_PATH=${CMAKE_PREFIX_PATH}:/home/luchino/ros_ws/install/first_package_py:/opt/ros/jazzy /usr/bin/cmake --install /home/luchino/RT_first_assignment/build/assignment1_rt
[0.546s] Level 1:colcon.colcon_core.environment:checking '/home/luchino/RT_first_assignment/install/assignment1_rt' for CMake module files
[0.546s] Level 1:colcon.colcon_core.environment:checking '/home/luchino/RT_first_assignment/install/assignment1_rt' for CMake config files
[0.547s] Level 1:colcon.colcon_core.shell:create_environment_hook('assignment1_rt', 'cmake_prefix_path')
[0.547s] INFO:colcon.colcon_core.shell:Creating environment hook '/home/luchino/RT_first_assignment/install/assignment1_rt/share/assignment1_rt/hook/cmake_prefix_path.ps1'
[0.548s] INFO:colcon.colcon_core.shell:Creating environment descriptor '/home/luchino/RT_first_assignment/install/assignment1_rt/share/assignment1_rt/hook/cmake_prefix_path.dsv'
[0.549s] INFO:colcon.colcon_core.shell:Creating environment hook '/home/luchino/RT_first_assignment/install/assignment1_rt/share/assignment1_rt/hook/cmake_prefix_path.sh'
[0.550s] Level 1:colcon.colcon_core.environment:checking '/home/luchino/RT_first_assignment/install/assignment1_rt/lib'
[0.550s] Level 1:colcon.colcon_core.environment:checking '/home/luchino/RT_first_assignment/install/assignment1_rt/bin'
[0.550s] Level 1:colcon.colcon_core.environment:checking '/home/luchino/RT_first_assignment/install/assignment1_rt/lib/pkgconfig/assignment1_rt.pc'
[0.550s] Level 1:colcon.colcon_core.environment:checking '/home/luchino/RT_first_assignment/install/assignment1_rt/lib/python3.12/site-packages'
[0.550s] Level 1:colcon.colcon_core.environment:checking '/home/luchino/RT_first_assignment/install/assignment1_rt/bin'
[0.551s] INFO:colcon.colcon_core.shell:Creating package script '/home/luchino/RT_first_assignment/install/assignment1_rt/share/assignment1_rt/package.ps1'
[0.551s] INFO:colcon.colcon_core.shell:Creating package descriptor '/home/luchino/RT_first_assignment/install/assignment1_rt/share/assignment1_rt/package.dsv'
[0.552s] INFO:colcon.colcon_core.shell:Creating package script '/home/luchino/RT_first_assignment/install/assignment1_rt/share/assignment1_rt/package.sh'
[0.552s] INFO:colcon.colcon_core.shell:Creating package script '/home/luchino/RT_first_assignment/install/assignment1_rt/share/assignment1_rt/package.bash'
[0.553s] INFO:colcon.colcon_core.shell:Creating package script '/home/luchino/RT_first_assignment/install/assignment1_rt/share/assignment1_rt/package.zsh'
[0.553s] Level 1:colcon.colcon_core.environment:create_file_with_runtime_dependencies(/home/luchino/RT_first_assignment/install/assignment1_rt/share/colcon-core/packages/assignment1_rt)
[0.554s] Level 1:colcon.colcon_core.environment:create_environment_scripts_only(assignment1_rt)
[0.554s] Level 1:colcon.colcon_core.environment:checking '/home/luchino/RT_first_assignment/install/assignment1_rt' for CMake module files
[0.555s] Level 1:colcon.colcon_core.environment:checking '/home/luchino/RT_first_assignment/install/assignment1_rt' for CMake config files
[0.555s] Level 1:colcon.colcon_core.shell:create_environment_hook('assignment1_rt', 'cmake_prefix_path')
[0.555s] INFO:colcon.colcon_core.shell:Creating environment hook '/home/luchino/RT_first_assignment/install/assignment1_rt/share/assignment1_rt/hook/cmake_prefix_path.ps1'
[0.556s] INFO:colcon.colcon_core.shell:Creating environment descriptor '/home/luchino/RT_first_assignment/install/assignment1_rt/share/assignment1_rt/hook/cmake_prefix_path.dsv'
[0.556s] INFO:colcon.colcon_core.shell:Creating environment hook '/home/luchino/RT_first_assignment/install/assignment1_rt/share/assignment1_rt/hook/cmake_prefix_path.sh'
[0.557s] Level 1:colcon.colcon_core.environment:checking '/home/luchino/RT_first_assignment/install/assignment1_rt/lib'
[0.557s] Level 1:colcon.colcon_core.environment:checking '/home/luchino/RT_first_assignment/install/assignment1_rt/bin'
[0.557s] Level 1:colcon.colcon_core.environment:checking '/home/luchino/RT_first_assignment/install/assignment1_rt/lib/pkgconfig/assignment1_rt.pc'
[0.557s] Level 1:colcon.colcon_core.environment:checking '/home/luchino/RT_first_assignment/install/assignment1_rt/lib/python3.12/site-packages'
[0.558s] Level 1:colcon.colcon_core.environment:checking '/home/luchino/RT_first_assignment/install/assignment1_rt/bin'
[0.558s] INFO:colcon.colcon_core.shell:Creating package script '/home/luchino/RT_first_assignment/install/assignment1_rt/share/assignment1_rt/package.ps1'
[0.559s] INFO:colcon.colcon_core.shell:Creating package descriptor '/home/luchino/RT_first_assignment/install/assignment1_rt/share/assignment1_rt/package.dsv'
[0.560s] INFO:colcon.colcon_core.shell:Creating package script '/home/luchino/RT_first_assignment/install/assignment1_rt/share/assignment1_rt/package.sh'
[0.560s] INFO:colcon.colcon_core.shell:Creating package script '/home/luchino/RT_first_assignment/install/assignment1_rt/share/assignment1_rt/package.bash'
[0.561s] INFO:colcon.colcon_core.shell:Creating package script '/home/luchino/RT_first_assignment/install/assignment1_rt/share/assignment1_rt/package.zsh'
[0.561s] Level 1:colcon.colcon_core.environment:create_file_with_runtime_dependencies(/home/luchino/RT_first_assignment/install/assignment1_rt/share/colcon-core/packages/assignment1_rt)
[11.620s] DEBUG:colcon.colcon_core.event_handler.log_command:Invoked command in '/home/luchino/RT_first_assignment/build/prova_rt1' returned '0': CMAKE_PREFIX_PATH=${CMAKE_PREFIX_PATH}:/home/luchino/ros_ws/install/first_package_py:/opt/ros/jazzy /usr/bin/cmake --build /home/luchino/RT_first_assignment/build/prova_rt1 -- -j8 -l8
[11.621s] DEBUG:colcon.colcon_core.event_handler.log_command:Invoking command in '/home/luchino/RT_first_assignment/build/prova_rt1': CMAKE_PREFIX_PATH=${CMAKE_PREFIX_PATH}:/home/luchino/ros_ws/install/first_package_py:/opt/ros/jazzy /usr/bin/cmake --install /home/luchino/RT_first_assignment/build/prova_rt1
[11.640s] Level 1:colcon.colcon_core.environment:create_environment_scripts_only(prova_rt1)
[11.640s] Level 1:colcon.colcon_core.environment:checking '/home/luchino/RT_first_assignment/install/prova_rt1' for CMake module files
[11.642s] DEBUG:colcon.colcon_core.event_handler.log_command:Invoked command in '/home/luchino/RT_first_assignment/build/prova_rt1' returned '0': CMAKE_PREFIX_PATH=${CMAKE_PREFIX_PATH}:/home/luchino/ros_ws/install/first_package_py:/opt/ros/jazzy /usr/bin/cmake --install /home/luchino/RT_first_assignment/build/prova_rt1
[11.642s] Level 1:colcon.colcon_core.environment:checking '/home/luchino/RT_first_assignment/install/prova_rt1' for CMake config files
[11.643s] Level 1:colcon.colcon_core.shell:create_environment_hook('prova_rt1', 'cmake_prefix_path')
[11.643s] INFO:colcon.colcon_core.shell:Creating environment hook '/home/luchino/RT_first_assignment/install/prova_rt1/share/prova_rt1/hook/cmake_prefix_path.ps1'
[11.643s] INFO:colcon.colcon_core.shell:Creating environment descriptor '/home/luchino/RT_first_assignment/install/prova_rt1/share/prova_rt1/hook/cmake_prefix_path.dsv'
[11.644s] INFO:colcon.colcon_core.shell:Creating environment hook '/home/luchino/RT_first_assignment/install/prova_rt1/share/prova_rt1/hook/cmake_prefix_path.sh'
[11.644s] Level 1:colcon.colcon_core.environment:checking '/home/luchino/RT_first_assignment/install/prova_rt1/lib'
[11.645s] Level 1:colcon.colcon_core.environment:checking '/home/luchino/RT_first_assignment/install/prova_rt1/bin'
[11.645s] Level 1:colcon.colcon_core.environment:checking '/home/luchino/RT_first_assignment/install/prova_rt1/lib/pkgconfig/prova_rt1.pc'
[11.645s] Level 1:colcon.colcon_core.environment:checking '/home/luchino/RT_first_assignment/install/prova_rt1/lib/python3.12/site-packages'
[11.645s] Level 1:colcon.colcon_core.environment:checking '/home/luchino/RT_first_assignment/install/prova_rt1/bin'
[11.645s] INFO:colcon.colcon_core.shell:Creating package script '/home/luchino/RT_first_assignment/install/prova_rt1/share/prova_rt1/package.ps1'
[11.646s] INFO:colcon.colcon_core.shell:Creating package descriptor '/home/luchino/RT_first_assignment/install/prova_rt1/share/prova_rt1/package.dsv'
[11.646s] INFO:colcon.colcon_core.shell:Creating package script '/home/luchino/RT_first_assignment/install/prova_rt1/share/prova_rt1/package.sh'
[11.647s] INFO:colcon.colcon_core.shell:Creating package script '/home/luchino/RT_first_assignment/install/prova_rt1/share/prova_rt1/package.bash'
[11.647s] INFO:colcon.colcon_core.shell:Creating package script '/home/luchino/RT_first_assignment/install/prova_rt1/share/prova_rt1/package.zsh'
[11.647s] Level 1:colcon.colcon_core.environment:create_file_with_runtime_dependencies(/home/luchino/RT_first_assignment/install/prova_rt1/share/colcon-core/packages/prova_rt1)
[11.648s] Level 1:colcon.colcon_core.environment:create_environment_scripts_only(prova_rt1)
[11.648s] Level 1:colcon.colcon_core.environment:checking '/home/luchino/RT_first_assignment/install/prova_rt1' for CMake module files
[11.649s] Level 1:colcon.colcon_core.environment:checking '/home/luchino/RT_first_assignment/install/prova_rt1' for CMake config files
[11.649s] Level 1:colcon.colcon_core.shell:create_environment_hook('prova_rt1', 'cmake_prefix_path')
[11.649s] INFO:colcon.colcon_core.shell:Creating environment hook '/home/luchino/RT_first_assignment/install/prova_rt1/share/prova_rt1/hook/cmake_prefix_path.ps1'
[11.650s] INFO:colcon.colcon_core.shell:Creating environment descriptor '/home/luchino/RT_first_assignment/install/prova_rt1/share/prova_rt1/hook/cmake_prefix_path.dsv'
[11.651s] INFO:colcon.colcon_core.shell:Creating environment hook '/home/luchino/RT_first_assignment/install/prova_rt1/share/prova_rt1/hook/cmake_prefix_path.sh'
[11.653s] Level 1:colcon.colcon_core.environment:checking '/home/luchino/RT_first_assignment/install/prova_rt1/lib'
[11.654s] Level 1:colcon.colcon_core.environment:checking '/home/luchino/RT_first_assignment/install/prova_rt1/bin'
[11.654s] Level 1:colcon.colcon_core.environment:checking '/home/luchino/RT_first_assignment/install/prova_rt1/lib/pkgconfig/prova_rt1.pc'
[11.654s] Level 1:colcon.colcon_core.environment:checking '/home/luchino/RT_first_assignment/install/prova_rt1/lib/python3.12/site-packages'
[11.655s] Level 1:colcon.colcon_core.environment:checking '/home/luchino/RT_first_assignment/install/prova_rt1/bin'
[11.655s] INFO:colcon.colcon_core.shell:Creating package script '/home/luchino/RT_first_assignment/install/prova_rt1/share/prova_rt1/package.ps1'
[11.656s] INFO:colcon.colcon_core.shell:Creating package descriptor '/home/luchino/RT_first_assignment/install/prova_rt1/share/prova_rt1/package.dsv'
[11.657s] INFO:colcon.colcon_core.shell:Creating package script '/home/luchino/RT_first_assignment/install/prova_rt1/share/prova_rt1/package.sh'
[11.658s] INFO:colcon.colcon_core.shell:Creating package script '/home/luchino/RT_first_assignment/install/prova_rt1/share/prova_rt1/package.bash'
[11.658s] INFO:colcon.colcon_core.shell:Creating package script '/home/luchino/RT_first_assignment/install/prova_rt1/share/prova_rt1/package.zsh'
[11.659s] Level 1:colcon.colcon_core.environment:create_file_with_runtime_dependencies(/home/luchino/RT_first_assignment/install/prova_rt1/share/colcon-core/packages/prova_rt1)
[11.659s] DEBUG:colcon.colcon_parallel_executor.executor.parallel:closing loop
[11.660s] DEBUG:colcon.colcon_parallel_executor.executor.parallel:loop closed
[11.660s] DEBUG:colcon.colcon_parallel_executor.executor.parallel:run_until_complete finished with '0'
[11.660s] DEBUG:colcon.colcon_core.event_reactor:joining thread
[11.737s] INFO:colcon.colcon_core.plugin_system:Skipping extension 'colcon_notification.desktop_notification.notify_send': Could not find 'notify-send'
[11.737s] INFO:colcon.colcon_core.plugin_system:Skipping extension 'colcon_notification.desktop_notification.terminal_notifier': Not used on non-Darwin systems
[11.737s] INFO:colcon.colcon_core.plugin_system:Skipping extension 'colcon_notification.desktop_notification.win32': Not used on non-Windows systems
[11.737s] INFO:colcon.colcon_notification.desktop_notification:Sending desktop notification using 'notify2'
[11.738s] DEBUG:colcon.colcon_notification.desktop_notification.notify2:Failed to initialize notify2: org.freedesktop.DBus.Error.ServiceUnknown: The name org.freedesktop.Notifications was not provided by any .service files
[11.739s] DEBUG:colcon.colcon_core.event_reactor:joined thread
[11.739s] INFO:colcon.colcon_core.shell:Creating prefix script '/home/luchino/RT_first_assignment/install/local_setup.ps1'
[11.740s] INFO:colcon.colcon_core.shell:Creating prefix util module '/home/luchino/RT_first_assignment/install/_local_setup_util_ps1.py'
[11.741s] INFO:colcon.colcon_core.shell:Creating prefix chain script '/home/luchino/RT_first_assignment/install/setup.ps1'
[11.741s] INFO:colcon.colcon_core.shell:Creating prefix script '/home/luchino/RT_first_assignment/install/local_setup.sh'
[11.742s] INFO:colcon.colcon_core.shell:Creating prefix util module '/home/luchino/RT_first_assignment/install/_local_setup_util_sh.py'
[11.742s] INFO:colcon.colcon_core.shell:Creating prefix chain script '/home/luchino/RT_first_assignment/install/setup.sh'
[11.743s] INFO:colcon.colcon_core.shell:Creating prefix script '/home/luchino/RT_first_assignment/install/local_setup.bash'
[11.743s] INFO:colcon.colcon_core.shell:Creating prefix chain script '/home/luchino/RT_first_assignment/install/setup.bash'
[11.744s] INFO:colcon.colcon_core.shell:Creating prefix script '/home/luchino/RT_first_assignment/install/local_setup.zsh'
[11.745s] INFO:colcon.colcon_core.shell:Creating prefix chain script '/home/luchino/RT_first_assignment/install/setup.zsh'
