[0.258s] DEBUG:colcon:Command line arguments: ['/usr/bin/colcon', 'build']
[0.258s] DEBUG:colcon:Parsed command line arguments: Namespace(log_base=None, log_level=None, verb_name='build', build_base='build', install_base='install', merge_install=False, symlink_install=False, test_result_base=None, continue_on_error=False, executor='parallel', parallel_workers=8, event_handlers=None, ignore_user_meta=False, metas=['./colcon.meta'], base_paths=['.'], packages_ignore=None, packages_ignore_regex=None, paths=None, packages_up_to=None, packages_up_to_regex=None, packages_above=None, packages_above_and_dependencies=None, packages_above_depth=None, packages_select_by_dep=None, packages_skip_by_dep=None, packages_skip_up_to=None, packages_select_build_failed=False, packages_skip_build_finished=False, packages_select_test_failures=False, packages_skip_test_passed=False, packages_select=None, packages_skip=None, packages_select_regex=None, packages_skip_regex=None, packages_start=None, packages_end=None, allow_overriding=[], cmake_args=None, cmake_target=None, cmake_target_skip_unavailable=False, cmake_clean_cache=False, cmake_clean_first=False, cmake_force_configure=False, ament_cmake_args=None, catkin_cmake_args=None, catkin_skip_building_tests=False, mixin_files=None, mixin=None, verb_parser=<colcon_mixin.mixin.mixin_argument.MixinArgumentDecorator object at 0x705c0d053b60>, verb_extension=<colcon_core.verb.build.BuildVerb object at 0x705c0d16ffe0>, main=<bound method BuildVerb.main of <colcon_core.verb.build.BuildVerb object at 0x705c0d16ffe0>>, mixin_verb=('build',))
[0.318s] Level 1:colcon.colcon_core.package_discovery:discover_packages(colcon_meta) check parameters
[0.318s] Level 1:colcon.colcon_core.package_discovery:discover_packages(recursive) check parameters
[0.318s] Level 1:colcon.colcon_core.package_discovery:discover_packages(ignore) check parameters
[0.318s] Level 1:colcon.colcon_core.package_discovery:discover_packages(path) check parameters
[0.318s] Level 1:colcon.colcon_core.package_discovery:discover_packages(colcon_meta) discover
[0.318s] Level 1:colcon.colcon_core.package_discovery:discover_packages(recursive) discover
[0.318s] INFO:colcon.colcon_core.package_discovery:Crawling recursively for packages in '/home/luchino/RT_first_assignment'
[0.318s] Level 1:colcon.colcon_core.package_identification:_identify(.) by extensions ['ignore', 'ignore_ament_install']
[0.318s] Level 1:colcon.colcon_core.package_identification:_identify(.) by extension 'ignore'
[0.319s] Level 1:colcon.colcon_core.package_identification:_identify(.) by extension 'ignore_ament_install'
[0.319s] Level 1:colcon.colcon_core.package_identification:_identify(.) by extensions ['colcon_pkg']
[0.319s] Level 1:colcon.colcon_core.package_identification:_identify(.) by extension 'colcon_pkg'
[0.319s] Level 1:colcon.colcon_core.package_identification:_identify(.) by extensions ['colcon_meta']
[0.319s] Level 1:colcon.colcon_core.package_identification:_identify(.) by extension 'colcon_meta'
[0.319s] Level 1:colcon.colcon_core.package_identification:_identify(.) by extensions ['ros']
[0.319s] Level 1:colcon.colcon_core.package_identification:_identify(.) by extension 'ros'
[0.359s] Level 1:colcon.colcon_core.package_identification:_identify(.) by extensions ['cmake', 'python']
[0.359s] Level 1:colcon.colcon_core.package_identification:_identify(.) by extension 'cmake'
[0.359s] Level 1:colcon.colcon_core.package_identification:_identify(.) by extension 'python'
[0.360s] Level 1:colcon.colcon_core.package_identification:_identify(.) by extensions ['python_setup_py']
[0.360s] Level 1:colcon.colcon_core.package_identification:_identify(.) by extension 'python_setup_py'
[0.360s] Level 1:colcon.colcon_core.package_identification:_identify(build) by extensions ['ignore', 'ignore_ament_install']
[0.360s] Level 1:colcon.colcon_core.package_identification:_identify(build) by extension 'ignore'
[0.360s] Level 1:colcon.colcon_core.package_identification:_identify(build) ignored
[0.361s] Level 1:colcon.colcon_core.package_identification:_identify(install) by extensions ['ignore', 'ignore_ament_install']
[0.361s] Level 1:colcon.colcon_core.package_identification:_identify(install) by extension 'ignore'
[0.361s] Level 1:colcon.colcon_core.package_identification:_identify(install) ignored
[0.361s] Level 1:colcon.colcon_core.package_identification:_identify(log) by extensions ['ignore', 'ignore_ament_install']
[0.362s] Level 1:colcon.colcon_core.package_identification:_identify(log) by extension 'ignore'
[0.362s] Level 1:colcon.colcon_core.package_identification:_identify(log) ignored
[0.362s] Level 1:colcon.colcon_core.package_identification:_identify(src) by extensions ['ignore', 'ignore_ament_install']
[0.362s] Level 1:colcon.colcon_core.package_identification:_identify(src) by extension 'ignore'
[0.362s] Level 1:colcon.colcon_core.package_identification:_identify(src) by extension 'ignore_ament_install'
[0.363s] Level 1:colcon.colcon_core.package_identification:_identify(src) by extensions ['colcon_pkg']
[0.363s] Level 1:colcon.colcon_core.package_identification:_identify(src) by extension 'colcon_pkg'
[0.363s] Level 1:colcon.colcon_core.package_identification:_identify(src) by extensions ['colcon_meta']
[0.363s] Level 1:colcon.colcon_core.package_identification:_identify(src) by extension 'colcon_meta'
[0.363s] Level 1:colcon.colcon_core.package_identification:_identify(src) by extensions ['ros']
[0.363s] Level 1:colcon.colcon_core.package_identification:_identify(src) by extension 'ros'
[0.363s] Level 1:colcon.colcon_core.package_identification:_identify(src) by extensions ['cmake', 'python']
[0.363s] Level 1:colcon.colcon_core.package_identification:_identify(src) by extension 'cmake'
[0.364s] Level 1:colcon.colcon_core.package_identification:_identify(src) by extension 'python'
[0.364s] Level 1:colcon.colcon_core.package_identification:_identify(src) by extensions ['python_setup_py']
[0.364s] Level 1:colcon.colcon_core.package_identification:_identify(src) by extension 'python_setup_py'
[0.364s] Level 1:colcon.colcon_core.package_identification:_identify(src/assignment1_rt) by extensions ['ignore', 'ignore_ament_install']
[0.364s] Level 1:colcon.colcon_core.package_identification:_identify(src/assignment1_rt) by extension 'ignore'
[0.365s] Level 1:colcon.colcon_core.package_identification:_identify(src/assignment1_rt) by extension 'ignore_ament_install'
[0.365s] Level 1:colcon.colcon_core.package_identification:_identify(src/assignment1_rt) by extensions ['colcon_pkg']
[0.365s] Level 1:colcon.colcon_core.package_identification:_identify(src/assignment1_rt) by extension 'colcon_pkg'
[0.365s] Level 1:colcon.colcon_core.package_identification:_identify(src/assignment1_rt) by extensions ['colcon_meta']
[0.365s] Level 1:colcon.colcon_core.package_identification:_identify(src/assignment1_rt) by extension 'colcon_meta'
[0.365s] Level 1:colcon.colcon_core.package_identification:_identify(src/assignment1_rt) by extensions ['ros']
[0.365s] Level 1:colcon.colcon_core.package_identification:_identify(src/assignment1_rt) by extension 'ros'
[0.368s] DEBUG:colcon.colcon_core.package_identification:Package 'src/assignment1_rt' with type 'ros.ament_cmake' and name 'assignment1_rt'
[0.369s] Level 1:colcon.colcon_core.package_identification:_identify(src/prova_rt1) by extensions ['ignore', 'ignore_ament_install']
[0.369s] Level 1:colcon.colcon_core.package_identification:_identify(src/prova_rt1) by extension 'ignore'
[0.369s] Level 1:colcon.colcon_core.package_identification:_identify(src/prova_rt1) by extension 'ignore_ament_install'
[0.369s] Level 1:colcon.colcon_core.package_identification:_identify(src/prova_rt1) by extensions ['colcon_pkg']
[0.369s] Level 1:colcon.colcon_core.package_identification:_identify(src/prova_rt1) by extension 'colcon_pkg'
[0.369s] Level 1:colcon.colcon_core.package_identification:_identify(src/prova_rt1) by extensions ['colcon_meta']
[0.369s] Level 1:colcon.colcon_core.package_identification:_identify(src/prova_rt1) by extension 'colcon_meta'
[0.369s] Level 1:colcon.colcon_core.package_identification:_identify(src/prova_rt1) by extensions ['ros']
[0.369s] Level 1:colcon.colcon_core.package_identification:_identify(src/prova_rt1) by extension 'ros'
[0.370s] DEBUG:colcon.colcon_core.package_identification:Package 'src/prova_rt1' with type 'ros.ament_cmake' and name 'prova_rt1'
[0.370s] Level 1:colcon.colcon_core.package_discovery:discover_packages(recursive) using defaults
[0.370s] Level 1:colcon.colcon_core.package_discovery:discover_packages(ignore) discover
[0.370s] Level 1:colcon.colcon_core.package_discovery:discover_packages(ignore) using defaults
[0.370s] Level 1:colcon.colcon_core.package_discovery:discover_packages(path) discover
[0.370s] Level 1:colcon.colcon_core.package_discovery:discover_packages(path) using defaults
[0.401s] Level 1:colcon.colcon_core.package_discovery:discover_packages(prefix_path) check parameters
[0.401s] Level 1:colcon.colcon_core.package_discovery:discover_packages(prefix_path) discover
[0.403s] DEBUG:colcon.colcon_installed_package_information.package_discovery:Found 2 installed packages in /home/luchino/RT_first_assignment/install
[0.403s] DEBUG:colcon.colcon_installed_package_information.package_discovery:Found 3 installed packages in /home/luchino/ros_ws/install
[0.405s] DEBUG:colcon.colcon_installed_package_information.package_discovery:Found 196 installed packages in /opt/ros/jazzy
[0.405s] Level 1:colcon.colcon_core.package_discovery:discover_packages(prefix_path) using defaults
[0.460s] Level 5:colcon.colcon_core.verb:set package 'assignment1_rt' build argument 'cmake_args' from command line to 'None'
[0.460s] Level 5:colcon.colcon_core.verb:set package 'assignment1_rt' build argument 'cmake_target' from command line to 'None'
[0.460s] Level 5:colcon.colcon_core.verb:set package 'assignment1_rt' build argument 'cmake_target_skip_unavailable' from command line to 'False'
[0.460s] Level 5:colcon.colcon_core.verb:set package 'assignment1_rt' build argument 'cmake_clean_cache' from command line to 'False'
[0.461s] Level 5:colcon.colcon_core.verb:set package 'assignment1_rt' build argument 'cmake_clean_first' from command line to 'False'
[0.461s] Level 5:colcon.colcon_core.verb:set package 'assignment1_rt' build argument 'cmake_force_configure' from command line to 'False'
[0.461s] Level 5:colcon.colcon_core.verb:set package 'assignment1_rt' build argument 'ament_cmake_args' from command line to 'None'
[0.461s] Level 5:colcon.colcon_core.verb:set package 'assignment1_rt' build argument 'catkin_cmake_args' from command line to 'None'
[0.461s] Level 5:colcon.colcon_core.verb:set package 'assignment1_rt' build argument 'catkin_skip_building_tests' from command line to 'False'
[0.461s] DEBUG:colcon.colcon_core.verb:Building package 'assignment1_rt' with the following arguments: {'ament_cmake_args': None, 'build_base': '/home/luchino/RT_first_assignment/build/assignment1_rt', 'catkin_cmake_args': None, 'catkin_skip_building_tests': False, 'cmake_args': None, 'cmake_clean_cache': False, 'cmake_clean_first': False, 'cmake_force_configure': False, 'cmake_target': None, 'cmake_target_skip_unavailable': False, 'install_base': '/home/luchino/RT_first_assignment/install/assignment1_rt', 'merge_install': False, 'path': '/home/luchino/RT_first_assignment/src/assignment1_rt', 'symlink_install': False, 'test_result_base': None}
[0.462s] Level 5:colcon.colcon_core.verb:set package 'prova_rt1' build argument 'cmake_args' from command line to 'None'
[0.462s] Level 5:colcon.colcon_core.verb:set package 'prova_rt1' build argument 'cmake_target' from command line to 'None'
[0.462s] Level 5:colcon.colcon_core.verb:set package 'prova_rt1' build argument 'cmake_target_skip_unavailable' from command line to 'False'
[0.462s] Level 5:colcon.colcon_core.verb:set package 'prova_rt1' build argument 'cmake_clean_cache' from command line to 'False'
[0.462s] Level 5:colcon.colcon_core.verb:set package 'prova_rt1' build argument 'cmake_clean_first' from command line to 'False'
[0.462s] Level 5:colcon.colcon_core.verb:set package 'prova_rt1' build argument 'cmake_force_configure' from command line to 'False'
[0.462s] Level 5:colcon.colcon_core.verb:set package 'prova_rt1' build argument 'ament_cmake_args' from command line to 'None'
[0.462s] Level 5:colcon.colcon_core.verb:set package 'prova_rt1' build argument 'catkin_cmake_args' from command line to 'None'
[0.462s] Level 5:colcon.colcon_core.verb:set package 'prova_rt1' build argument 'catkin_skip_building_tests' from command line to 'False'
[0.462s] DEBUG:colcon.colcon_core.verb:Building package 'prova_rt1' with the following arguments: {'ament_cmake_args': None, 'build_base': '/home/luchino/RT_first_assignment/build/prova_rt1', 'catkin_cmake_args': None, 'catkin_skip_building_tests': False, 'cmake_args': None, 'cmake_clean_cache': False, 'cmake_clean_first': False, 'cmake_force_configure': False, 'cmake_target': None, 'cmake_target_skip_unavailable': False, 'install_base': '/home/luchino/RT_first_assignment/install/prova_rt1', 'merge_install': False, 'path': '/home/luchino/RT_first_assignment/src/prova_rt1', 'symlink_install': False, 'test_result_base': None}
[0.462s] INFO:colcon.colcon_core.executor:Executing jobs using 'parallel' executor
[0.464s] DEBUG:colcon.colcon_parallel_executor.executor.parallel:run_until_complete
[0.465s] INFO:colcon.colcon_ros.task.ament_cmake.build:Building ROS package in '/home/luchino/RT_first_assignment/src/assignment1_rt' with build type 'ament_cmake'
[0.465s] INFO:colcon.colcon_cmake.task.cmake.build:Building CMake package in '/home/luchino/RT_first_assignment/src/assignment1_rt'
[0.473s] INFO:colcon.colcon_core.plugin_system:Skipping extension 'colcon_core.shell.bat': Not used on non-Windows systems
[0.473s] INFO:colcon.colcon_core.shell:Skip shell extension 'powershell' for command environment: Not usable outside of PowerShell
[0.473s] DEBUG:colcon.colcon_core.shell:Skip shell extension 'dsv' for command environment
[0.484s] INFO:colcon.colcon_ros.task.ament_cmake.build:Building ROS package in '/home/luchino/RT_first_assignment/src/prova_rt1' with build type 'ament_cmake'
[0.485s] INFO:colcon.colcon_cmake.task.cmake.build:Building CMake package in '/home/luchino/RT_first_assignment/src/prova_rt1'
[0.486s] INFO:colcon.colcon_core.shell:Skip shell extension 'powershell' for command environment: Not usable outside of PowerShell
[0.486s] DEBUG:colcon.colcon_core.shell:Skip shell extension 'dsv' for command environment
[0.519s] DEBUG:colcon.colcon_core.event_handler.log_command:Invoking command in '/home/luchino/RT_first_assignment/build/assignment1_rt': CMAKE_PREFIX_PATH=${CMAKE_PREFIX_PATH}:/home/luchino/ros_ws/install/first_package_py:/opt/ros/jazzy /usr/bin/cmake --build /home/luchino/RT_first_assignment/build/assignment1_rt -- -j8 -l8
[0.526s] DEBUG:colcon.colcon_core.event_handler.log_command:Invoking command in '/home/luchino/RT_first_assignment/build/prova_rt1': CMAKE_PREFIX_PATH=${CMAKE_PREFIX_PATH}:/home/luchino/ros_ws/install/first_package_py:/opt/ros/jazzy /usr/bin/cmake --build /home/luchino/RT_first_assignment/build/prova_rt1 -- -j8 -l8
[0.628s] DEBUG:colcon.colcon_core.event_handler.log_command:Invoked command in '/home/luchino/RT_first_assignment/build/prova_rt1' returned '0': CMAKE_PREFIX_PATH=${CMAKE_PREFIX_PATH}:/home/luchino/ros_ws/install/first_package_py:/opt/ros/jazzy /usr/bin/cmake --build /home/luchino/RT_first_assignment/build/prova_rt1 -- -j8 -l8
[0.636s] DEBUG:colcon.colcon_core.event_handler.log_command:Invoking command in '/home/luchino/RT_first_assignment/build/prova_rt1': CMAKE_PREFIX_PATH=${CMAKE_PREFIX_PATH}:/home/luchino/ros_ws/install/first_package_py:/opt/ros/jazzy /usr/bin/cmake --install /home/luchino/RT_first_assignment/build/prova_rt1
[0.649s] Level 1:colcon.colcon_core.environment:create_environment_scripts_only(prova_rt1)
[0.650s] DEBUG:colcon.colcon_core.event_handler.log_command:Invoked command in '/home/luchino/RT_first_assignment/build/prova_rt1' returned '0': CMAKE_PREFIX_PATH=${CMAKE_PREFIX_PATH}:/home/luchino/ros_ws/install/first_package_py:/opt/ros/jazzy /usr/bin/cmake --install /home/luchino/RT_first_assignment/build/prova_rt1
[0.652s] Level 1:colcon.colcon_core.environment:checking '/home/luchino/RT_first_assignment/install/prova_rt1' for CMake module files
[0.653s] Level 1:colcon.colcon_core.environment:checking '/home/luchino/RT_first_assignment/install/prova_rt1' for CMake config files
[0.653s] Level 1:colcon.colcon_core.shell:create_environment_hook('prova_rt1', 'cmake_prefix_path')
[0.653s] INFO:colcon.colcon_core.shell:Creating environment hook '/home/luchino/RT_first_assignment/install/prova_rt1/share/prova_rt1/hook/cmake_prefix_path.ps1'
[0.654s] INFO:colcon.colcon_core.shell:Creating environment descriptor '/home/luchino/RT_first_assignment/install/prova_rt1/share/prova_rt1/hook/cmake_prefix_path.dsv'
[0.654s] INFO:colcon.colcon_core.shell:Creating environment hook '/home/luchino/RT_first_assignment/install/prova_rt1/share/prova_rt1/hook/cmake_prefix_path.sh'
[0.655s] Level 1:colcon.colcon_core.environment:checking '/home/luchino/RT_first_assignment/install/prova_rt1/lib'
[0.656s] Level 1:colcon.colcon_core.environment:checking '/home/luchino/RT_first_assignment/install/prova_rt1/bin'
[0.656s] Level 1:colcon.colcon_core.environment:checking '/home/luchino/RT_first_assignment/install/prova_rt1/lib/pkgconfig/prova_rt1.pc'
[0.656s] Level 1:colcon.colcon_core.environment:checking '/home/luchino/RT_first_assignment/install/prova_rt1/lib/python3.12/site-packages'
[0.656s] Level 1:colcon.colcon_core.environment:checking '/home/luchino/RT_first_assignment/install/prova_rt1/bin'
[0.657s] INFO:colcon.colcon_core.shell:Creating package script '/home/luchino/RT_first_assignment/install/prova_rt1/share/prova_rt1/package.ps1'
[0.657s] INFO:colcon.colcon_core.shell:Creating package descriptor '/home/luchino/RT_first_assignment/install/prova_rt1/share/prova_rt1/package.dsv'
[0.658s] INFO:colcon.colcon_core.shell:Creating package script '/home/luchino/RT_first_assignment/install/prova_rt1/share/prova_rt1/package.sh'
[0.659s] INFO:colcon.colcon_core.shell:Creating package script '/home/luchino/RT_first_assignment/install/prova_rt1/share/prova_rt1/package.bash'
[0.660s] INFO:colcon.colcon_core.shell:Creating package script '/home/luchino/RT_first_assignment/install/prova_rt1/share/prova_rt1/package.zsh'
[0.661s] Level 1:colcon.colcon_core.environment:create_file_with_runtime_dependencies(/home/luchino/RT_first_assignment/install/prova_rt1/share/colcon-core/packages/prova_rt1)
[0.662s] Level 1:colcon.colcon_core.environment:create_environment_scripts_only(prova_rt1)
[0.663s] Level 1:colcon.colcon_core.environment:checking '/home/luchino/RT_first_assignment/install/prova_rt1' for CMake module files
[0.663s] Level 1:colcon.colcon_core.environment:checking '/home/luchino/RT_first_assignment/install/prova_rt1' for CMake config files
[0.663s] Level 1:colcon.colcon_core.shell:create_environment_hook('prova_rt1', 'cmake_prefix_path')
[0.664s] INFO:colcon.colcon_core.shell:Creating environment hook '/home/luchino/RT_first_assignment/install/prova_rt1/share/prova_rt1/hook/cmake_prefix_path.ps1'
[0.664s] INFO:colcon.colcon_core.shell:Creating environment descriptor '/home/luchino/RT_first_assignment/install/prova_rt1/share/prova_rt1/hook/cmake_prefix_path.dsv'
[0.665s] INFO:colcon.colcon_core.shell:Creating environment hook '/home/luchino/RT_first_assignment/install/prova_rt1/share/prova_rt1/hook/cmake_prefix_path.sh'
[0.665s] Level 1:colcon.colcon_core.environment:checking '/home/luchino/RT_first_assignment/install/prova_rt1/lib'
[0.665s] Level 1:colcon.colcon_core.environment:checking '/home/luchino/RT_first_assignment/install/prova_rt1/bin'
[0.665s] Level 1:colcon.colcon_core.environment:checking '/home/luchino/RT_first_assignment/install/prova_rt1/lib/pkgconfig/prova_rt1.pc'
[0.665s] Level 1:colcon.colcon_core.environment:checking '/home/luchino/RT_first_assignment/install/prova_rt1/lib/python3.12/site-packages'
[0.666s] Level 1:colcon.colcon_core.environment:checking '/home/luchino/RT_first_assignment/install/prova_rt1/bin'
[0.666s] INFO:colcon.colcon_core.shell:Creating package script '/home/luchino/RT_first_assignment/install/prova_rt1/share/prova_rt1/package.ps1'
[0.666s] INFO:colcon.colcon_core.shell:Creating package descriptor '/home/luchino/RT_first_assignment/install/prova_rt1/share/prova_rt1/package.dsv'
[0.667s] INFO:colcon.colcon_core.shell:Creating package script '/home/luchino/RT_first_assignment/install/prova_rt1/share/prova_rt1/package.sh'
[0.667s] INFO:colcon.colcon_core.shell:Creating package script '/home/luchino/RT_first_assignment/install/prova_rt1/share/prova_rt1/package.bash'
[0.667s] INFO:colcon.colcon_core.shell:Creating package script '/home/luchino/RT_first_assignment/install/prova_rt1/share/prova_rt1/package.zsh'
[0.668s] Level 1:colcon.colcon_core.environment:create_file_with_runtime_dependencies(/home/luchino/RT_first_assignment/install/prova_rt1/share/colcon-core/packages/prova_rt1)
[11.252s] DEBUG:colcon.colcon_core.event_handler.log_command:Invoked command in '/home/luchino/RT_first_assignment/build/assignment1_rt' returned '0': CMAKE_PREFIX_PATH=${CMAKE_PREFIX_PATH}:/home/luchino/ros_ws/install/first_package_py:/opt/ros/jazzy /usr/bin/cmake --build /home/luchino/RT_first_assignment/build/assignment1_rt -- -j8 -l8
[11.254s] DEBUG:colcon.colcon_core.event_handler.log_command:Invoking command in '/home/luchino/RT_first_assignment/build/assignment1_rt': CMAKE_PREFIX_PATH=${CMAKE_PREFIX_PATH}:/home/luchino/ros_ws/install/first_package_py:/opt/ros/jazzy /usr/bin/cmake --install /home/luchino/RT_first_assignment/build/assignment1_rt
[11.273s] Level 1:colcon.colcon_core.environment:create_environment_scripts_only(assignment1_rt)
[11.273s] DEBUG:colcon.colcon_core.event_handler.log_command:Invoked command in '/home/luchino/RT_first_assignment/build/assignment1_rt' returned '0': CMAKE_PREFIX_PATH=${CMAKE_PREFIX_PATH}:/home/luchino/ros_ws/install/first_package_py:/opt/ros/jazzy /usr/bin/cmake --install /home/luchino/RT_first_assignment/build/assignment1_rt
[11.273s] Level 1:colcon.colcon_core.environment:checking '/home/luchino/RT_first_assignment/install/assignment1_rt' for CMake module files
[11.274s] Level 1:colcon.colcon_core.environment:checking '/home/luchino/RT_first_assignment/install/assignment1_rt' for CMake config files
[11.274s] Level 1:colcon.colcon_core.shell:create_environment_hook('assignment1_rt', 'cmake_prefix_path')
[11.275s] INFO:colcon.colcon_core.shell:Creating environment hook '/home/luchino/RT_first_assignment/install/assignment1_rt/share/assignment1_rt/hook/cmake_prefix_path.ps1'
[11.275s] INFO:colcon.colcon_core.shell:Creating environment descriptor '/home/luchino/RT_first_assignment/install/assignment1_rt/share/assignment1_rt/hook/cmake_prefix_path.dsv'
[11.275s] INFO:colcon.colcon_core.shell:Creating environment hook '/home/luchino/RT_first_assignment/install/assignment1_rt/share/assignment1_rt/hook/cmake_prefix_path.sh'
[11.276s] Level 1:colcon.colcon_core.environment:checking '/home/luchino/RT_first_assignment/install/assignment1_rt/lib'
[11.276s] Level 1:colcon.colcon_core.environment:checking '/home/luchino/RT_first_assignment/install/assignment1_rt/bin'
[11.276s] Level 1:colcon.colcon_core.environment:checking '/home/luchino/RT_first_assignment/install/assignment1_rt/lib/pkgconfig/assignment1_rt.pc'
[11.276s] Level 1:colcon.colcon_core.environment:checking '/home/luchino/RT_first_assignment/install/assignment1_rt/lib/python3.12/site-packages'
[11.277s] Level 1:colcon.colcon_core.environment:checking '/home/luchino/RT_first_assignment/install/assignment1_rt/bin'
[11.277s] INFO:colcon.colcon_core.shell:Creating package script '/home/luchino/RT_first_assignment/install/assignment1_rt/share/assignment1_rt/package.ps1'
[11.277s] INFO:colcon.colcon_core.shell:Creating package descriptor '/home/luchino/RT_first_assignment/install/assignment1_rt/share/assignment1_rt/package.dsv'
[11.278s] INFO:colcon.colcon_core.shell:Creating package script '/home/luchino/RT_first_assignment/install/assignment1_rt/share/assignment1_rt/package.sh'
[11.278s] INFO:colcon.colcon_core.shell:Creating package script '/home/luchino/RT_first_assignment/install/assignment1_rt/share/assignment1_rt/package.bash'
[11.279s] INFO:colcon.colcon_core.shell:Creating package script '/home/luchino/RT_first_assignment/install/assignment1_rt/share/assignment1_rt/package.zsh'
[11.279s] Level 1:colcon.colcon_core.environment:create_file_with_runtime_dependencies(/home/luchino/RT_first_assignment/install/assignment1_rt/share/colcon-core/packages/assignment1_rt)
[11.280s] Level 1:colcon.colcon_core.environment:create_environment_scripts_only(assignment1_rt)
[11.280s] Level 1:colcon.colcon_core.environment:checking '/home/luchino/RT_first_assignment/install/assignment1_rt' for CMake module files
[11.281s] Level 1:colcon.colcon_core.environment:checking '/home/luchino/RT_first_assignment/install/assignment1_rt' for CMake config files
[11.281s] Level 1:colcon.colcon_core.shell:create_environment_hook('assignment1_rt', 'cmake_prefix_path')
[11.282s] INFO:colcon.colcon_core.shell:Creating environment hook '/home/luchino/RT_first_assignment/install/assignment1_rt/share/assignment1_rt/hook/cmake_prefix_path.ps1'
[11.283s] INFO:colcon.colcon_core.shell:Creating environment descriptor '/home/luchino/RT_first_assignment/install/assignment1_rt/share/assignment1_rt/hook/cmake_prefix_path.dsv'
[11.283s] INFO:colcon.colcon_core.shell:Creating environment hook '/home/luchino/RT_first_assignment/install/assignment1_rt/share/assignment1_rt/hook/cmake_prefix_path.sh'
[11.284s] Level 1:colcon.colcon_core.environment:checking '/home/luchino/RT_first_assignment/install/assignment1_rt/lib'
[11.284s] Level 1:colcon.colcon_core.environment:checking '/home/luchino/RT_first_assignment/install/assignment1_rt/bin'
[11.284s] Level 1:colcon.colcon_core.environment:checking '/home/luchino/RT_first_assignment/install/assignment1_rt/lib/pkgconfig/assignment1_rt.pc'
[11.285s] Level 1:colcon.colcon_core.environment:checking '/home/luchino/RT_first_assignment/install/assignment1_rt/lib/python3.12/site-packages'
[11.285s] Level 1:colcon.colcon_core.environment:checking '/home/luchino/RT_first_assignment/install/assignment1_rt/bin'
[11.285s] INFO:colcon.colcon_core.shell:Creating package script '/home/luchino/RT_first_assignment/install/assignment1_rt/share/assignment1_rt/package.ps1'
[11.286s] INFO:colcon.colcon_core.shell:Creating package descriptor '/home/luchino/RT_first_assignment/install/assignment1_rt/share/assignment1_rt/package.dsv'
[11.287s] INFO:colcon.colcon_core.shell:Creating package script '/home/luchino/RT_first_assignment/install/assignment1_rt/share/assignment1_rt/package.sh'
[11.288s] INFO:colcon.colcon_core.shell:Creating package script '/home/luchino/RT_first_assignment/install/assignment1_rt/share/assignment1_rt/package.bash'
[11.288s] INFO:colcon.colcon_core.shell:Creating package script '/home/luchino/RT_first_assignment/install/assignment1_rt/share/assignment1_rt/package.zsh'
[11.289s] Level 1:colcon.colcon_core.environment:create_file_with_runtime_dependencies(/home/luchino/RT_first_assignment/install/assignment1_rt/share/colcon-core/packages/assignment1_rt)
[11.289s] DEBUG:colcon.colcon_parallel_executor.executor.parallel:closing loop
[11.290s] DEBUG:colcon.colcon_parallel_executor.executor.parallel:loop closed
[11.290s] DEBUG:colcon.colcon_parallel_executor.executor.parallel:run_until_complete finished with '0'
[11.291s] DEBUG:colcon.colcon_core.event_reactor:joining thread
[11.356s] INFO:colcon.colcon_core.plugin_system:Skipping extension 'colcon_notification.desktop_notification.notify_send': Could not find 'notify-send'
[11.356s] INFO:colcon.colcon_core.plugin_system:Skipping extension 'colcon_notification.desktop_notification.terminal_notifier': Not used on non-Darwin systems
[11.356s] INFO:colcon.colcon_core.plugin_system:Skipping extension 'colcon_notification.desktop_notification.win32': Not used on non-Windows systems
[11.356s] INFO:colcon.colcon_notification.desktop_notification:Sending desktop notification using 'notify2'
[11.357s] DEBUG:colcon.colcon_notification.desktop_notification.notify2:Failed to initialize notify2: org.freedesktop.DBus.Error.ServiceUnknown: The name org.freedesktop.Notifications was not provided by any .service files
[11.357s] DEBUG:colcon.colcon_core.event_reactor:joined thread
[11.358s] INFO:colcon.colcon_core.shell:Creating prefix script '/home/luchino/RT_first_assignment/install/local_setup.ps1'
[11.360s] INFO:colcon.colcon_core.shell:Creating prefix util module '/home/luchino/RT_first_assignment/install/_local_setup_util_ps1.py'
[11.361s] INFO:colcon.colcon_core.shell:Creating prefix chain script '/home/luchino/RT_first_assignment/install/setup.ps1'
[11.362s] INFO:colcon.colcon_core.shell:Creating prefix script '/home/luchino/RT_first_assignment/install/local_setup.sh'
[11.363s] INFO:colcon.colcon_core.shell:Creating prefix util module '/home/luchino/RT_first_assignment/install/_local_setup_util_sh.py'
[11.364s] INFO:colcon.colcon_core.shell:Creating prefix chain script '/home/luchino/RT_first_assignment/install/setup.sh'
[11.365s] INFO:colcon.colcon_core.shell:Creating prefix script '/home/luchino/RT_first_assignment/install/local_setup.bash'
[11.366s] INFO:colcon.colcon_core.shell:Creating prefix chain script '/home/luchino/RT_first_assignment/install/setup.bash'
[11.367s] INFO:colcon.colcon_core.shell:Creating prefix script '/home/luchino/RT_first_assignment/install/local_setup.zsh'
[11.367s] INFO:colcon.colcon_core.shell:Creating prefix chain script '/home/luchino/RT_first_assignment/install/setup.zsh'
