[0.010s] Invoking command in '/home/luchino/RT_first_assignment/build/assignment1_rt': CMAKE_PREFIX_PATH=${CMAKE_PREFIX_PATH}:/home/luchino/ros_ws/install/first_package_py:/opt/ros/jazzy /usr/bin/cmake --build /home/luchino/RT_first_assignment/build/assignment1_rt -- -j8 -l8
[0.043s] -- Found ament_cmake: 2.5.4 (/opt/ros/jazzy/share/ament_cmake/cmake)
[0.284s] -- Found rclcpp: 28.1.12 (/opt/ros/jazzy/share/rclcpp/cmake)
[0.567s] -- Found rosidl_generator_c: 4.6.6 (/opt/ros/jazzy/share/rosidl_generator_c/cmake)
[0.596s] -- Found rosidl_generator_cpp: 4.6.6 (/opt/ros/jazzy/share/rosidl_generator_cpp/cmake)
[0.634s] -- Using all available rosidl_typesupport_c: rosidl_typesupport_fastrtps_c;rosidl_typesupport_introspection_c
[0.665s] -- Using all available rosidl_typesupport_cpp: rosidl_typesupport_fastrtps_cpp;rosidl_typesupport_introspection_cpp
[0.815s] -- Found rmw_implementation_cmake: 7.3.2 (/opt/ros/jazzy/share/rmw_implementation_cmake/cmake)
[0.822s] -- Found rmw_fastrtps_cpp: 8.4.3 (/opt/ros/jazzy/share/rmw_fastrtps_cpp/cmake)
[0.945s] -- Found OpenSSL: /usr/lib/x86_64-linux-gnu/libcrypto.so (found version "3.0.13")  
[1.386s] -- Found FastRTPS: /opt/ros/jazzy/include (Required is at least version "2.13") 
[1.572s] -- Using RMW implementation 'rmw_fastrtps_cpp' as default
[1.954s] -- Found turtlesim: 1.8.3 (/opt/ros/jazzy/share/turtlesim/cmake)
[2.053s] -- Found ament_lint_auto: 0.17.3 (/opt/ros/jazzy/share/ament_lint_auto/cmake)
[2.160s] -- Added test 'cppcheck' to perform static code analysis on C / C++ code
[2.160s] -- Configured cppcheck include dirs: 
[2.160s] -- Configured cppcheck exclude dirs and/or files: 
[2.161s] -- Added test 'flake8' to check Python code syntax and style conventions
[2.161s] -- Configured 'flake8' exclude dirs and/or files: 
[2.161s] -- Added test 'lint_cmake' to check CMake code style
[2.161s] -- Added test 'pep257' to check Python code against some of the docstring style conventions in PEP 257
[2.161s] -- Added test 'uncrustify' to check C / C++ code style
[2.161s] -- Configured uncrustify additional arguments: 
[2.162s] -- Added test 'xmllint' to check XML markup files
[2.162s] -- Configuring done (2.1s)
[2.173s] [0mCMake Error: Cannot determine link language for target "turtle_spawn".[0m
[2.173s] [0mCMake Error: CMake can not determine linker language for target: turtle_spawn[0m
[2.174s] -- Generating done (0.0s)
[2.176s] [0mCMake Generate step failed.  Build files cannot be regenerated correctly.[0m
[2.183s] gmake: *** [Makefile:226: cmake_check_build_system] Error 1
[2.186s] Invoked command in '/home/luchino/RT_first_assignment/build/assignment1_rt' returned '2': CMAKE_PREFIX_PATH=${CMAKE_PREFIX_PATH}:/home/luchino/ros_ws/install/first_package_py:/opt/ros/jazzy /usr/bin/cmake --build /home/luchino/RT_first_assignment/build/assignment1_rt -- -j8 -l8
