[0.495s] DEBUG:colcon:Command line arguments: ['/usr/bin/colcon', 'build']
[0.495s] DEBUG:colcon:Parsed command line arguments: Namespace(log_base=None, log_level=None, verb_name='build', build_base='build', install_base='install', merge_install=False, symlink_install=False, test_result_base=None, continue_on_error=False, executor='parallel', parallel_workers=8, event_handlers=None, ignore_user_meta=False, metas=['./colcon.meta'], base_paths=['.'], packages_ignore=None, packages_ignore_regex=None, paths=None, packages_up_to=None, packages_up_to_regex=None, packages_above=None, packages_above_and_dependencies=None, packages_above_depth=None, packages_select_by_dep=None, packages_skip_by_dep=None, packages_skip_up_to=None, packages_select_build_failed=False, packages_skip_build_finished=False, packages_select_test_failures=False, packages_skip_test_passed=False, packages_select=None, packages_skip=None, packages_select_regex=None, packages_skip_regex=None, packages_start=None, packages_end=None, allow_overriding=[], cmake_args=None, cmake_target=None, cmake_target_skip_unavailable=False, cmake_clean_cache=False, cmake_clean_first=False, cmake_force_configure=False, ament_cmake_args=None, catkin_cmake_args=None, catkin_skip_building_tests=False, mixin_files=None, mixin=None, verb_parser=<colcon_mixin.mixin.mixin_argument.MixinArgumentDecorator object at 0x7c3a9e157950>, verb_extension=<colcon_core.verb.build.BuildVerb object at 0x7c3a9e2a49e0>, main=<bound method BuildVerb.main of <colcon_core.verb.build.BuildVerb object at 0x7c3a9e2a49e0>>, mixin_verb=('build',))
[0.609s] Level 1:colcon.colcon_core.package_discovery:discover_packages(colcon_meta) check parameters
[0.609s] Level 1:colcon.colcon_core.package_discovery:discover_packages(recursive) check parameters
[0.609s] Level 1:colcon.colcon_core.package_discovery:discover_packages(ignore) check parameters
[0.609s] Level 1:colcon.colcon_core.package_discovery:discover_packages(path) check parameters
[0.609s] Level 1:colcon.colcon_core.package_discovery:discover_packages(colcon_meta) discover
[0.610s] Level 1:colcon.colcon_core.package_discovery:discover_packages(recursive) discover
[0.610s] INFO:colcon.colcon_core.package_discovery:Crawling recursively for packages in '/home/luchino/RT_first_assignment'
[0.610s] Level 1:colcon.colcon_core.package_identification:_identify(.) by extensions ['ignore', 'ignore_ament_install']
[0.610s] Level 1:colcon.colcon_core.package_identification:_identify(.) by extension 'ignore'
[0.611s] Level 1:colcon.colcon_core.package_identification:_identify(.) by extension 'ignore_ament_install'
[0.611s] Level 1:colcon.colcon_core.package_identification:_identify(.) by extensions ['colcon_pkg']
[0.611s] Level 1:colcon.colcon_core.package_identification:_identify(.) by extension 'colcon_pkg'
[0.611s] Level 1:colcon.colcon_core.package_identification:_identify(.) by extensions ['colcon_meta']
[0.611s] Level 1:colcon.colcon_core.package_identification:_identify(.) by extension 'colcon_meta'
[0.611s] Level 1:colcon.colcon_core.package_identification:_identify(.) by extensions ['ros']
[0.611s] Level 1:colcon.colcon_core.package_identification:_identify(.) by extension 'ros'
[0.688s] Level 1:colcon.colcon_core.package_identification:_identify(.) by extensions ['cmake', 'python']
[0.689s] Level 1:colcon.colcon_core.package_identification:_identify(.) by extension 'cmake'
[0.689s] Level 1:colcon.colcon_core.package_identification:_identify(.) by extension 'python'
[0.689s] Level 1:colcon.colcon_core.package_identification:_identify(.) by extensions ['python_setup_py']
[0.689s] Level 1:colcon.colcon_core.package_identification:_identify(.) by extension 'python_setup_py'
[0.690s] Level 1:colcon.colcon_core.package_identification:_identify(build) by extensions ['ignore', 'ignore_ament_install']
[0.690s] Level 1:colcon.colcon_core.package_identification:_identify(build) by extension 'ignore'
[0.690s] Level 1:colcon.colcon_core.package_identification:_identify(build) ignored
[0.690s] Level 1:colcon.colcon_core.package_identification:_identify(install) by extensions ['ignore', 'ignore_ament_install']
[0.690s] Level 1:colcon.colcon_core.package_identification:_identify(install) by extension 'ignore'
[0.691s] Level 1:colcon.colcon_core.package_identification:_identify(install) ignored
[0.691s] Level 1:colcon.colcon_core.package_identification:_identify(log) by extensions ['ignore', 'ignore_ament_install']
[0.692s] Level 1:colcon.colcon_core.package_identification:_identify(log) by extension 'ignore'
[0.692s] Level 1:colcon.colcon_core.package_identification:_identify(log) ignored
[0.693s] Level 1:colcon.colcon_core.package_identification:_identify(src) by extensions ['ignore', 'ignore_ament_install']
[0.693s] Level 1:colcon.colcon_core.package_identification:_identify(src) by extension 'ignore'
[0.693s] Level 1:colcon.colcon_core.package_identification:_identify(src) by extension 'ignore_ament_install'
[0.694s] Level 1:colcon.colcon_core.package_identification:_identify(src) by extensions ['colcon_pkg']
[0.694s] Level 1:colcon.colcon_core.package_identification:_identify(src) by extension 'colcon_pkg'
[0.694s] Level 1:colcon.colcon_core.package_identification:_identify(src) by extensions ['colcon_meta']
[0.694s] Level 1:colcon.colcon_core.package_identification:_identify(src) by extension 'colcon_meta'
[0.694s] Level 1:colcon.colcon_core.package_identification:_identify(src) by extensions ['ros']
[0.694s] Level 1:colcon.colcon_core.package_identification:_identify(src) by extension 'ros'
[0.694s] Level 1:colcon.colcon_core.package_identification:_identify(src) by extensions ['cmake', 'python']
[0.694s] Level 1:colcon.colcon_core.package_identification:_identify(src) by extension 'cmake'
[0.695s] Level 1:colcon.colcon_core.package_identification:_identify(src) by extension 'python'
[0.695s] Level 1:colcon.colcon_core.package_identification:_identify(src) by extensions ['python_setup_py']
[0.695s] Level 1:colcon.colcon_core.package_identification:_identify(src) by extension 'python_setup_py'
[0.695s] Level 1:colcon.colcon_core.package_identification:_identify(src/assignment1_rt) by extensions ['ignore', 'ignore_ament_install']
[0.696s] Level 1:colcon.colcon_core.package_identification:_identify(src/assignment1_rt) by extension 'ignore'
[0.696s] Level 1:colcon.colcon_core.package_identification:_identify(src/assignment1_rt) by extension 'ignore_ament_install'
[0.696s] Level 1:colcon.colcon_core.package_identification:_identify(src/assignment1_rt) by extensions ['colcon_pkg']
[0.696s] Level 1:colcon.colcon_core.package_identification:_identify(src/assignment1_rt) by extension 'colcon_pkg'
[0.696s] Level 1:colcon.colcon_core.package_identification:_identify(src/assignment1_rt) by extensions ['colcon_meta']
[0.696s] Level 1:colcon.colcon_core.package_identification:_identify(src/assignment1_rt) by extension 'colcon_meta'
[0.696s] Level 1:colcon.colcon_core.package_identification:_identify(src/assignment1_rt) by extensions ['ros']
[0.696s] Level 1:colcon.colcon_core.package_identification:_identify(src/assignment1_rt) by extension 'ros'
[0.703s] DEBUG:colcon.colcon_core.package_identification:Package 'src/assignment1_rt' with type 'ros.ament_cmake' and name 'assignment1_rt'
[0.703s] Level 1:colcon.colcon_core.package_discovery:discover_packages(recursive) using defaults
[0.703s] Level 1:colcon.colcon_core.package_discovery:discover_packages(ignore) discover
[0.704s] Level 1:colcon.colcon_core.package_discovery:discover_packages(ignore) using defaults
[0.704s] Level 1:colcon.colcon_core.package_discovery:discover_packages(path) discover
[0.704s] Level 1:colcon.colcon_core.package_discovery:discover_packages(path) using defaults
[0.753s] Level 1:colcon.colcon_core.package_discovery:discover_packages(prefix_path) check parameters
[0.753s] Level 1:colcon.colcon_core.package_discovery:discover_packages(prefix_path) discover
[0.758s] DEBUG:colcon.colcon_installed_package_information.package_discovery:Found 2 installed packages in /home/luchino/RT_first_assignment/install
[0.759s] DEBUG:colcon.colcon_installed_package_information.package_discovery:Found 3 installed packages in /home/luchino/ros_ws/install
[0.762s] DEBUG:colcon.colcon_installed_package_information.package_discovery:Found 196 installed packages in /opt/ros/jazzy
[0.763s] Level 1:colcon.colcon_core.package_discovery:discover_packages(prefix_path) using defaults
[0.806s] Level 5:colcon.colcon_core.verb:set package 'assignment1_rt' build argument 'cmake_args' from command line to 'None'
[0.806s] Level 5:colcon.colcon_core.verb:set package 'assignment1_rt' build argument 'cmake_target' from command line to 'None'
[0.806s] Level 5:colcon.colcon_core.verb:set package 'assignment1_rt' build argument 'cmake_target_skip_unavailable' from command line to 'False'
[0.806s] Level 5:colcon.colcon_core.verb:set package 'assignment1_rt' build argument 'cmake_clean_cache' from command line to 'False'
[0.806s] Level 5:colcon.colcon_core.verb:set package 'assignment1_rt' build argument 'cmake_clean_first' from command line to 'False'
[0.807s] Level 5:colcon.colcon_core.verb:set package 'assignment1_rt' build argument 'cmake_force_configure' from command line to 'False'
[0.807s] Level 5:colcon.colcon_core.verb:set package 'assignment1_rt' build argument 'ament_cmake_args' from command line to 'None'
[0.807s] Level 5:colcon.colcon_core.verb:set package 'assignment1_rt' build argument 'catkin_cmake_args' from command line to 'None'
[0.807s] Level 5:colcon.colcon_core.verb:set package 'assignment1_rt' build argument 'catkin_skip_building_tests' from command line to 'False'
[0.807s] DEBUG:colcon.colcon_core.verb:Building package 'assignment1_rt' with the following arguments: {'ament_cmake_args': None, 'build_base': '/home/luchino/RT_first_assignment/build/assignment1_rt', 'catkin_cmake_args': None, 'catkin_skip_building_tests': False, 'cmake_args': None, 'cmake_clean_cache': False, 'cmake_clean_first': False, 'cmake_force_configure': False, 'cmake_target': None, 'cmake_target_skip_unavailable': False, 'install_base': '/home/luchino/RT_first_assignment/install/assignment1_rt', 'merge_install': False, 'path': '/home/luchino/RT_first_assignment/src/assignment1_rt', 'symlink_install': False, 'test_result_base': None}
[0.807s] INFO:colcon.colcon_core.executor:Executing jobs using 'parallel' executor
[0.808s] DEBUG:colcon.colcon_parallel_executor.executor.parallel:run_until_complete
[0.808s] INFO:colcon.colcon_ros.task.ament_cmake.build:Building ROS package in '/home/luchino/RT_first_assignment/src/assignment1_rt' with build type 'ament_cmake'
[0.809s] INFO:colcon.colcon_cmake.task.cmake.build:Building CMake package in '/home/luchino/RT_first_assignment/src/assignment1_rt'
[0.812s] INFO:colcon.colcon_core.plugin_system:Skipping extension 'colcon_core.shell.bat': Not used on non-Windows systems
[0.812s] INFO:colcon.colcon_core.shell:Skip shell extension 'powershell' for command environment: Not usable outside of PowerShell
[0.812s] DEBUG:colcon.colcon_core.shell:Skip shell extension 'dsv' for command environment
[0.828s] DEBUG:colcon.colcon_core.event_handler.log_command:Invoking command in '/home/luchino/RT_first_assignment/build/assignment1_rt': CMAKE_PREFIX_PATH=${CMAKE_PREFIX_PATH}:/home/luchino/ros_ws/install/first_package_py:/opt/ros/jazzy /usr/bin/cmake --build /home/luchino/RT_first_assignment/build/assignment1_rt -- -j8 -l8
[7.614s] DEBUG:colcon.colcon_core.event_handler.log_command:Invoked command in '/home/luchino/RT_first_assignment/build/assignment1_rt' returned '2': CMAKE_PREFIX_PATH=${CMAKE_PREFIX_PATH}:/home/luchino/ros_ws/install/first_package_py:/opt/ros/jazzy /usr/bin/cmake --build /home/luchino/RT_first_assignment/build/assignment1_rt -- -j8 -l8
[7.615s] Level 1:colcon.colcon_core.environment:create_environment_scripts_only(assignment1_rt)
[7.618s] Level 1:colcon.colcon_core.environment:checking '/home/luchino/RT_first_assignment/install/assignment1_rt' for CMake module files
[7.619s] Level 1:colcon.colcon_core.environment:checking '/home/luchino/RT_first_assignment/install/assignment1_rt' for CMake config files
[7.619s] Level 1:colcon.colcon_core.shell:create_environment_hook('assignment1_rt', 'cmake_prefix_path')
[7.620s] INFO:colcon.colcon_core.shell:Creating environment hook '/home/luchino/RT_first_assignment/install/assignment1_rt/share/assignment1_rt/hook/cmake_prefix_path.ps1'
[7.621s] INFO:colcon.colcon_core.shell:Creating environment descriptor '/home/luchino/RT_first_assignment/install/assignment1_rt/share/assignment1_rt/hook/cmake_prefix_path.dsv'
[7.622s] INFO:colcon.colcon_core.shell:Creating environment hook '/home/luchino/RT_first_assignment/install/assignment1_rt/share/assignment1_rt/hook/cmake_prefix_path.sh'
[7.623s] Level 1:colcon.colcon_core.environment:checking '/home/luchino/RT_first_assignment/install/assignment1_rt/lib'
[7.623s] Level 1:colcon.colcon_core.environment:checking '/home/luchino/RT_first_assignment/install/assignment1_rt/bin'
[7.623s] Level 1:colcon.colcon_core.environment:checking '/home/luchino/RT_first_assignment/install/assignment1_rt/lib/pkgconfig/assignment1_rt.pc'
[7.624s] Level 1:colcon.colcon_core.environment:checking '/home/luchino/RT_first_assignment/install/assignment1_rt/lib/python3.12/site-packages'
[7.624s] Level 1:colcon.colcon_core.environment:checking '/home/luchino/RT_first_assignment/install/assignment1_rt/bin'
[7.624s] INFO:colcon.colcon_core.shell:Creating package script '/home/luchino/RT_first_assignment/install/assignment1_rt/share/assignment1_rt/package.ps1'
[7.625s] INFO:colcon.colcon_core.shell:Creating package descriptor '/home/luchino/RT_first_assignment/install/assignment1_rt/share/assignment1_rt/package.dsv'
[7.626s] INFO:colcon.colcon_core.shell:Creating package script '/home/luchino/RT_first_assignment/install/assignment1_rt/share/assignment1_rt/package.sh'
[7.627s] INFO:colcon.colcon_core.shell:Creating package script '/home/luchino/RT_first_assignment/install/assignment1_rt/share/assignment1_rt/package.bash'
[7.628s] INFO:colcon.colcon_core.shell:Creating package script '/home/luchino/RT_first_assignment/install/assignment1_rt/share/assignment1_rt/package.zsh'
[7.628s] Level 1:colcon.colcon_core.environment:create_file_with_runtime_dependencies(/home/luchino/RT_first_assignment/install/assignment1_rt/share/colcon-core/packages/assignment1_rt)
[7.639s] DEBUG:colcon.colcon_parallel_executor.executor.parallel:closing loop
[7.640s] DEBUG:colcon.colcon_parallel_executor.executor.parallel:loop closed
[7.640s] DEBUG:colcon.colcon_parallel_executor.executor.parallel:run_until_complete finished with '2'
[7.640s] DEBUG:colcon.colcon_core.event_reactor:joining thread
[7.824s] INFO:colcon.colcon_core.plugin_system:Skipping extension 'colcon_notification.desktop_notification.notify_send': Could not find 'notify-send'
[7.825s] INFO:colcon.colcon_core.plugin_system:Skipping extension 'colcon_notification.desktop_notification.terminal_notifier': Not used on non-Darwin systems
[7.825s] INFO:colcon.colcon_core.plugin_system:Skipping extension 'colcon_notification.desktop_notification.win32': Not used on non-Windows systems
[7.825s] INFO:colcon.colcon_notification.desktop_notification:Sending desktop notification using 'notify2'
[7.830s] DEBUG:colcon.colcon_notification.desktop_notification.notify2:Failed to initialize notify2: org.freedesktop.DBus.Error.ServiceUnknown: The name org.freedesktop.Notifications was not provided by any .service files
[7.830s] DEBUG:colcon.colcon_core.event_reactor:joined thread
[7.831s] INFO:colcon.colcon_core.shell:Creating prefix script '/home/luchino/RT_first_assignment/install/local_setup.ps1'
[7.833s] INFO:colcon.colcon_core.shell:Creating prefix util module '/home/luchino/RT_first_assignment/install/_local_setup_util_ps1.py'
[7.836s] INFO:colcon.colcon_core.shell:Creating prefix chain script '/home/luchino/RT_first_assignment/install/setup.ps1'
[7.839s] INFO:colcon.colcon_core.shell:Creating prefix script '/home/luchino/RT_first_assignment/install/local_setup.sh'
[7.841s] INFO:colcon.colcon_core.shell:Creating prefix util module '/home/luchino/RT_first_assignment/install/_local_setup_util_sh.py'
[7.842s] INFO:colcon.colcon_core.shell:Creating prefix chain script '/home/luchino/RT_first_assignment/install/setup.sh'
[7.844s] INFO:colcon.colcon_core.shell:Creating prefix script '/home/luchino/RT_first_assignment/install/local_setup.bash'
[7.845s] INFO:colcon.colcon_core.shell:Creating prefix chain script '/home/luchino/RT_first_assignment/install/setup.bash'
[7.849s] INFO:colcon.colcon_core.shell:Creating prefix script '/home/luchino/RT_first_assignment/install/local_setup.zsh'
[7.850s] INFO:colcon.colcon_core.shell:Creating prefix chain script '/home/luchino/RT_first_assignment/install/setup.zsh'
