[0.010s] Invoking command in '/home/luchino/RT_first_assignment/build/assignment1_rt': CMAKE_PREFIX_PATH=${CMAKE_PREFIX_PATH}:/home/luchino/ros_ws/install/first_package_py:/opt/ros/jazzy /usr/bin/cmake --build /home/luchino/RT_first_assignment/build/assignment1_rt -- -j8 -l8
[0.068s] [ 25%] [32mBuilding CXX object CMakeFiles/distance.dir/src/distance_node.cpp.o[0m
[0.073s] [ 50%] [32mBuilding CXX object CMakeFiles/ui.dir/src/ui_node.cpp.o[0m
[9.902s] [ 75%] [32m[1mLinking CXX executable ui[0m
[10.312s] [ 75%] Built target ui
[10.443s] [100%] [32m[1mLinking CXX executable distance[0m
[10.938s] [100%] Built target distance
[10.948s] Invoked command in '/home/luchino/RT_first_assignment/build/assignment1_rt' returned '0': CMAKE_PREFIX_PATH=${CMAKE_PREFIX_PATH}:/home/luchino/ros_ws/install/first_package_py:/opt/ros/jazzy /usr/bin/cmake --build /home/luchino/RT_first_assignment/build/assignment1_rt -- -j8 -l8
[10.958s] Invoking command in '/home/luchino/RT_first_assignment/build/assignment1_rt': CMAKE_PREFIX_PATH=${CMAKE_PREFIX_PATH}:/home/luchino/ros_ws/install/first_package_py:/opt/ros/jazzy /usr/bin/cmake --install /home/luchino/RT_first_assignment/build/assignment1_rt
[10.964s] -- Install configuration: ""
[10.964s] -- Installing: /home/luchino/RT_first_assignment/install/assignment1_rt/lib/assignment1_rt/ui
[10.970s] -- Set non-toolchain portion of runtime path of "/home/luchino/RT_first_assignment/install/assignment1_rt/lib/assignment1_rt/ui" to ""
[10.970s] -- Installing: /home/luchino/RT_first_assignment/install/assignment1_rt/lib/assignment1_rt/distance
[10.976s] -- Set non-toolchain portion of runtime path of "/home/luchino/RT_first_assignment/install/assignment1_rt/lib/assignment1_rt/distance" to ""
[10.976s] -- Up-to-date: /home/luchino/RT_first_assignment/install/assignment1_rt/lib/assignment1_rt/turtle_spawn.py
[10.976s] -- Up-to-date: /home/luchino/RT_first_assignment/install/assignment1_rt/share/ament_index/resource_index/package_run_dependencies/assignment1_rt
[10.976s] -- Up-to-date: /home/luchino/RT_first_assignment/install/assignment1_rt/share/ament_index/resource_index/parent_prefix_path/assignment1_rt
[10.977s] -- Up-to-date: /home/luchino/RT_first_assignment/install/assignment1_rt/share/assignment1_rt/environment/ament_prefix_path.sh
[10.977s] -- Up-to-date: /home/luchino/RT_first_assignment/install/assignment1_rt/share/assignment1_rt/environment/ament_prefix_path.dsv
[10.977s] -- Up-to-date: /home/luchino/RT_first_assignment/install/assignment1_rt/share/assignment1_rt/environment/path.sh
[10.977s] -- Up-to-date: /home/luchino/RT_first_assignment/install/assignment1_rt/share/assignment1_rt/environment/path.dsv
[10.977s] -- Up-to-date: /home/luchino/RT_first_assignment/install/assignment1_rt/share/assignment1_rt/local_setup.bash
[10.977s] -- Up-to-date: /home/luchino/RT_first_assignment/install/assignment1_rt/share/assignment1_rt/local_setup.sh
[10.977s] -- Up-to-date: /home/luchino/RT_first_assignment/install/assignment1_rt/share/assignment1_rt/local_setup.zsh
[10.977s] -- Up-to-date: /home/luchino/RT_first_assignment/install/assignment1_rt/share/assignment1_rt/local_setup.dsv
[10.978s] -- Installing: /home/luchino/RT_first_assignment/install/assignment1_rt/share/assignment1_rt/package.dsv
[10.978s] -- Up-to-date: /home/luchino/RT_first_assignment/install/assignment1_rt/share/ament_index/resource_index/packages/assignment1_rt
[10.978s] -- Up-to-date: /home/luchino/RT_first_assignment/install/assignment1_rt/share/assignment1_rt/cmake/assignment1_rtConfig.cmake
[10.978s] -- Up-to-date: /home/luchino/RT_first_assignment/install/assignment1_rt/share/assignment1_rt/cmake/assignment1_rtConfig-version.cmake
[10.978s] -- Up-to-date: /home/luchino/RT_first_assignment/install/assignment1_rt/share/assignment1_rt/package.xml
[10.979s] Invoked command in '/home/luchino/RT_first_assignment/build/assignment1_rt' returned '0': CMAKE_PREFIX_PATH=${CMAKE_PREFIX_PATH}:/home/luchino/ros_ws/install/first_package_py:/opt/ros/jazzy /usr/bin/cmake --install /home/luchino/RT_first_assignment/build/assignment1_rt
