[0.013s] Invoking command in '/home/luchino/RT_first_assignment/build/assignment1_rt': CMAKE_PREFIX_PATH=${CMAKE_PREFIX_PATH}:/home/luchino/ros_ws/install/first_package_py:/opt/ros/jazzy /usr/bin/cmake --build /home/luchino/RT_first_assignment/build/assignment1_rt -- -j8 -l8
[0.073s] [ 25%] [32mBuilding CXX object CMakeFiles/distance.dir/src/distance_node.cpp.o[0m
[0.078s] [ 50%] [32mBuilding CXX object CMakeFiles/ui.dir/src/ui_node.cpp.o[0m
[2.568s] [01m[K/home/luchino/RT_first_assignment/src/assignment1_rt/src/distance_node.cpp:71:48:[m[K [01;31m[Kerror: [m[K‘[01m[KInt8[m[K’ in namespace ‘[01m[Kstd_msgs::msg[m[K’ does not name a type
[2.569s]    71 |         void turtle_moved(const std_msgs::msg::[01;31m[KInt8[m[K::SharedPtr msg){
[2.569s]       |                                                [01;31m[K^~~~[m[K
[2.569s] [01m[K/home/luchino/RT_first_assignment/src/assignment1_rt/src/distance_node.cpp:71:64:[m[K [01;31m[Kerror: [m[Kexpected unqualified-id before ‘[01m[Kmsg[m[K’
[2.569s]    71 |         void turtle_moved(const std_msgs::msg::Int8::SharedPtr [01;31m[Kmsg[m[K){
[2.569s]       |                                                                [01;31m[K^~~[m[K
[2.569s] [01m[K/home/luchino/RT_first_assignment/src/assignment1_rt/src/distance_node.cpp:71:63:[m[K [01;31m[Kerror: [m[Kexpected ‘[01m[K)[m[K’ before ‘[01m[Kmsg[m[K’
[2.569s]    71 |         void turtle_moved[34m[K([m[Kconst std_msgs::msg::Int8::SharedPtr[01;31m[K [m[K[32m[Kmsg[m[K){
[2.569s]       |                          [34m[K~[m[K                                    [01;31m[K^[m[K[32m[K~~~[m[K
[2.569s]       |                                                               [32m[K)[m[K
[2.570s] [01m[K/home/luchino/RT_first_assignment/src/assignment1_rt/src/distance_node.cpp:71:54:[m[K [01;31m[Kerror: [m[Kexpected ‘[01m[K;[m[K’ at end of member declaration
[2.570s]    71 |         void turtle_moved(const std_msgs::msg::Int8::[01;31m[KSharedPtr[m[K msg){
[2.571s]       |                                                      [01;31m[K^~~~~~~~~[m[K
[2.571s]       |                                                               [32m[K;[m[K
[2.572s] [01m[K/home/luchino/RT_first_assignment/src/assignment1_rt/src/distance_node.cpp:71:64:[m[K [01;31m[Kerror: [m[K‘[01m[Kmsg[m[K’ does not name a type
[2.572s]    71 |         void turtle_moved(const std_msgs::msg::Int8::SharedPtr [01;31m[Kmsg[m[K){
[2.572s]       |                                                                [01;31m[K^~~[m[K
[2.603s] [01m[K/home/luchino/RT_first_assignment/src/assignment1_rt/src/distance_node.cpp:102:24:[m[K [01;31m[Kerror: [m[K‘[01m[KInt8[m[K’ in namespace ‘[01m[Kstd_msgs::msg[m[K’ does not name a type
[2.603s]   102 |         std_msgs::msg::[01;31m[KInt8[m[K id_turtle_moved;
[2.603s]       |                        [01;31m[K^~~~[m[K
[2.611s] [01m[K/home/luchino/RT_first_assignment/src/assignment1_rt/src/ui_node.cpp:[m[K In member function ‘[01m[Kvoid Input_Controller::[01;32m[Kinput_timer_callback[m[K()[m[K’:
[2.611s] [01m[K/home/luchino/RT_first_assignment/src/assignment1_rt/src/ui_node.cpp:72:49:[m[K [01;31m[Kerror: [m[Kno matching function for call to ‘[01m[Krclcpp::Publisher<std_msgs::msg::Int8_<std::allocator<void> > >::publish(int&)[m[K’
[2.611s]    72 |                     [01;31m[Kid_moved_turtle_pub->publish(moving_turtle_)[m[K;
[2.611s]       |                     [01;31m[K~~~~~~~~~~~~~~~~~~~~~~~~~~~~^~~~~~~~~~~~~~~~[m[K
[2.611s] In file included from [01m[K/opt/ros/jazzy/include/rclcpp/rclcpp/topic_statistics/subscription_topic_statistics.hpp:31[m[K,
[2.612s]                  from [01m[K/opt/ros/jazzy/include/rclcpp/rclcpp/subscription.hpp:50[m[K,
[2.612s]                  from [01m[K/opt/ros/jazzy/include/rclcpp/rclcpp/any_executable.hpp:25[m[K,
[2.612s]                  from [01m[K/opt/ros/jazzy/include/rclcpp/rclcpp/memory_strategy.hpp:25[m[K,
[2.613s]                  from [01m[K/opt/ros/jazzy/include/rclcpp/rclcpp/memory_strategies.hpp:18[m[K,
[2.613s]                  from [01m[K/opt/ros/jazzy/include/rclcpp/rclcpp/executor_options.hpp:22[m[K,
[2.613s]                  from [01m[K/opt/ros/jazzy/include/rclcpp/rclcpp/executor.hpp:38[m[K,
[2.613s]                  from [01m[K/opt/ros/jazzy/include/rclcpp/rclcpp/executors/multi_threaded_executor.hpp:25[m[K,
[2.613s]                  from [01m[K/opt/ros/jazzy/include/rclcpp/rclcpp/executors.hpp:21[m[K,
[2.614s]                  from [01m[K/opt/ros/jazzy/include/rclcpp/rclcpp/rclcpp.hpp:172[m[K,
[2.614s]                  from [01m[K/home/luchino/RT_first_assignment/src/assignment1_rt/src/ui_node.cpp:1[m[K:
[2.614s] [01m[K/opt/ros/jazzy/include/rclcpp/rclcpp/publisher.hpp:242:3:[m[K [01;36m[Knote: [m[Kcandidate: ‘[01m[Ktemplate<class T> std::enable_if_t<(rosidl_generator_traits::is_message<T>::value && std::is_same<T, typename rclcpp::TypeAdapter<MessageT>::ros_message_type>::value)> rclcpp::Publisher<MessageT, AllocatorT>::[01;32m[Kpublish[m[K(std::unique_ptr<T, typename std::conditional<std::is_same<typename std::allocator_traits<typename std::allocator_traits<_Allocator>::rebind_traits<typename rclcpp::TypeAdapter<MessageT, void, void>::ros_message_type>::allocator_type>::rebind_alloc<typename rclcpp::TypeAdapter<MessageT, void, void>::ros_message_type>, std::allocator<typename rclcpp::TypeAdapter<MessageT>::ros_message_type> >::value, std::default_delete<typename rclcpp::TypeAdapter<MessageT>::ros_message_type>, rclcpp::allocator::AllocatorDeleter<typename std::allocator_traits<_Allocator>::rebind_traits<typename rclcpp::TypeAdapter<MessageT, void, void>::ros_message_type>::allocator_type> >::type>) [35m[K[with MessageT = std_msgs::msg::Int8_<std::allocator<void> >; AllocatorT = std::allocator<void>][m[K[m[K’
[2.614s]   242 |   [01;36m[Kpublish[m[K(std::unique_ptr<T, ROSMessageTypeDeleter> msg)
[2.614s]       |   [01;36m[K^~~~~~~[m[K
[2.614s] [01m[K/opt/ros/jazzy/include/rclcpp/rclcpp/publisher.hpp:242:3:[m[K [01;36m[Knote: [m[K  template argument deduction/substitution failed:
[2.614s] [01m[K/home/luchino/RT_first_assignment/src/assignment1_rt/src/ui_node.cpp:72:49:[m[K [01;36m[Knote: [m[K  mismatched types ‘[01m[Kstd::unique_ptr<T, std::default_delete<std_msgs::msg::Int8_<std::allocator<void> > > >[m[K’ and ‘[01m[Kint[m[K’
[2.614s]    72 |                     [01;36m[Kid_moved_turtle_pub->publish(moving_turtle_)[m[K;
[2.614s]       |                     [01;36m[K~~~~~~~~~~~~~~~~~~~~~~~~~~~~^~~~~~~~~~~~~~~~[m[K
[2.614s] [01m[K/opt/ros/jazzy/include/rclcpp/rclcpp/publisher.hpp:296:3:[m[K [01;36m[Knote: [m[Kcandidate: ‘[01m[Ktemplate<class T> std::enable_if_t<(rosidl_generator_traits::is_message<T>::value && std::is_same<T, typename rclcpp::TypeAdapter<MessageT>::ros_message_type>::value)> rclcpp::Publisher<MessageT, AllocatorT>::[01;32m[Kpublish[m[K(const T&) [35m[K[with MessageT = std_msgs::msg::Int8_<std::allocator<void> >; AllocatorT = std::allocator<void>][m[K[m[K’
[2.615s]   296 |   [01;36m[Kpublish[m[K(const T & msg)
[2.615s]       |   [01;36m[K^~~~~~~[m[K
[2.615s] [01m[K/opt/ros/jazzy/include/rclcpp/rclcpp/publisher.hpp:296:3:[m[K [01;36m[Knote: [m[K  template argument deduction/substitution failed:
[2.615s] In file included from [01m[K/usr/include/c++/13/bits/move.h:37[m[K,
[2.615s]                  from [01m[K/usr/include/c++/13/bits/new_allocator.h:36[m[K,
[2.615s]                  from [01m[K/usr/include/x86_64-linux-gnu/c++/13/bits/c++allocator.h:33[m[K,
[2.615s]                  from [01m[K/usr/include/c++/13/bits/allocator.h:46[m[K,
[2.615s]                  from [01m[K/usr/include/c++/13/memory:65[m[K,
[2.615s]                  from [01m[K/opt/ros/jazzy/include/rclcpp/rclcpp/rclcpp.hpp:169[m[K:
[2.616s] /usr/include/c++/13/type_traits: In substitution of ‘[01m[Ktemplate<bool _Cond, class _Tp> using std::enable_if_t = typename std::enable_if::type [35m[K[with bool _Cond = false; _Tp = void][m[K[m[K’:
[2.616s] [01m[K/opt/ros/jazzy/include/rclcpp/rclcpp/publisher.hpp:296:3:[m[K   required by substitution of ‘[01m[Ktemplate<class T> std::enable_if_t<(rosidl_generator_traits::is_message<T>::value && std::is_same<T, std_msgs::msg::Int8_<std::allocator<void> > >::value), void> rclcpp::Publisher<std_msgs::msg::Int8_<std::allocator<void> > >::[01;32m[Kpublish[m[K(const T&) [35m[K[with T = int][m[K[m[K’
[2.616s] [01m[K/home/luchino/RT_first_assignment/src/assignment1_rt/src/ui_node.cpp:72:49:[m[K   required from here
[2.616s] [01m[K/usr/include/c++/13/type_traits:2610:11:[m[K [01;31m[Kerror: [m[Kno type named ‘[01m[Ktype[m[K’ in ‘[01m[Kstruct std::enable_if<false, void>[m[K’
[2.616s]  2610 |     using [01;31m[Kenable_if_t[m[K = typename enable_if<_Cond, _Tp>::type;
[2.616s]       |           [01;31m[K^~~~~~~~~~~[m[K
[2.616s] [01m[K/opt/ros/jazzy/include/rclcpp/rclcpp/publisher.hpp:326:3:[m[K [01;36m[Knote: [m[Kcandidate: ‘[01m[Ktemplate<class T> std::enable_if_t<(typename rclcpp::TypeAdapter<MessageT>::is_specialized::value && std::is_same<T, typename rclcpp::TypeAdapter<MessageT>::custom_type>::value)> rclcpp::Publisher<MessageT, AllocatorT>::[01;32m[Kpublish[m[K(std::unique_ptr<T, typename std::conditional<std::is_same<typename std::allocator_traits<typename std::allocator_traits<_Allocator>::rebind_traits<typename rclcpp::TypeAdapter<MessageT, void, void>::custom_type>::allocator_type>::rebind_alloc<typename rclcpp::TypeAdapter<MessageT, void, void>::custom_type>, std::allocator<typename rclcpp::TypeAdapter<MessageT>::custom_type> >::value, std::default_delete<typename rclcpp::TypeAdapter<MessageT>::custom_type>, rclcpp::allocator::AllocatorDeleter<typename std::allocator_traits<_Allocator>::rebind_traits<typename rclcpp::TypeAdapter<MessageT, void, void>::custom_type>::allocator_type> >::type>) [35m[K[with MessageT = std_msgs::msg::Int8_<std::allocator<void> >; AllocatorT = std::allocator<void>][m[K[m[K’
[2.616s]   326 |   [01;36m[Kpublish[m[K(std::unique_ptr<T, PublishedTypeDeleter> msg)
[2.616s]       |   [01;36m[K^~~~~~~[m[K
[2.616s] [01m[K/opt/ros/jazzy/include/rclcpp/rclcpp/publisher.hpp:326:3:[m[K [01;36m[Knote: [m[K  template argument deduction/substitution failed:
[2.617s] [01m[K/home/luchino/RT_first_assignment/src/assignment1_rt/src/ui_node.cpp:72:49:[m[K [01;36m[Knote: [m[K  mismatched types ‘[01m[Kstd::unique_ptr<T, std::default_delete<std_msgs::msg::Int8_<std::allocator<void> > > >[m[K’ and ‘[01m[Kint[m[K’
[2.617s]    72 |                     [01;36m[Kid_moved_turtle_pub->publish(moving_turtle_)[m[K;
[2.617s]       |                     [01;36m[K~~~~~~~~~~~~~~~~~~~~~~~~~~~~^~~~~~~~~~~~~~~~[m[K
[2.617s] [01m[K/opt/ros/jazzy/include/rclcpp/rclcpp/publisher.hpp:376:3:[m[K [01;36m[Knote: [m[Kcandidate: ‘[01m[Ktemplate<class T> std::enable_if_t<(typename rclcpp::TypeAdapter<MessageT>::is_specialized::value && std::is_same<T, typename rclcpp::TypeAdapter<MessageT>::custom_type>::value)> rclcpp::Publisher<MessageT, AllocatorT>::[01;32m[Kpublish[m[K(const T&) [35m[K[with MessageT = std_msgs::msg::Int8_<std::allocator<void> >; AllocatorT = std::allocator<void>][m[K[m[K’
[2.617s]   376 |   [01;36m[Kpublish[m[K(const T & msg)
[2.617s]       |   [01;36m[K^~~~~~~[m[K
[2.617s] [01m[K/opt/ros/jazzy/include/rclcpp/rclcpp/publisher.hpp:376:3:[m[K [01;36m[Knote: [m[K  template argument deduction/substitution failed:
[2.617s] [01m[K/opt/ros/jazzy/include/rclcpp/rclcpp/publisher.hpp:394:3:[m[K [01;36m[Knote: [m[Kcandidate: ‘[01m[Kvoid rclcpp::Publisher<MessageT, AllocatorT>::[01;32m[Kpublish[m[K(const rcl_serialized_message_t&) [35m[K[with MessageT = std_msgs::msg::Int8_<std::allocator<void> >; AllocatorT = std::allocator<void>; rcl_serialized_message_t = rcutils_uint8_array_s][m[K[m[K’
[2.617s]   394 |   [01;36m[Kpublish[m[K(const rcl_serialized_message_t & serialized_msg)
[2.617s]       |   [01;36m[K^~~~~~~[m[K
[2.618s] [01m[K/opt/ros/jazzy/include/rclcpp/rclcpp/publisher.hpp:394:44:[m[K [01;36m[Knote: [m[K  no known conversion for argument 1 from ‘[01m[Kint[m[K’ to ‘[01m[Kconst rcl_serialized_message_t&[m[K’ {aka ‘[01m[Kconst rcutils_uint8_array_s&[m[K’}
[2.618s]   394 |   publish([01;36m[Kconst rcl_serialized_message_t & serialized_msg[m[K)
[2.618s]       |           [01;36m[K~~~~~~~~~~~~~~~~~~~~~~~~~~~~~~~~~^~~~~~~~~~~~~~[m[K
[2.618s] [01m[K/opt/ros/jazzy/include/rclcpp/rclcpp/publisher.hpp:400:3:[m[K [01;36m[Knote: [m[Kcandidate: ‘[01m[Kvoid rclcpp::Publisher<MessageT, AllocatorT>::[01;32m[Kpublish[m[K(const rclcpp::SerializedMessage&) [35m[K[with MessageT = std_msgs::msg::Int8_<std::allocator<void> >; AllocatorT = std::allocator<void>][m[K[m[K’
[2.618s]   400 |   [01;36m[Kpublish[m[K(const SerializedMessage & serialized_msg)
[2.618s]       |   [01;36m[K^~~~~~~[m[K
[2.618s] [01m[K/opt/ros/jazzy/include/rclcpp/rclcpp/publisher.hpp:400:37:[m[K [01;36m[Knote: [m[K  no known conversion for argument 1 from ‘[01m[Kint[m[K’ to ‘[01m[Kconst rclcpp::SerializedMessage&[m[K’
[2.618s]   400 |   publish([01;36m[Kconst SerializedMessage & serialized_msg[m[K)
[2.618s]       |           [01;36m[K~~~~~~~~~~~~~~~~~~~~~~~~~~^~~~~~~~~~~~~~[m[K
[2.618s] [01m[K/opt/ros/jazzy/include/rclcpp/rclcpp/publisher.hpp:414:3:[m[K [01;36m[Knote: [m[Kcandidate: ‘[01m[Kvoid rclcpp::Publisher<MessageT, AllocatorT>::[01;32m[Kpublish[m[K(rclcpp::LoanedMessage<typename rclcpp::TypeAdapter<MessageT>::ros_message_type, AllocatorT>&&) [35m[K[with MessageT = std_msgs::msg::Int8_<std::allocator<void> >; AllocatorT = std::allocator<void>; typename rclcpp::TypeAdapter<MessageT>::ros_message_type = std_msgs::msg::Int8_<std::allocator<void> >][m[K[m[K’
[2.618s]   414 |   [01;36m[Kpublish[m[K(rclcpp::LoanedMessage<ROSMessageType, AllocatorT> && loaned_msg)
[2.618s]       |   [01;36m[K^~~~~~~[m[K
[2.618s] [01m[K/opt/ros/jazzy/include/rclcpp/rclcpp/publisher.hpp:414:64:[m[K [01;36m[Knote: [m[K  no known conversion for argument 1 from ‘[01m[Kint[m[K’ to ‘[01m[Krclcpp::LoanedMessage<std_msgs::msg::Int8_<std::allocator<void> >, std::allocator<void> >&&[m[K’
[2.618s]   414 | lish([01;36m[Krclcpp::LoanedMessage<ROSMessageType, AllocatorT> && loaned_msg[m[K)
[2.618s]       |      [01;36m[K~~~~~~~~~~~~~~~~~~~~~~~~~~~~~~~~~~~~~~~~~~~~~~~~~~~~~^~~~~~~~~~[m[K
[2.618s] 
[2.618s] [01m[K/home/luchino/RT_first_assignment/src/assignment1_rt/src/ui_node.cpp:75:49:[m[K [01;31m[Kerror: [m[Kno matching function for call to ‘[01m[Krclcpp::Publisher<std_msgs::msg::Int8_<std::allocator<void> > >::publish(int&)[m[K’
[2.619s]    75 |                     [01;31m[Kid_moved_turtle_pub->publish(moving_turtle_)[m[K;
[2.619s]       |                     [01;31m[K~~~~~~~~~~~~~~~~~~~~~~~~~~~~^~~~~~~~~~~~~~~~[m[K
[2.619s] [01m[K/opt/ros/jazzy/include/rclcpp/rclcpp/publisher.hpp:242:3:[m[K [01;36m[Knote: [m[Kcandidate: ‘[01m[Ktemplate<class T> std::enable_if_t<(rosidl_generator_traits::is_message<T>::value && std::is_same<T, typename rclcpp::TypeAdapter<MessageT>::ros_message_type>::value)> rclcpp::Publisher<MessageT, AllocatorT>::[01;32m[Kpublish[m[K(std::unique_ptr<T, typename std::conditional<std::is_same<typename std::allocator_traits<typename std::allocator_traits<_Allocator>::rebind_traits<typename rclcpp::TypeAdapter<MessageT, void, void>::ros_message_type>::allocator_type>::rebind_alloc<typename rclcpp::TypeAdapter<MessageT, void, void>::ros_message_type>, std::allocator<typename rclcpp::TypeAdapter<MessageT>::ros_message_type> >::value, std::default_delete<typename rclcpp::TypeAdapter<MessageT>::ros_message_type>, rclcpp::allocator::AllocatorDeleter<typename std::allocator_traits<_Allocator>::rebind_traits<typename rclcpp::TypeAdapter<MessageT, void, void>::ros_message_type>::allocator_type> >::type>) [35m[K[with MessageT = std_msgs::msg::Int8_<std::allocator<void> >; AllocatorT = std::allocator<void>][m[K[m[K’
[2.619s]   242 |   [01;36m[Kpublish[m[K(std::unique_ptr<T, ROSMessageTypeDeleter> msg)
[2.619s]       |   [01;36m[K^~~~~~~[m[K
[2.619s] [01m[K/opt/ros/jazzy/include/rclcpp/rclcpp/publisher.hpp:242:3:[m[K [01;36m[Knote: [m[K  template argument deduction/substitution failed:
[2.619s] [01m[K/home/luchino/RT_first_assignment/src/assignment1_rt/src/ui_node.cpp:75:49:[m[K [01;36m[Knote: [m[K  mismatched types ‘[01m[Kstd::unique_ptr<T, std::default_delete<std_msgs::msg::Int8_<std::allocator<void> > > >[m[K’ and ‘[01m[Kint[m[K’
[2.619s]    75 |                     [01;36m[Kid_moved_turtle_pub->publish(moving_turtle_)[m[K;
[2.619s]       |                     [01;36m[K~~~~~~~~~~~~~~~~~~~~~~~~~~~~^~~~~~~~~~~~~~~~[m[K
[2.619s] [01m[K/opt/ros/jazzy/include/rclcpp/rclcpp/publisher.hpp:296:3:[m[K [01;36m[Knote: [m[Kcandidate: ‘[01m[Ktemplate<class T> std::enable_if_t<(rosidl_generator_traits::is_message<T>::value && std::is_same<T, typename rclcpp::TypeAdapter<MessageT>::ros_message_type>::value)> rclcpp::Publisher<MessageT, AllocatorT>::[01;32m[Kpublish[m[K(const T&) [35m[K[with MessageT = std_msgs::msg::Int8_<std::allocator<void> >; AllocatorT = std::allocator<void>][m[K[m[K’
[2.619s]   296 |   [01;36m[Kpublish[m[K(const T & msg)
[2.619s]       |   [01;36m[K^~~~~~~[m[K
[2.619s] [01m[K/opt/ros/jazzy/include/rclcpp/rclcpp/publisher.hpp:296:3:[m[K [01;36m[Knote: [m[K  template argument deduction/substitution failed:
[2.619s] [01m[K/opt/ros/jazzy/include/rclcpp/rclcpp/publisher.hpp:326:3:[m[K [01;36m[Knote: [m[Kcandidate: ‘[01m[Ktemplate<class T> std::enable_if_t<(typename rclcpp::TypeAdapter<MessageT>::is_specialized::value && std::is_same<T, typename rclcpp::TypeAdapter<MessageT>::custom_type>::value)> rclcpp::Publisher<MessageT, AllocatorT>::[01;32m[Kpublish[m[K(std::unique_ptr<T, typename std::conditional<std::is_same<typename std::allocator_traits<typename std::allocator_traits<_Allocator>::rebind_traits<typename rclcpp::TypeAdapter<MessageT, void, void>::custom_type>::allocator_type>::rebind_alloc<typename rclcpp::TypeAdapter<MessageT, void, void>::custom_type>, std::allocator<typename rclcpp::TypeAdapter<MessageT>::custom_type> >::value, std::default_delete<typename rclcpp::TypeAdapter<MessageT>::custom_type>, rclcpp::allocator::AllocatorDeleter<typename std::allocator_traits<_Allocator>::rebind_traits<typename rclcpp::TypeAdapter<MessageT, void, void>::custom_type>::allocator_type> >::type>) [35m[K[with MessageT = std_msgs::msg::Int8_<std::allocator<void> >; AllocatorT = std::allocator<void>][m[K[m[K’
[2.619s]   326 |   [01;36m[Kpublish[m[K(std::unique_ptr<T, PublishedTypeDeleter> msg)
[2.620s]       |   [01;36m[K^~~~~~~[m[K
[2.620s] [01m[K/opt/ros/jazzy/include/rclcpp/rclcpp/publisher.hpp:326:3:[m[K [01;36m[Knote: [m[K  template argument deduction/substitution failed:
[2.620s] [01m[K/home/luchino/RT_first_assignment/src/assignment1_rt/src/ui_node.cpp:75:49:[m[K [01;36m[Knote: [m[K  mismatched types ‘[01m[Kstd::unique_ptr<T, std::default_delete<std_msgs::msg::Int8_<std::allocator<void> > > >[m[K’ and ‘[01m[Kint[m[K’
[2.620s]    75 |                     [01;36m[Kid_moved_turtle_pub->publish(moving_turtle_)[m[K;
[2.620s]       |                     [01;36m[K~~~~~~~~~~~~~~~~~~~~~~~~~~~~^~~~~~~~~~~~~~~~[m[K
[2.620s] [01m[K/opt/ros/jazzy/include/rclcpp/rclcpp/publisher.hpp:376:3:[m[K [01;36m[Knote: [m[Kcandidate: ‘[01m[Ktemplate<class T> std::enable_if_t<(typename rclcpp::TypeAdapter<MessageT>::is_specialized::value && std::is_same<T, typename rclcpp::TypeAdapter<MessageT>::custom_type>::value)> rclcpp::Publisher<MessageT, AllocatorT>::[01;32m[Kpublish[m[K(const T&) [35m[K[with MessageT = std_msgs::msg::Int8_<std::allocator<void> >; AllocatorT = std::allocator<void>][m[K[m[K’
[2.621s]   376 |   [01;36m[Kpublish[m[K(const T & msg)
[2.621s]       |   [01;36m[K^~~~~~~[m[K
[2.621s] [01m[K/opt/ros/jazzy/include/rclcpp/rclcpp/publisher.hpp:376:3:[m[K [01;36m[Knote: [m[K  template argument deduction/substitution failed:
[2.621s] [01m[K/opt/ros/jazzy/include/rclcpp/rclcpp/publisher.hpp:394:3:[m[K [01;36m[Knote: [m[Kcandidate: ‘[01m[Kvoid rclcpp::Publisher<MessageT, AllocatorT>::[01;32m[Kpublish[m[K(const rcl_serialized_message_t&) [35m[K[with MessageT = std_msgs::msg::Int8_<std::allocator<void> >; AllocatorT = std::allocator<void>; rcl_serialized_message_t = rcutils_uint8_array_s][m[K[m[K’
[2.621s]   394 |   [01;36m[Kpublish[m[K(const rcl_serialized_message_t & serialized_msg)
[2.621s]       |   [01;36m[K^~~~~~~[m[K
[2.621s] [01m[K/opt/ros/jazzy/include/rclcpp/rclcpp/publisher.hpp:394:44:[m[K [01;36m[Knote: [m[K  no known conversion for argument 1 from ‘[01m[Kint[m[K’ to ‘[01m[Kconst rcl_serialized_message_t&[m[K’ {aka ‘[01m[Kconst rcutils_uint8_array_s&[m[K’}
[2.622s]   394 |   publish([01;36m[Kconst rcl_serialized_message_t & serialized_msg[m[K)
[2.622s]       |           [01;36m[K~~~~~~~~~~~~~~~~~~~~~~~~~~~~~~~~~^~~~~~~~~~~~~~[m[K
[2.622s] [01m[K/opt/ros/jazzy/include/rclcpp/rclcpp/publisher.hpp:400:3:[m[K [01;36m[Knote: [m[Kcandidate: ‘[01m[Kvoid rclcpp::Publisher<MessageT, AllocatorT>::[01;32m[Kpublish[m[K(const rclcpp::SerializedMessage&) [35m[K[with MessageT = std_msgs::msg::Int8_<std::allocator<void> >; AllocatorT = std::allocator<void>][m[K[m[K’
[2.622s]   400 |   [01;36m[Kpublish[m[K(const SerializedMessage & serialized_msg)
[2.622s]       |   [01;36m[K^~~~~~~[m[K
[2.622s] [01m[K/opt/ros/jazzy/include/rclcpp/rclcpp/publisher.hpp:400:37:[m[K [01;36m[Knote: [m[K  no known conversion for argument 1 from ‘[01m[Kint[m[K’ to ‘[01m[Kconst rclcpp::SerializedMessage&[m[K’
[2.622s]   400 |   publish([01;36m[Kconst SerializedMessage & serialized_msg[m[K)
[2.622s]       |           [01;36m[K~~~~~~~~~~~~~~~~~~~~~~~~~~^~~~~~~~~~~~~~[m[K
[2.622s] [01m[K/opt/ros/jazzy/include/rclcpp/rclcpp/publisher.hpp:414:3:[m[K [01;36m[Knote: [m[Kcandidate: ‘[01m[Kvoid rclcpp::Publisher<MessageT, AllocatorT>::[01;32m[Kpublish[m[K(rclcpp::LoanedMessage<typename rclcpp::TypeAdapter<MessageT>::ros_message_type, AllocatorT>&&) [35m[K[with MessageT = std_msgs::msg::Int8_<std::allocator<void> >; AllocatorT = std::allocator<void>; typename rclcpp::TypeAdapter<MessageT>::ros_message_type = std_msgs::msg::Int8_<std::allocator<void> >][m[K[m[K’
[2.622s]   414 |   [01;36m[Kpublish[m[K(rclcpp::LoanedMessage<ROSMessageType, AllocatorT> && loaned_msg)
[2.622s]       |   [01;36m[K^~~~~~~[m[K
[2.622s] [01m[K/opt/ros/jazzy/include/rclcpp/rclcpp/publisher.hpp:414:64:[m[K [01;36m[Knote: [m[K  no known conversion for argument 1 from ‘[01m[Kint[m[K’ to ‘[01m[Krclcpp::LoanedMessage<std_msgs::msg::Int8_<std::allocator<void> >, std::allocator<void> >&&[m[K’
[2.622s]   414 | lish([01;36m[Krclcpp::LoanedMessage<ROSMessageType, AllocatorT> && loaned_msg[m[K)
[2.622s]       |      [01;36m[K~~~~~~~~~~~~~~~~~~~~~~~~~~~~~~~~~~~~~~~~~~~~~~~~~~~~~^~~~~~~~~~[m[K
[2.622s] 
[2.629s] [01m[K/home/luchino/RT_first_assignment/src/assignment1_rt/src/distance_node.cpp:[m[K In constructor ‘[01m[KDistance_Check::[01;32m[KDistance_Check[m[K()[m[K’:
[2.630s] [01m[K/home/luchino/RT_first_assignment/src/assignment1_rt/src/distance_node.cpp:19:13:[m[K [01;31m[Kerror: [m[K‘[01m[Kid_moved_turtle_sub_[m[K’ was not declared in this scope
[2.630s]    19 |             [01;31m[Kid_moved_turtle_sub_[m[K = this->create_subscription<std_msgs::msg::Int8>("/id_moved_turtle", 10, std::bind(&Distance_Check::turtle_moved, this, _1));
[2.630s]       |             [01;31m[K^~~~~~~~~~~~~~~~~~~~[m[K
[2.630s] [01m[K/home/luchino/RT_first_assignment/src/assignment1_rt/src/distance_node.cpp:19:77:[m[K [01;31m[Kerror: [m[K‘[01m[KInt8[m[K’ is not a member of ‘[01m[Kstd_msgs::msg[m[K’
[2.631s]    19 |             id_moved_turtle_sub_ = this->create_subscription<std_msgs::msg::[01;31m[KInt8[m[K>("/id_moved_turtle", 10, std::bind(&Distance_Check::turtle_moved, this, _1));
[2.631s]       |                                                                             [01;31m[K^~~~[m[K
[2.634s] [01m[K/home/luchino/RT_first_assignment/src/assignment1_rt/src/distance_node.cpp:19:82:[m[K [01;31m[Kerror: [m[Kno matching function for call to ‘[01m[KDistance_Check::create_subscription<<expression error> >(const char [17], int, std::_Bind_helper<false, void (Distance_Check::*)(...), Distance_Check*, const std::_Placeholder<1>&>::type)[m[K’
[2.634s]    19 |             id_moved_turtle_sub_ = [01;31m[Kthis->create_subscription<std_msgs::msg::Int8>("/id_moved_turtle", 10, std::bind(&Distance_Check::turtle_moved, this, _1))[m[K;
[2.634s]       |                                    [01;31m[K~~~~~~~~~~~~~~~~~~~~~~~~~~~~~~~~~~~~~~~~~~~~~~^~~~~~~~~~~~~~~~~~~~~~~~~~~~~~~~~~~~~~~~~~~~~~~~~~~~~~~~~~~~~~~~~~~~~~~~~~~~[m[K
[2.634s] In file included from [01m[K/opt/ros/jazzy/include/rclcpp/rclcpp/node.hpp:1663[m[K,
[2.634s]                  from [01m[K/opt/ros/jazzy/include/rclcpp/rclcpp/executors/single_threaded_executor.hpp:28[m[K,
[2.634s]                  from [01m[K/opt/ros/jazzy/include/rclcpp/rclcpp/executors.hpp:22[m[K,
[2.634s]                  from [01m[K/opt/ros/jazzy/include/rclcpp/rclcpp/rclcpp.hpp:172[m[K,
[2.635s]                  from [01m[K/home/luchino/RT_first_assignment/src/assignment1_rt/src/distance_node.cpp:1[m[K:
[2.635s] [01m[K/opt/ros/jazzy/include/rclcpp/rclcpp/node_impl.hpp:92:1:[m[K [01;36m[Knote: [m[Kcandidate: ‘[01m[Ktemplate<class MessageT, class CallbackT, class AllocatorT, class SubscriptionT, class MessageMemoryStrategyT> std::shared_ptr<ROSMessageT> rclcpp::Node::[01;32m[Kcreate_subscription[m[K(const std::string&, const rclcpp::QoS&, CallbackT&&, const rclcpp::SubscriptionOptionsWithAllocator<AllocatorT>&, typename MessageMemoryStrategyT::SharedPtr)[m[K’
[2.635s]    92 | [01;36m[KNode[m[K::create_subscription(
[2.635s]       | [01;36m[K^~~~[m[K
[2.635s] [01m[K/opt/ros/jazzy/include/rclcpp/rclcpp/node_impl.hpp:92:1:[m[K [01;36m[Knote: [m[K  template argument deduction/substitution failed:
[2.635s] [01m[K/home/luchino/RT_first_assignment/src/assignment1_rt/src/distance_node.cpp:19:82:[m[K [01;31m[Kerror: [m[Ktemplate argument 1 is invalid
[2.635s]    19 |             id_moved_turtle_sub_ = [01;31m[Kthis->create_subscription<std_msgs::msg::Int8>("/id_moved_turtle", 10, std::bind(&Distance_Check::turtle_moved, this, _1))[m[K;
[2.635s]       |                                    [01;31m[K~~~~~~~~~~~~~~~~~~~~~~~~~~~~~~~~~~~~~~~~~~~~~~^~~~~~~~~~~~~~~~~~~~~~~~~~~~~~~~~~~~~~~~~~~~~~~~~~~~~~~~~~~~~~~~~~~~~~~~~~~~[m[K
[2.651s] [01m[K/home/luchino/RT_first_assignment/src/assignment1_rt/src/distance_node.cpp:28:13:[m[K [01;31m[Kerror: [m[K‘[01m[Kid_turtle_moved[m[K’ was not declared in this scope; did you mean ‘[01m[Kturtle_moved[m[K’?
[2.651s]    28 |             [01;31m[Kid_turtle_moved[m[K = 0;
[2.651s]       |             [01;31m[K^~~~~~~~~~~~~~~[m[K
[2.651s]       |             [32m[Kturtle_moved[m[K
[2.664s] [01m[K/home/luchino/RT_first_assignment/src/assignment1_rt/src/distance_node.cpp:[m[K In member function ‘[01m[Kvoid Distance_Check::[01;32m[Kdistance_timer_callback[m[K()[m[K’:
[2.664s] [01m[K/home/luchino/RT_first_assignment/src/assignment1_rt/src/distance_node.cpp:56:20:[m[K [01;31m[Kerror: [m[K‘[01m[Kid_turtle_moved[m[K’ was not declared in this scope; did you mean ‘[01m[Kturtle_moved[m[K’?
[2.664s]    56 |                 if([01;31m[Kid_turtle_moved[m[K == 1){
[2.664s]       |                    [01;31m[K^~~~~~~~~~~~~~~[m[K
[2.664s]       |                    [32m[Kturtle_moved[m[K
[5.644s] gmake[2]: *** [CMakeFiles/ui.dir/build.make:76: CMakeFiles/ui.dir/src/ui_node.cpp.o] Error 1
[5.644s] gmake[1]: *** [CMakeFiles/Makefile2:139: CMakeFiles/ui.dir/all] Error 2
[5.644s] gmake[1]: *** Waiting for unfinished jobs....
[5.712s] gmake[2]: *** [CMakeFiles/distance.dir/build.make:76: CMakeFiles/distance.dir/src/distance_node.cpp.o] Error 1
[5.712s] gmake[1]: *** [CMakeFiles/Makefile2:165: CMakeFiles/distance.dir/all] Error 2
[5.713s] gmake: *** [Makefile:146: all] Error 2
[5.715s] Invoked command in '/home/luchino/RT_first_assignment/build/assignment1_rt' returned '2': CMAKE_PREFIX_PATH=${CMAKE_PREFIX_PATH}:/home/luchino/ros_ws/install/first_package_py:/opt/ros/jazzy /usr/bin/cmake --build /home/luchino/RT_first_assignment/build/assignment1_rt -- -j8 -l8
