[0.017s] Invoking command in '/home/luchino/RT_first_assignment/build/prova_rt1': CMAKE_PREFIX_PATH=${CMAKE_PREFIX_PATH}:/home/luchino/ros_ws/install/first_package_py:/opt/ros/jazzy /usr/bin/cmake --build /home/luchino/RT_first_assignment/build/prova_rt1 -- -j8 -l8
[0.081s] [ 25%] [32mBuilding CXX object CMakeFiles/ui.dir/src/ui_node.cpp.o[0m
[0.084s] [ 50%] [32mBuilding CXX object CMakeFiles/distance.dir/src/distance_node.cpp.o[0m
[10.712s] [ 75%] [32m[1mLinking CXX executable distance[0m
[11.166s] [ 75%] Built target distance
[11.308s] [100%] [32m[1mLinking CXX executable ui[0m
[11.867s] [100%] Built target ui
[11.878s] Invoked command in '/home/luchino/RT_first_assignment/build/prova_rt1' returned '0': CMAKE_PREFIX_PATH=${CMAKE_PREFIX_PATH}:/home/luchino/ros_ws/install/first_package_py:/opt/ros/jazzy /usr/bin/cmake --build /home/luchino/RT_first_assignment/build/prova_rt1 -- -j8 -l8
[11.880s] Invoking command in '/home/luchino/RT_first_assignment/build/prova_rt1': CMAKE_PREFIX_PATH=${CMAKE_PREFIX_PATH}:/home/luchino/ros_ws/install/first_package_py:/opt/ros/jazzy /usr/bin/cmake --install /home/luchino/RT_first_assignment/build/prova_rt1
[11.886s] -- Install configuration: ""
[11.887s] -- Installing: /home/luchino/RT_first_assignment/install/prova_rt1/lib/prova_rt1/ui
[11.898s] -- Set non-toolchain portion of runtime path of "/home/luchino/RT_first_assignment/install/prova_rt1/lib/prova_rt1/ui" to ""
[11.898s] -- Installing: /home/luchino/RT_first_assignment/install/prova_rt1/lib/prova_rt1/distance
[11.904s] -- Set non-toolchain portion of runtime path of "/home/luchino/RT_first_assignment/install/prova_rt1/lib/prova_rt1/distance" to ""
[11.905s] -- Up-to-date: /home/luchino/RT_first_assignment/install/prova_rt1/lib/prova_rt1/turtle_spawn.py
[11.905s] -- Up-to-date: /home/luchino/RT_first_assignment/install/prova_rt1/share/ament_index/resource_index/package_run_dependencies/prova_rt1
[11.905s] -- Up-to-date: /home/luchino/RT_first_assignment/install/prova_rt1/share/ament_index/resource_index/parent_prefix_path/prova_rt1
[11.905s] -- Up-to-date: /home/luchino/RT_first_assignment/install/prova_rt1/share/prova_rt1/environment/ament_prefix_path.sh
[11.905s] -- Up-to-date: /home/luchino/RT_first_assignment/install/prova_rt1/share/prova_rt1/environment/ament_prefix_path.dsv
[11.906s] -- Up-to-date: /home/luchino/RT_first_assignment/install/prova_rt1/share/prova_rt1/environment/path.sh
[11.906s] -- Up-to-date: /home/luchino/RT_first_assignment/install/prova_rt1/share/prova_rt1/environment/path.dsv
[11.906s] -- Up-to-date: /home/luchino/RT_first_assignment/install/prova_rt1/share/prova_rt1/local_setup.bash
[11.906s] -- Up-to-date: /home/luchino/RT_first_assignment/install/prova_rt1/share/prova_rt1/local_setup.sh
[11.906s] -- Up-to-date: /home/luchino/RT_first_assignment/install/prova_rt1/share/prova_rt1/local_setup.zsh
[11.906s] -- Up-to-date: /home/luchino/RT_first_assignment/install/prova_rt1/share/prova_rt1/local_setup.dsv
[11.906s] -- Installing: /home/luchino/RT_first_assignment/install/prova_rt1/share/prova_rt1/package.dsv
[11.906s] -- Up-to-date: /home/luchino/RT_first_assignment/install/prova_rt1/share/ament_index/resource_index/packages/prova_rt1
[11.906s] -- Up-to-date: /home/luchino/RT_first_assignment/install/prova_rt1/share/prova_rt1/cmake/prova_rt1Config.cmake
[11.907s] -- Up-to-date: /home/luchino/RT_first_assignment/install/prova_rt1/share/prova_rt1/cmake/prova_rt1Config-version.cmake
[11.907s] -- Up-to-date: /home/luchino/RT_first_assignment/install/prova_rt1/share/prova_rt1/package.xml
[11.909s] Invoked command in '/home/luchino/RT_first_assignment/build/prova_rt1' returned '0': CMAKE_PREFIX_PATH=${CMAKE_PREFIX_PATH}:/home/luchino/ros_ws/install/first_package_py:/opt/ros/jazzy /usr/bin/cmake --install /home/luchino/RT_first_assignment/build/prova_rt1
