[0.045s] Invoking command in '/home/luchino/RT_first_assignment/build/assignment1_rt': CMAKE_PREFIX_PATH=${CMAKE_PREFIX_PATH}:/home/luchino/ros_ws/install/first_package_py:/opt/ros/jazzy /usr/bin/cmake /home/luchino/RT_first_assignment/src/assignment1_rt -DCMAKE_INSTALL_PREFIX=/home/luchino/RT_first_assignment/install/assignment1_rt
[0.645s] -- The C compiler identification is GNU 13.3.0
[1.434s] -- The CXX compiler identification is GNU 13.3.0
[2.059s] -- Detecting C compiler ABI info
[2.477s] -- Detecting C compiler ABI info - done
[2.490s] -- Check for working C compiler: /usr/bin/cc - skipped
[2.492s] -- Detecting C compile features
[2.493s] -- Detecting C compile features - done
[2.623s] -- Detecting CXX compiler ABI info
[2.943s] -- Detecting CXX compiler ABI info - done
[2.954s] -- Check for working CXX compiler: /usr/bin/c++ - skipped
[2.955s] -- Detecting CXX compile features
[2.955s] -- Detecting CXX compile features - done
[2.980s] -- Found ament_cmake: 2.5.4 (/opt/ros/jazzy/share/ament_cmake/cmake)
[3.157s] -- Found Python3: /usr/bin/python3 (found version "3.12.3") found components: Interpreter 
[3.308s] -- Found ament_lint_auto: 0.17.3 (/opt/ros/jazzy/share/ament_lint_auto/cmake)
[3.461s] -- Added test 'cppcheck' to perform static code analysis on C / C++ code
[3.461s] -- Configured cppcheck include dirs: 
[3.461s] -- Configured cppcheck exclude dirs and/or files: 
[3.464s] -- Added test 'flake8' to check Python code syntax and style conventions
[3.464s] -- Configured 'flake8' exclude dirs and/or files: 
[3.465s] -- Added test 'lint_cmake' to check CMake code style
[3.467s] -- Added test 'pep257' to check Python code against some of the docstring style conventions in PEP 257
[3.469s] -- Added test 'uncrustify' to check C / C++ code style
[3.469s] -- Configured uncrustify additional arguments: 
[3.470s] -- Added test 'xmllint' to check XML markup files
[3.473s] -- Configuring done (3.3s)
[3.480s] -- Generating done (0.0s)
[3.483s] -- Build files have been written to: /home/luchino/RT_first_assignment/build/assignment1_rt
[3.489s] Invoked command in '/home/luchino/RT_first_assignment/build/assignment1_rt' returned '0': CMAKE_PREFIX_PATH=${CMAKE_PREFIX_PATH}:/home/luchino/ros_ws/install/first_package_py:/opt/ros/jazzy /usr/bin/cmake /home/luchino/RT_first_assignment/src/assignment1_rt -DCMAKE_INSTALL_PREFIX=/home/luchino/RT_first_assignment/install/assignment1_rt
[3.491s] Invoking command in '/home/luchino/RT_first_assignment/build/assignment1_rt': CMAKE_PREFIX_PATH=${CMAKE_PREFIX_PATH}:/home/luchino/ros_ws/install/first_package_py:/opt/ros/jazzy /usr/bin/cmake --build /home/luchino/RT_first_assignment/build/assignment1_rt -- -j8 -l8
[3.529s] Invoked command in '/home/luchino/RT_first_assignment/build/assignment1_rt' returned '0': CMAKE_PREFIX_PATH=${CMAKE_PREFIX_PATH}:/home/luchino/ros_ws/install/first_package_py:/opt/ros/jazzy /usr/bin/cmake --build /home/luchino/RT_first_assignment/build/assignment1_rt -- -j8 -l8
[3.542s] Invoking command in '/home/luchino/RT_first_assignment/build/assignment1_rt': CMAKE_PREFIX_PATH=${CMAKE_PREFIX_PATH}:/home/luchino/ros_ws/install/first_package_py:/opt/ros/jazzy /usr/bin/cmake --install /home/luchino/RT_first_assignment/build/assignment1_rt
[3.553s] -- Install configuration: ""
[3.554s] -- Installing: /home/luchino/RT_first_assignment/install/assignment1_rt/share/ament_index/resource_index/package_run_dependencies/assignment1_rt
[3.555s] -- Installing: /home/luchino/RT_first_assignment/install/assignment1_rt/share/ament_index/resource_index/parent_prefix_path/assignment1_rt
[3.555s] -- Installing: /home/luchino/RT_first_assignment/install/assignment1_rt/share/assignment1_rt/environment/ament_prefix_path.sh
[3.556s] -- Installing: /home/luchino/RT_first_assignment/install/assignment1_rt/share/assignment1_rt/environment/ament_prefix_path.dsv
[3.556s] -- Installing: /home/luchino/RT_first_assignment/install/assignment1_rt/share/assignment1_rt/environment/path.sh
[3.556s] -- Installing: /home/luchino/RT_first_assignment/install/assignment1_rt/share/assignment1_rt/environment/path.dsv
[3.556s] -- Installing: /home/luchino/RT_first_assignment/install/assignment1_rt/share/assignment1_rt/local_setup.bash
[3.556s] -- Installing: /home/luchino/RT_first_assignment/install/assignment1_rt/share/assignment1_rt/local_setup.sh
[3.557s] -- Installing: /home/luchino/RT_first_assignment/install/assignment1_rt/share/assignment1_rt/local_setup.zsh
[3.557s] -- Installing: /home/luchino/RT_first_assignment/install/assignment1_rt/share/assignment1_rt/local_setup.dsv
[3.557s] -- Installing: /home/luchino/RT_first_assignment/install/assignment1_rt/share/assignment1_rt/package.dsv
[3.557s] -- Installing: /home/luchino/RT_first_assignment/install/assignment1_rt/share/ament_index/resource_index/packages/assignment1_rt
[3.558s] -- Installing: /home/luchino/RT_first_assignment/install/assignment1_rt/share/assignment1_rt/cmake/assignment1_rtConfig.cmake
[3.558s] -- Installing: /home/luchino/RT_first_assignment/install/assignment1_rt/share/assignment1_rt/cmake/assignment1_rtConfig-version.cmake
[3.558s] -- Installing: /home/luchino/RT_first_assignment/install/assignment1_rt/share/assignment1_rt/package.xml
[3.560s] Invoked command in '/home/luchino/RT_first_assignment/build/assignment1_rt' returned '0': CMAKE_PREFIX_PATH=${CMAKE_PREFIX_PATH}:/home/luchino/ros_ws/install/first_package_py:/opt/ros/jazzy /usr/bin/cmake --install /home/luchino/RT_first_assignment/build/assignment1_rt
