[0.200s] DEBUG:colcon:Command line arguments: ['/usr/bin/colcon', 'build']
[0.200s] DEBUG:colcon:Parsed command line arguments: Namespace(log_base=None, log_level=None, verb_name='build', build_base='build', install_base='install', merge_install=False, symlink_install=False, test_result_base=None, continue_on_error=False, executor='parallel', parallel_workers=8, event_handlers=None, ignore_user_meta=False, metas=['./colcon.meta'], base_paths=['.'], packages_ignore=None, packages_ignore_regex=None, paths=None, packages_up_to=None, packages_up_to_regex=None, packages_above=None, packages_above_and_dependencies=None, packages_above_depth=None, packages_select_by_dep=None, packages_skip_by_dep=None, packages_skip_up_to=None, packages_select_build_failed=False, packages_skip_build_finished=False, packages_select_test_failures=False, packages_skip_test_passed=False, packages_select=None, packages_skip=None, packages_select_regex=None, packages_skip_regex=None, packages_start=None, packages_end=None, allow_overriding=[], cmake_args=None, cmake_target=None, cmake_target_skip_unavailable=False, cmake_clean_cache=False, cmake_clean_first=False, cmake_force_configure=False, ament_cmake_args=None, catkin_cmake_args=None, catkin_skip_building_tests=False, mixin_files=None, mixin=None, verb_parser=<colcon_mixin.mixin.mixin_argument.MixinArgumentDecorator object at 0x709ca25279e0>, verb_extension=<colcon_core.verb.build.BuildVerb object at 0x709ca2673fe0>, main=<bound method BuildVerb.main of <colcon_core.verb.build.BuildVerb object at 0x709ca2673fe0>>, mixin_verb=('build',))
[0.239s] Level 1:colcon.colcon_core.package_discovery:discover_packages(colcon_meta) check parameters
[0.240s] Level 1:colcon.colcon_core.package_discovery:discover_packages(recursive) check parameters
[0.240s] Level 1:colcon.colcon_core.package_discovery:discover_packages(ignore) check parameters
[0.240s] Level 1:colcon.colcon_core.package_discovery:discover_packages(path) check parameters
[0.240s] Level 1:colcon.colcon_core.package_discovery:discover_packages(colcon_meta) discover
[0.240s] Level 1:colcon.colcon_core.package_discovery:discover_packages(recursive) discover
[0.240s] INFO:colcon.colcon_core.package_discovery:Crawling recursively for packages in '/home/luchino/RT_first_assignment'
[0.240s] Level 1:colcon.colcon_core.package_identification:_identify(.) by extensions ['ignore', 'ignore_ament_install']
[0.240s] Level 1:colcon.colcon_core.package_identification:_identify(.) by extension 'ignore'
[0.240s] Level 1:colcon.colcon_core.package_identification:_identify(.) by extension 'ignore_ament_install'
[0.240s] Level 1:colcon.colcon_core.package_identification:_identify(.) by extensions ['colcon_pkg']
[0.240s] Level 1:colcon.colcon_core.package_identification:_identify(.) by extension 'colcon_pkg'
[0.240s] Level 1:colcon.colcon_core.package_identification:_identify(.) by extensions ['colcon_meta']
[0.240s] Level 1:colcon.colcon_core.package_identification:_identify(.) by extension 'colcon_meta'
[0.240s] Level 1:colcon.colcon_core.package_identification:_identify(.) by extensions ['ros']
[0.240s] Level 1:colcon.colcon_core.package_identification:_identify(.) by extension 'ros'
[0.262s] Level 1:colcon.colcon_core.package_identification:_identify(.) by extensions ['cmake', 'python']
[0.262s] Level 1:colcon.colcon_core.package_identification:_identify(.) by extension 'cmake'
[0.262s] Level 1:colcon.colcon_core.package_identification:_identify(.) by extension 'python'
[0.262s] Level 1:colcon.colcon_core.package_identification:_identify(.) by extensions ['python_setup_py']
[0.262s] Level 1:colcon.colcon_core.package_identification:_identify(.) by extension 'python_setup_py'
[0.262s] Level 1:colcon.colcon_core.package_identification:_identify(build) by extensions ['ignore', 'ignore_ament_install']
[0.262s] Level 1:colcon.colcon_core.package_identification:_identify(build) by extension 'ignore'
[0.262s] Level 1:colcon.colcon_core.package_identification:_identify(build) ignored
[0.263s] Level 1:colcon.colcon_core.package_identification:_identify(install) by extensions ['ignore', 'ignore_ament_install']
[0.263s] Level 1:colcon.colcon_core.package_identification:_identify(install) by extension 'ignore'
[0.263s] Level 1:colcon.colcon_core.package_identification:_identify(install) ignored
[0.263s] Level 1:colcon.colcon_core.package_identification:_identify(log) by extensions ['ignore', 'ignore_ament_install']
[0.263s] Level 1:colcon.colcon_core.package_identification:_identify(log) by extension 'ignore'
[0.263s] Level 1:colcon.colcon_core.package_identification:_identify(log) ignored
[0.263s] Level 1:colcon.colcon_core.package_identification:_identify(src) by extensions ['ignore', 'ignore_ament_install']
[0.263s] Level 1:colcon.colcon_core.package_identification:_identify(src) by extension 'ignore'
[0.263s] Level 1:colcon.colcon_core.package_identification:_identify(src) by extension 'ignore_ament_install'
[0.263s] Level 1:colcon.colcon_core.package_identification:_identify(src) by extensions ['colcon_pkg']
[0.263s] Level 1:colcon.colcon_core.package_identification:_identify(src) by extension 'colcon_pkg'
[0.263s] Level 1:colcon.colcon_core.package_identification:_identify(src) by extensions ['colcon_meta']
[0.263s] Level 1:colcon.colcon_core.package_identification:_identify(src) by extension 'colcon_meta'
[0.263s] Level 1:colcon.colcon_core.package_identification:_identify(src) by extensions ['ros']
[0.263s] Level 1:colcon.colcon_core.package_identification:_identify(src) by extension 'ros'
[0.263s] Level 1:colcon.colcon_core.package_identification:_identify(src) by extensions ['cmake', 'python']
[0.263s] Level 1:colcon.colcon_core.package_identification:_identify(src) by extension 'cmake'
[0.264s] Level 1:colcon.colcon_core.package_identification:_identify(src) by extension 'python'
[0.264s] Level 1:colcon.colcon_core.package_identification:_identify(src) by extensions ['python_setup_py']
[0.264s] Level 1:colcon.colcon_core.package_identification:_identify(src) by extension 'python_setup_py'
[0.264s] Level 1:colcon.colcon_core.package_identification:_identify(src/assignment1_rt) by extensions ['ignore', 'ignore_ament_install']
[0.264s] Level 1:colcon.colcon_core.package_identification:_identify(src/assignment1_rt) by extension 'ignore'
[0.264s] Level 1:colcon.colcon_core.package_identification:_identify(src/assignment1_rt) by extension 'ignore_ament_install'
[0.264s] Level 1:colcon.colcon_core.package_identification:_identify(src/assignment1_rt) by extensions ['colcon_pkg']
[0.264s] Level 1:colcon.colcon_core.package_identification:_identify(src/assignment1_rt) by extension 'colcon_pkg'
[0.264s] Level 1:colcon.colcon_core.package_identification:_identify(src/assignment1_rt) by extensions ['colcon_meta']
[0.264s] Level 1:colcon.colcon_core.package_identification:_identify(src/assignment1_rt) by extension 'colcon_meta'
[0.264s] Level 1:colcon.colcon_core.package_identification:_identify(src/assignment1_rt) by extensions ['ros']
[0.264s] Level 1:colcon.colcon_core.package_identification:_identify(src/assignment1_rt) by extension 'ros'
[0.266s] DEBUG:colcon.colcon_core.package_identification:Package 'src/assignment1_rt' with type 'ros.ament_cmake' and name 'assignment1_rt'
[0.266s] Level 1:colcon.colcon_core.package_identification:_identify(src/prova_rt1) by extensions ['ignore', 'ignore_ament_install']
[0.266s] Level 1:colcon.colcon_core.package_identification:_identify(src/prova_rt1) by extension 'ignore'
[0.266s] Level 1:colcon.colcon_core.package_identification:_identify(src/prova_rt1) by extension 'ignore_ament_install'
[0.266s] Level 1:colcon.colcon_core.package_identification:_identify(src/prova_rt1) by extensions ['colcon_pkg']
[0.266s] Level 1:colcon.colcon_core.package_identification:_identify(src/prova_rt1) by extension 'colcon_pkg'
[0.266s] Level 1:colcon.colcon_core.package_identification:_identify(src/prova_rt1) by extensions ['colcon_meta']
[0.266s] Level 1:colcon.colcon_core.package_identification:_identify(src/prova_rt1) by extension 'colcon_meta'
[0.266s] Level 1:colcon.colcon_core.package_identification:_identify(src/prova_rt1) by extensions ['ros']
[0.266s] Level 1:colcon.colcon_core.package_identification:_identify(src/prova_rt1) by extension 'ros'
[0.267s] DEBUG:colcon.colcon_core.package_identification:Package 'src/prova_rt1' with type 'ros.ament_cmake' and name 'prova_rt1'
[0.267s] Level 1:colcon.colcon_core.package_discovery:discover_packages(recursive) using defaults
[0.267s] Level 1:colcon.colcon_core.package_discovery:discover_packages(ignore) discover
[0.267s] Level 1:colcon.colcon_core.package_discovery:discover_packages(ignore) using defaults
[0.267s] Level 1:colcon.colcon_core.package_discovery:discover_packages(path) discover
[0.267s] Level 1:colcon.colcon_core.package_discovery:discover_packages(path) using defaults
[0.285s] Level 1:colcon.colcon_core.package_discovery:discover_packages(prefix_path) check parameters
[0.285s] Level 1:colcon.colcon_core.package_discovery:discover_packages(prefix_path) discover
[0.286s] DEBUG:colcon.colcon_installed_package_information.package_discovery:Found 2 installed packages in /home/luchino/RT_first_assignment/install
[0.287s] DEBUG:colcon.colcon_installed_package_information.package_discovery:Found 3 installed packages in /home/luchino/ros_ws/install
[0.287s] DEBUG:colcon.colcon_installed_package_information.package_discovery:Found 196 installed packages in /opt/ros/jazzy
[0.288s] Level 1:colcon.colcon_core.package_discovery:discover_packages(prefix_path) using defaults
[0.311s] Level 5:colcon.colcon_core.verb:set package 'assignment1_rt' build argument 'cmake_args' from command line to 'None'
[0.311s] Level 5:colcon.colcon_core.verb:set package 'assignment1_rt' build argument 'cmake_target' from command line to 'None'
[0.311s] Level 5:colcon.colcon_core.verb:set package 'assignment1_rt' build argument 'cmake_target_skip_unavailable' from command line to 'False'
[0.311s] Level 5:colcon.colcon_core.verb:set package 'assignment1_rt' build argument 'cmake_clean_cache' from command line to 'False'
[0.311s] Level 5:colcon.colcon_core.verb:set package 'assignment1_rt' build argument 'cmake_clean_first' from command line to 'False'
[0.311s] Level 5:colcon.colcon_core.verb:set package 'assignment1_rt' build argument 'cmake_force_configure' from command line to 'False'
[0.311s] Level 5:colcon.colcon_core.verb:set package 'assignment1_rt' build argument 'ament_cmake_args' from command line to 'None'
[0.311s] Level 5:colcon.colcon_core.verb:set package 'assignment1_rt' build argument 'catkin_cmake_args' from command line to 'None'
[0.311s] Level 5:colcon.colcon_core.verb:set package 'assignment1_rt' build argument 'catkin_skip_building_tests' from command line to 'False'
[0.311s] DEBUG:colcon.colcon_core.verb:Building package 'assignment1_rt' with the following arguments: {'ament_cmake_args': None, 'build_base': '/home/luchino/RT_first_assignment/build/assignment1_rt', 'catkin_cmake_args': None, 'catkin_skip_building_tests': False, 'cmake_args': None, 'cmake_clean_cache': False, 'cmake_clean_first': False, 'cmake_force_configure': False, 'cmake_target': None, 'cmake_target_skip_unavailable': False, 'install_base': '/home/luchino/RT_first_assignment/install/assignment1_rt', 'merge_install': False, 'path': '/home/luchino/RT_first_assignment/src/assignment1_rt', 'symlink_install': False, 'test_result_base': None}
[0.311s] Level 5:colcon.colcon_core.verb:set package 'prova_rt1' build argument 'cmake_args' from command line to 'None'
[0.311s] Level 5:colcon.colcon_core.verb:set package 'prova_rt1' build argument 'cmake_target' from command line to 'None'
[0.311s] Level 5:colcon.colcon_core.verb:set package 'prova_rt1' build argument 'cmake_target_skip_unavailable' from command line to 'False'
[0.311s] Level 5:colcon.colcon_core.verb:set package 'prova_rt1' build argument 'cmake_clean_cache' from command line to 'False'
[0.311s] Level 5:colcon.colcon_core.verb:set package 'prova_rt1' build argument 'cmake_clean_first' from command line to 'False'
[0.311s] Level 5:colcon.colcon_core.verb:set package 'prova_rt1' build argument 'cmake_force_configure' from command line to 'False'
[0.311s] Level 5:colcon.colcon_core.verb:set package 'prova_rt1' build argument 'ament_cmake_args' from command line to 'None'
[0.311s] Level 5:colcon.colcon_core.verb:set package 'prova_rt1' build argument 'catkin_cmake_args' from command line to 'None'
[0.311s] Level 5:colcon.colcon_core.verb:set package 'prova_rt1' build argument 'catkin_skip_building_tests' from command line to 'False'
[0.311s] DEBUG:colcon.colcon_core.verb:Building package 'prova_rt1' with the following arguments: {'ament_cmake_args': None, 'build_base': '/home/luchino/RT_first_assignment/build/prova_rt1', 'catkin_cmake_args': None, 'catkin_skip_building_tests': False, 'cmake_args': None, 'cmake_clean_cache': False, 'cmake_clean_first': False, 'cmake_force_configure': False, 'cmake_target': None, 'cmake_target_skip_unavailable': False, 'install_base': '/home/luchino/RT_first_assignment/install/prova_rt1', 'merge_install': False, 'path': '/home/luchino/RT_first_assignment/src/prova_rt1', 'symlink_install': False, 'test_result_base': None}
[0.311s] INFO:colcon.colcon_core.executor:Executing jobs using 'parallel' executor
[0.312s] DEBUG:colcon.colcon_parallel_executor.executor.parallel:run_until_complete
[0.313s] INFO:colcon.colcon_ros.task.ament_cmake.build:Building ROS package in '/home/luchino/RT_first_assignment/src/assignment1_rt' with build type 'ament_cmake'
[0.313s] INFO:colcon.colcon_cmake.task.cmake.build:Building CMake package in '/home/luchino/RT_first_assignment/src/assignment1_rt'
[0.315s] INFO:colcon.colcon_core.plugin_system:Skipping extension 'colcon_core.shell.bat': Not used on non-Windows systems
[0.315s] INFO:colcon.colcon_core.shell:Skip shell extension 'powershell' for command environment: Not usable outside of PowerShell
[0.315s] DEBUG:colcon.colcon_core.shell:Skip shell extension 'dsv' for command environment
[0.317s] INFO:colcon.colcon_ros.task.ament_cmake.build:Building ROS package in '/home/luchino/RT_first_assignment/src/prova_rt1' with build type 'ament_cmake'
[0.318s] INFO:colcon.colcon_cmake.task.cmake.build:Building CMake package in '/home/luchino/RT_first_assignment/src/prova_rt1'
[0.318s] INFO:colcon.colcon_core.shell:Skip shell extension 'powershell' for command environment: Not usable outside of PowerShell
[0.318s] DEBUG:colcon.colcon_core.shell:Skip shell extension 'dsv' for command environment
[0.327s] DEBUG:colcon.colcon_core.event_handler.log_command:Invoking command in '/home/luchino/RT_first_assignment/build/assignment1_rt': CMAKE_PREFIX_PATH=${CMAKE_PREFIX_PATH}:/home/luchino/ros_ws/install/first_package_py:/opt/ros/jazzy /usr/bin/cmake --build /home/luchino/RT_first_assignment/build/assignment1_rt -- -j8 -l8
[0.336s] DEBUG:colcon.colcon_core.event_handler.log_command:Invoking command in '/home/luchino/RT_first_assignment/build/prova_rt1': CMAKE_PREFIX_PATH=${CMAKE_PREFIX_PATH}:/home/luchino/ros_ws/install/first_package_py:/opt/ros/jazzy /usr/bin/cmake --build /home/luchino/RT_first_assignment/build/prova_rt1 -- -j8 -l8
[0.406s] DEBUG:colcon.colcon_core.event_handler.log_command:Invoked command in '/home/luchino/RT_first_assignment/build/assignment1_rt' returned '0': CMAKE_PREFIX_PATH=${CMAKE_PREFIX_PATH}:/home/luchino/ros_ws/install/first_package_py:/opt/ros/jazzy /usr/bin/cmake --build /home/luchino/RT_first_assignment/build/assignment1_rt -- -j8 -l8
[0.415s] DEBUG:colcon.colcon_core.event_handler.log_command:Invoking command in '/home/luchino/RT_first_assignment/build/assignment1_rt': CMAKE_PREFIX_PATH=${CMAKE_PREFIX_PATH}:/home/luchino/ros_ws/install/first_package_py:/opt/ros/jazzy /usr/bin/cmake --install /home/luchino/RT_first_assignment/build/assignment1_rt
[0.417s] DEBUG:colcon.colcon_core.event_handler.log_command:Invoked command in '/home/luchino/RT_first_assignment/build/prova_rt1' returned '0': CMAKE_PREFIX_PATH=${CMAKE_PREFIX_PATH}:/home/luchino/ros_ws/install/first_package_py:/opt/ros/jazzy /usr/bin/cmake --build /home/luchino/RT_first_assignment/build/prova_rt1 -- -j8 -l8
[0.418s] DEBUG:colcon.colcon_core.event_handler.log_command:Invoking command in '/home/luchino/RT_first_assignment/build/prova_rt1': CMAKE_PREFIX_PATH=${CMAKE_PREFIX_PATH}:/home/luchino/ros_ws/install/first_package_py:/opt/ros/jazzy /usr/bin/cmake --install /home/luchino/RT_first_assignment/build/prova_rt1
[0.429s] Level 1:colcon.colcon_core.environment:create_environment_scripts_only(assignment1_rt)
[0.430s] DEBUG:colcon.colcon_core.event_handler.log_command:Invoked command in '/home/luchino/RT_first_assignment/build/assignment1_rt' returned '0': CMAKE_PREFIX_PATH=${CMAKE_PREFIX_PATH}:/home/luchino/ros_ws/install/first_package_py:/opt/ros/jazzy /usr/bin/cmake --install /home/luchino/RT_first_assignment/build/assignment1_rt
[0.438s] Level 1:colcon.colcon_core.environment:checking '/home/luchino/RT_first_assignment/install/assignment1_rt' for CMake module files
[0.439s] Level 1:colcon.colcon_core.environment:checking '/home/luchino/RT_first_assignment/install/assignment1_rt' for CMake config files
[0.439s] Level 1:colcon.colcon_core.shell:create_environment_hook('assignment1_rt', 'cmake_prefix_path')
[0.440s] INFO:colcon.colcon_core.shell:Creating environment hook '/home/luchino/RT_first_assignment/install/assignment1_rt/share/assignment1_rt/hook/cmake_prefix_path.ps1'
[0.440s] INFO:colcon.colcon_core.shell:Creating environment descriptor '/home/luchino/RT_first_assignment/install/assignment1_rt/share/assignment1_rt/hook/cmake_prefix_path.dsv'
[0.441s] INFO:colcon.colcon_core.shell:Creating environment hook '/home/luchino/RT_first_assignment/install/assignment1_rt/share/assignment1_rt/hook/cmake_prefix_path.sh'
[0.442s] Level 1:colcon.colcon_core.environment:checking '/home/luchino/RT_first_assignment/install/assignment1_rt/lib'
[0.442s] Level 1:colcon.colcon_core.environment:checking '/home/luchino/RT_first_assignment/install/assignment1_rt/bin'
[0.442s] Level 1:colcon.colcon_core.environment:checking '/home/luchino/RT_first_assignment/install/assignment1_rt/lib/pkgconfig/assignment1_rt.pc'
[0.443s] Level 1:colcon.colcon_core.environment:checking '/home/luchino/RT_first_assignment/install/assignment1_rt/lib/python3.12/site-packages'
[0.443s] Level 1:colcon.colcon_core.environment:checking '/home/luchino/RT_first_assignment/install/assignment1_rt/bin'
[0.444s] INFO:colcon.colcon_core.shell:Creating package script '/home/luchino/RT_first_assignment/install/assignment1_rt/share/assignment1_rt/package.ps1'
[0.444s] INFO:colcon.colcon_core.shell:Creating package descriptor '/home/luchino/RT_first_assignment/install/assignment1_rt/share/assignment1_rt/package.dsv'
[0.445s] INFO:colcon.colcon_core.shell:Creating package script '/home/luchino/RT_first_assignment/install/assignment1_rt/share/assignment1_rt/package.sh'
[0.446s] INFO:colcon.colcon_core.shell:Creating package script '/home/luchino/RT_first_assignment/install/assignment1_rt/share/assignment1_rt/package.bash'
[0.446s] INFO:colcon.colcon_core.shell:Creating package script '/home/luchino/RT_first_assignment/install/assignment1_rt/share/assignment1_rt/package.zsh'
[0.447s] Level 1:colcon.colcon_core.environment:create_file_with_runtime_dependencies(/home/luchino/RT_first_assignment/install/assignment1_rt/share/colcon-core/packages/assignment1_rt)
[0.448s] Level 1:colcon.colcon_core.environment:create_environment_scripts_only(assignment1_rt)
[0.448s] Level 1:colcon.colcon_core.environment:checking '/home/luchino/RT_first_assignment/install/assignment1_rt' for CMake module files
[0.448s] Level 1:colcon.colcon_core.environment:checking '/home/luchino/RT_first_assignment/install/assignment1_rt' for CMake config files
[0.449s] Level 1:colcon.colcon_core.shell:create_environment_hook('assignment1_rt', 'cmake_prefix_path')
[0.449s] INFO:colcon.colcon_core.shell:Creating environment hook '/home/luchino/RT_first_assignment/install/assignment1_rt/share/assignment1_rt/hook/cmake_prefix_path.ps1'
[0.449s] INFO:colcon.colcon_core.shell:Creating environment descriptor '/home/luchino/RT_first_assignment/install/assignment1_rt/share/assignment1_rt/hook/cmake_prefix_path.dsv'
[0.450s] INFO:colcon.colcon_core.shell:Creating environment hook '/home/luchino/RT_first_assignment/install/assignment1_rt/share/assignment1_rt/hook/cmake_prefix_path.sh'
[0.450s] Level 1:colcon.colcon_core.environment:checking '/home/luchino/RT_first_assignment/install/assignment1_rt/lib'
[0.450s] Level 1:colcon.colcon_core.environment:checking '/home/luchino/RT_first_assignment/install/assignment1_rt/bin'
[0.450s] Level 1:colcon.colcon_core.environment:checking '/home/luchino/RT_first_assignment/install/assignment1_rt/lib/pkgconfig/assignment1_rt.pc'
[0.451s] Level 1:colcon.colcon_core.environment:checking '/home/luchino/RT_first_assignment/install/assignment1_rt/lib/python3.12/site-packages'
[0.451s] Level 1:colcon.colcon_core.environment:checking '/home/luchino/RT_first_assignment/install/assignment1_rt/bin'
[0.452s] INFO:colcon.colcon_core.shell:Creating package script '/home/luchino/RT_first_assignment/install/assignment1_rt/share/assignment1_rt/package.ps1'
[0.453s] INFO:colcon.colcon_core.shell:Creating package descriptor '/home/luchino/RT_first_assignment/install/assignment1_rt/share/assignment1_rt/package.dsv'
[0.454s] INFO:colcon.colcon_core.shell:Creating package script '/home/luchino/RT_first_assignment/install/assignment1_rt/share/assignment1_rt/package.sh'
[0.454s] INFO:colcon.colcon_core.shell:Creating package script '/home/luchino/RT_first_assignment/install/assignment1_rt/share/assignment1_rt/package.bash'
[0.455s] INFO:colcon.colcon_core.shell:Creating package script '/home/luchino/RT_first_assignment/install/assignment1_rt/share/assignment1_rt/package.zsh'
[0.455s] Level 1:colcon.colcon_core.environment:create_file_with_runtime_dependencies(/home/luchino/RT_first_assignment/install/assignment1_rt/share/colcon-core/packages/assignment1_rt)
[0.457s] Level 1:colcon.colcon_core.environment:create_environment_scripts_only(prova_rt1)
[0.458s] Level 1:colcon.colcon_core.environment:checking '/home/luchino/RT_first_assignment/install/prova_rt1' for CMake module files
[0.458s] DEBUG:colcon.colcon_core.event_handler.log_command:Invoked command in '/home/luchino/RT_first_assignment/build/prova_rt1' returned '0': CMAKE_PREFIX_PATH=${CMAKE_PREFIX_PATH}:/home/luchino/ros_ws/install/first_package_py:/opt/ros/jazzy /usr/bin/cmake --install /home/luchino/RT_first_assignment/build/prova_rt1
[0.459s] Level 1:colcon.colcon_core.environment:checking '/home/luchino/RT_first_assignment/install/prova_rt1' for CMake config files
[0.459s] Level 1:colcon.colcon_core.shell:create_environment_hook('prova_rt1', 'cmake_prefix_path')
[0.459s] INFO:colcon.colcon_core.shell:Creating environment hook '/home/luchino/RT_first_assignment/install/prova_rt1/share/prova_rt1/hook/cmake_prefix_path.ps1'
[0.460s] INFO:colcon.colcon_core.shell:Creating environment descriptor '/home/luchino/RT_first_assignment/install/prova_rt1/share/prova_rt1/hook/cmake_prefix_path.dsv'
[0.460s] INFO:colcon.colcon_core.shell:Creating environment hook '/home/luchino/RT_first_assignment/install/prova_rt1/share/prova_rt1/hook/cmake_prefix_path.sh'
[0.461s] Level 1:colcon.colcon_core.environment:checking '/home/luchino/RT_first_assignment/install/prova_rt1/lib'
[0.461s] Level 1:colcon.colcon_core.environment:checking '/home/luchino/RT_first_assignment/install/prova_rt1/bin'
[0.461s] Level 1:colcon.colcon_core.environment:checking '/home/luchino/RT_first_assignment/install/prova_rt1/lib/pkgconfig/prova_rt1.pc'
[0.461s] Level 1:colcon.colcon_core.environment:checking '/home/luchino/RT_first_assignment/install/prova_rt1/lib/python3.12/site-packages'
[0.462s] Level 1:colcon.colcon_core.environment:checking '/home/luchino/RT_first_assignment/install/prova_rt1/bin'
[0.462s] INFO:colcon.colcon_core.shell:Creating package script '/home/luchino/RT_first_assignment/install/prova_rt1/share/prova_rt1/package.ps1'
[0.463s] INFO:colcon.colcon_core.shell:Creating package descriptor '/home/luchino/RT_first_assignment/install/prova_rt1/share/prova_rt1/package.dsv'
[0.463s] INFO:colcon.colcon_core.shell:Creating package script '/home/luchino/RT_first_assignment/install/prova_rt1/share/prova_rt1/package.sh'
[0.464s] INFO:colcon.colcon_core.shell:Creating package script '/home/luchino/RT_first_assignment/install/prova_rt1/share/prova_rt1/package.bash'
[0.464s] INFO:colcon.colcon_core.shell:Creating package script '/home/luchino/RT_first_assignment/install/prova_rt1/share/prova_rt1/package.zsh'
[0.464s] Level 1:colcon.colcon_core.environment:create_file_with_runtime_dependencies(/home/luchino/RT_first_assignment/install/prova_rt1/share/colcon-core/packages/prova_rt1)
[0.465s] Level 1:colcon.colcon_core.environment:create_environment_scripts_only(prova_rt1)
[0.465s] Level 1:colcon.colcon_core.environment:checking '/home/luchino/RT_first_assignment/install/prova_rt1' for CMake module files
[0.465s] Level 1:colcon.colcon_core.environment:checking '/home/luchino/RT_first_assignment/install/prova_rt1' for CMake config files
[0.466s] Level 1:colcon.colcon_core.shell:create_environment_hook('prova_rt1', 'cmake_prefix_path')
[0.466s] INFO:colcon.colcon_core.shell:Creating environment hook '/home/luchino/RT_first_assignment/install/prova_rt1/share/prova_rt1/hook/cmake_prefix_path.ps1'
[0.466s] INFO:colcon.colcon_core.shell:Creating environment descriptor '/home/luchino/RT_first_assignment/install/prova_rt1/share/prova_rt1/hook/cmake_prefix_path.dsv'
[0.467s] INFO:colcon.colcon_core.shell:Creating environment hook '/home/luchino/RT_first_assignment/install/prova_rt1/share/prova_rt1/hook/cmake_prefix_path.sh'
[0.467s] Level 1:colcon.colcon_core.environment:checking '/home/luchino/RT_first_assignment/install/prova_rt1/lib'
[0.467s] Level 1:colcon.colcon_core.environment:checking '/home/luchino/RT_first_assignment/install/prova_rt1/bin'
[0.467s] Level 1:colcon.colcon_core.environment:checking '/home/luchino/RT_first_assignment/install/prova_rt1/lib/pkgconfig/prova_rt1.pc'
[0.468s] Level 1:colcon.colcon_core.environment:checking '/home/luchino/RT_first_assignment/install/prova_rt1/lib/python3.12/site-packages'
[0.468s] Level 1:colcon.colcon_core.environment:checking '/home/luchino/RT_first_assignment/install/prova_rt1/bin'
[0.468s] INFO:colcon.colcon_core.shell:Creating package script '/home/luchino/RT_first_assignment/install/prova_rt1/share/prova_rt1/package.ps1'
[0.469s] INFO:colcon.colcon_core.shell:Creating package descriptor '/home/luchino/RT_first_assignment/install/prova_rt1/share/prova_rt1/package.dsv'
[0.470s] INFO:colcon.colcon_core.shell:Creating package script '/home/luchino/RT_first_assignment/install/prova_rt1/share/prova_rt1/package.sh'
[0.471s] INFO:colcon.colcon_core.shell:Creating package script '/home/luchino/RT_first_assignment/install/prova_rt1/share/prova_rt1/package.bash'
[0.471s] INFO:colcon.colcon_core.shell:Creating package script '/home/luchino/RT_first_assignment/install/prova_rt1/share/prova_rt1/package.zsh'
[0.472s] Level 1:colcon.colcon_core.environment:create_file_with_runtime_dependencies(/home/luchino/RT_first_assignment/install/prova_rt1/share/colcon-core/packages/prova_rt1)
[0.472s] DEBUG:colcon.colcon_parallel_executor.executor.parallel:closing loop
[0.473s] DEBUG:colcon.colcon_parallel_executor.executor.parallel:loop closed
[0.473s] DEBUG:colcon.colcon_parallel_executor.executor.parallel:run_until_complete finished with '0'
[0.473s] DEBUG:colcon.colcon_core.event_reactor:joining thread
[0.519s] INFO:colcon.colcon_core.plugin_system:Skipping extension 'colcon_notification.desktop_notification.notify_send': Could not find 'notify-send'
[0.519s] INFO:colcon.colcon_core.plugin_system:Skipping extension 'colcon_notification.desktop_notification.terminal_notifier': Not used on non-Darwin systems
[0.519s] INFO:colcon.colcon_core.plugin_system:Skipping extension 'colcon_notification.desktop_notification.win32': Not used on non-Windows systems
[0.519s] INFO:colcon.colcon_notification.desktop_notification:Sending desktop notification using 'notify2'
[0.520s] DEBUG:colcon.colcon_notification.desktop_notification.notify2:Failed to initialize notify2: org.freedesktop.DBus.Error.ServiceUnknown: The name org.freedesktop.Notifications was not provided by any .service files
[0.520s] DEBUG:colcon.colcon_core.event_reactor:joined thread
[0.521s] INFO:colcon.colcon_core.shell:Creating prefix script '/home/luchino/RT_first_assignment/install/local_setup.ps1'
[0.521s] INFO:colcon.colcon_core.shell:Creating prefix util module '/home/luchino/RT_first_assignment/install/_local_setup_util_ps1.py'
[0.522s] INFO:colcon.colcon_core.shell:Creating prefix chain script '/home/luchino/RT_first_assignment/install/setup.ps1'
[0.523s] INFO:colcon.colcon_core.shell:Creating prefix script '/home/luchino/RT_first_assignment/install/local_setup.sh'
[0.524s] INFO:colcon.colcon_core.shell:Creating prefix util module '/home/luchino/RT_first_assignment/install/_local_setup_util_sh.py'
[0.524s] INFO:colcon.colcon_core.shell:Creating prefix chain script '/home/luchino/RT_first_assignment/install/setup.sh'
[0.525s] INFO:colcon.colcon_core.shell:Creating prefix script '/home/luchino/RT_first_assignment/install/local_setup.bash'
[0.526s] INFO:colcon.colcon_core.shell:Creating prefix chain script '/home/luchino/RT_first_assignment/install/setup.bash'
[0.527s] INFO:colcon.colcon_core.shell:Creating prefix script '/home/luchino/RT_first_assignment/install/local_setup.zsh'
[0.528s] INFO:colcon.colcon_core.shell:Creating prefix chain script '/home/luchino/RT_first_assignment/install/setup.zsh'
