[0.017s] Invoking command in '/home/luchino/RT_first_assignment/build/prova_rt1': CMAKE_PREFIX_PATH=${CMAKE_PREFIX_PATH}:/home/luchino/ros_ws/install/first_package_py:/opt/ros/jazzy /usr/bin/cmake /home/luchino/RT_first_assignment/src/prova_rt1 -DCMAKE_INSTALL_PREFIX=/home/luchino/RT_first_assignment/install/prova_rt1
[0.267s] -- The C compiler identification is GNU 13.3.0
[0.804s] -- The CXX compiler identification is GNU 13.3.0
[1.235s] -- Detecting C compiler ABI info
[1.485s] -- Detecting C compiler ABI info - done
[1.494s] -- Check for working C compiler: /usr/bin/cc - skipped
[1.494s] -- Detecting C compile features
[1.496s] -- Detecting C compile features - done
[1.576s] -- Detecting CXX compiler ABI info
[1.782s] -- Detecting CXX compiler ABI info - done
[1.789s] -- Check for working CXX compiler: /usr/bin/c++ - skipped
[1.789s] -- Detecting CXX compile features
[1.790s] -- Detecting CXX compile features - done
[1.807s] -- Found ament_cmake: 2.5.4 (/opt/ros/jazzy/share/ament_cmake/cmake)
[1.941s] -- Found Python3: /usr/bin/python3 (found version "3.12.3") found components: Interpreter 
[2.049s] -- Found rclcpp: 28.1.12 (/opt/ros/jazzy/share/rclcpp/cmake)
[2.196s] -- Found rosidl_generator_c: 4.6.6 (/opt/ros/jazzy/share/rosidl_generator_c/cmake)
[2.214s] -- Found rosidl_generator_cpp: 4.6.6 (/opt/ros/jazzy/share/rosidl_generator_cpp/cmake)
[2.244s] -- Using all available rosidl_typesupport_c: rosidl_typesupport_fastrtps_c;rosidl_typesupport_introspection_c
[2.268s] -- Using all available rosidl_typesupport_cpp: rosidl_typesupport_fastrtps_cpp;rosidl_typesupport_introspection_cpp
[2.387s] -- Found rmw_implementation_cmake: 7.3.2 (/opt/ros/jazzy/share/rmw_implementation_cmake/cmake)
[2.392s] -- Found rmw_fastrtps_cpp: 8.4.3 (/opt/ros/jazzy/share/rmw_fastrtps_cpp/cmake)
[2.502s] -- Found OpenSSL: /usr/lib/x86_64-linux-gnu/libcrypto.so (found version "3.0.13")  
[2.855s] -- Found FastRTPS: /opt/ros/jazzy/include (Required is at least version "2.13") 
[3.048s] -- Using RMW implementation 'rmw_fastrtps_cpp' as default
[3.402s] -- Found turtlesim: 1.8.3 (/opt/ros/jazzy/share/turtlesim/cmake)
[3.500s] -- Found geometry_msgs: 5.3.6 (/opt/ros/jazzy/share/geometry_msgs/cmake)
[3.554s] -- Found ament_lint_auto: 0.17.3 (/opt/ros/jazzy/share/ament_lint_auto/cmake)
[3.691s] -- Added test 'cppcheck' to perform static code analysis on C / C++ code
[3.692s] -- Configured cppcheck include dirs: 
[3.692s] -- Configured cppcheck exclude dirs and/or files: 
[3.695s] -- Added test 'flake8' to check Python code syntax and style conventions
[3.696s] -- Configured 'flake8' exclude dirs and/or files: 
[3.699s] -- Added test 'lint_cmake' to check CMake code style
[3.701s] -- Added test 'pep257' to check Python code against some of the docstring style conventions in PEP 257
[3.705s] -- Added test 'uncrustify' to check C / C++ code style
[3.705s] -- Configured uncrustify additional arguments: 
[3.708s] -- Added test 'xmllint' to check XML markup files
[3.714s] -- Configuring done (3.7s)
[3.766s] -- Generating done (0.0s)
[3.780s] -- Build files have been written to: /home/luchino/RT_first_assignment/build/prova_rt1
[3.800s] Invoked command in '/home/luchino/RT_first_assignment/build/prova_rt1' returned '0': CMAKE_PREFIX_PATH=${CMAKE_PREFIX_PATH}:/home/luchino/ros_ws/install/first_package_py:/opt/ros/jazzy /usr/bin/cmake /home/luchino/RT_first_assignment/src/prova_rt1 -DCMAKE_INSTALL_PREFIX=/home/luchino/RT_first_assignment/install/prova_rt1
[3.804s] Invoking command in '/home/luchino/RT_first_assignment/build/prova_rt1': CMAKE_PREFIX_PATH=${CMAKE_PREFIX_PATH}:/home/luchino/ros_ws/install/first_package_py:/opt/ros/jazzy /usr/bin/cmake --build /home/luchino/RT_first_assignment/build/prova_rt1 -- -j8 -l8
[3.915s] [ 25%] [32mBuilding CXX object CMakeFiles/ui.dir/src/ui_node.cpp.o[0m
[3.916s] [ 50%] [32mBuilding CXX object CMakeFiles/distance.dir/src/distance_node.cpp.o[0m
[14.558s] [ 75%] [32m[1mLinking CXX executable distance[0m
[15.037s] [ 75%] Built target distance
[15.379s] [100%] [32m[1mLinking CXX executable ui[0m
[15.820s] [100%] Built target ui
[15.831s] Invoked command in '/home/luchino/RT_first_assignment/build/prova_rt1' returned '0': CMAKE_PREFIX_PATH=${CMAKE_PREFIX_PATH}:/home/luchino/ros_ws/install/first_package_py:/opt/ros/jazzy /usr/bin/cmake --build /home/luchino/RT_first_assignment/build/prova_rt1 -- -j8 -l8
[15.832s] Invoking command in '/home/luchino/RT_first_assignment/build/prova_rt1': CMAKE_PREFIX_PATH=${CMAKE_PREFIX_PATH}:/home/luchino/ros_ws/install/first_package_py:/opt/ros/jazzy /usr/bin/cmake --install /home/luchino/RT_first_assignment/build/prova_rt1
[15.837s] -- Install configuration: ""
[15.837s] -- Installing: /home/luchino/RT_first_assignment/install/prova_rt1/lib/prova_rt1/ui
[15.845s] -- Set non-toolchain portion of runtime path of "/home/luchino/RT_first_assignment/install/prova_rt1/lib/prova_rt1/ui" to ""
[15.845s] -- Installing: /home/luchino/RT_first_assignment/install/prova_rt1/lib/prova_rt1/distance
[15.849s] -- Set non-toolchain portion of runtime path of "/home/luchino/RT_first_assignment/install/prova_rt1/lib/prova_rt1/distance" to ""
[15.849s] -- Installing: /home/luchino/RT_first_assignment/install/prova_rt1/lib/prova_rt1/turtle_spawn.py
[15.850s] -- Installing: /home/luchino/RT_first_assignment/install/prova_rt1/share/ament_index/resource_index/package_run_dependencies/prova_rt1
[15.850s] -- Installing: /home/luchino/RT_first_assignment/install/prova_rt1/share/ament_index/resource_index/parent_prefix_path/prova_rt1
[15.851s] -- Installing: /home/luchino/RT_first_assignment/install/prova_rt1/share/prova_rt1/environment/ament_prefix_path.sh
[15.851s] -- Installing: /home/luchino/RT_first_assignment/install/prova_rt1/share/prova_rt1/environment/ament_prefix_path.dsv
[15.851s] -- Installing: /home/luchino/RT_first_assignment/install/prova_rt1/share/prova_rt1/environment/path.sh
[15.851s] -- Installing: /home/luchino/RT_first_assignment/install/prova_rt1/share/prova_rt1/environment/path.dsv
[15.852s] -- Installing: /home/luchino/RT_first_assignment/install/prova_rt1/share/prova_rt1/local_setup.bash
[15.852s] -- Installing: /home/luchino/RT_first_assignment/install/prova_rt1/share/prova_rt1/local_setup.sh
[15.852s] -- Installing: /home/luchino/RT_first_assignment/install/prova_rt1/share/prova_rt1/local_setup.zsh
[15.852s] -- Installing: /home/luchino/RT_first_assignment/install/prova_rt1/share/prova_rt1/local_setup.dsv
[15.852s] -- Installing: /home/luchino/RT_first_assignment/install/prova_rt1/share/prova_rt1/package.dsv
[15.852s] -- Installing: /home/luchino/RT_first_assignment/install/prova_rt1/share/ament_index/resource_index/packages/prova_rt1
[15.853s] -- Installing: /home/luchino/RT_first_assignment/install/prova_rt1/share/prova_rt1/cmake/prova_rt1Config.cmake
[15.853s] -- Installing: /home/luchino/RT_first_assignment/install/prova_rt1/share/prova_rt1/cmake/prova_rt1Config-version.cmake
[15.853s] -- Installing: /home/luchino/RT_first_assignment/install/prova_rt1/share/prova_rt1/package.xml
[15.856s] Invoked command in '/home/luchino/RT_first_assignment/build/prova_rt1' returned '0': CMAKE_PREFIX_PATH=${CMAKE_PREFIX_PATH}:/home/luchino/ros_ws/install/first_package_py:/opt/ros/jazzy /usr/bin/cmake --install /home/luchino/RT_first_assignment/build/prova_rt1
