[0.024s] Invoking command in '/home/luchino/RT_first_assignment/build/assignment1_rt': CMAKE_PREFIX_PATH=${CMAKE_PREFIX_PATH}:/home/luchino/ros_ws/install/first_package_py:/opt/ros/jazzy /usr/bin/cmake --build /home/luchino/RT_first_assignment/build/assignment1_rt -- -j8 -l8
[0.203s] [ 50%] [32mBuilding CXX object CMakeFiles/ui.dir/src/ui_node.cpp.o[0m
[0.203s] [ 75%] Built target distance
[11.040s] [100%] [32m[1mLinking CXX executable ui[0m
[11.758s] [100%] Built target ui
[11.769s] Invoked command in '/home/luchino/RT_first_assignment/build/assignment1_rt' returned '0': CMAKE_PREFIX_PATH=${CMAKE_PREFIX_PATH}:/home/luchino/ros_ws/install/first_package_py:/opt/ros/jazzy /usr/bin/cmake --build /home/luchino/RT_first_assignment/build/assignment1_rt -- -j8 -l8
[11.778s] Invoking command in '/home/luchino/RT_first_assignment/build/assignment1_rt': CMAKE_PREFIX_PATH=${CMAKE_PREFIX_PATH}:/home/luchino/ros_ws/install/first_package_py:/opt/ros/jazzy /usr/bin/cmake --install /home/luchino/RT_first_assignment/build/assignment1_rt
[11.786s] -- Install configuration: ""
[11.789s] -- Installing: /home/luchino/RT_first_assignment/install/assignment1_rt/lib/assignment1_rt/ui
[11.793s] -- Set non-toolchain portion of runtime path of "/home/luchino/RT_first_assignment/install/assignment1_rt/lib/assignment1_rt/ui" to ""
[11.795s] -- Up-to-date: /home/luchino/RT_first_assignment/install/assignment1_rt/lib/assignment1_rt/distance
[11.795s] -- Up-to-date: /home/luchino/RT_first_assignment/install/assignment1_rt/lib/assignment1_rt/turtle_spawn.py
[11.796s] -- Up-to-date: /home/luchino/RT_first_assignment/install/assignment1_rt/share/ament_index/resource_index/package_run_dependencies/assignment1_rt
[11.796s] -- Up-to-date: /home/luchino/RT_first_assignment/install/assignment1_rt/share/ament_index/resource_index/parent_prefix_path/assignment1_rt
[11.796s] -- Up-to-date: /home/luchino/RT_first_assignment/install/assignment1_rt/share/assignment1_rt/environment/ament_prefix_path.sh
[11.796s] -- Up-to-date: /home/luchino/RT_first_assignment/install/assignment1_rt/share/assignment1_rt/environment/ament_prefix_path.dsv
[11.796s] -- Up-to-date: /home/luchino/RT_first_assignment/install/assignment1_rt/share/assignment1_rt/environment/path.sh
[11.797s] -- Up-to-date: /home/luchino/RT_first_assignment/install/assignment1_rt/share/assignment1_rt/environment/path.dsv
[11.797s] -- Up-to-date: /home/luchino/RT_first_assignment/install/assignment1_rt/share/assignment1_rt/local_setup.bash
[11.797s] -- Up-to-date: /home/luchino/RT_first_assignment/install/assignment1_rt/share/assignment1_rt/local_setup.sh
[11.797s] -- Up-to-date: /home/luchino/RT_first_assignment/install/assignment1_rt/share/assignment1_rt/local_setup.zsh
[11.797s] -- Up-to-date: /home/luchino/RT_first_assignment/install/assignment1_rt/share/assignment1_rt/local_setup.dsv
[11.797s] -- Installing: /home/luchino/RT_first_assignment/install/assignment1_rt/share/assignment1_rt/package.dsv
[11.798s] -- Up-to-date: /home/luchino/RT_first_assignment/install/assignment1_rt/share/ament_index/resource_index/packages/assignment1_rt
[11.798s] -- Up-to-date: /home/luchino/RT_first_assignment/install/assignment1_rt/share/assignment1_rt/cmake/assignment1_rtConfig.cmake
[11.798s] -- Up-to-date: /home/luchino/RT_first_assignment/install/assignment1_rt/share/assignment1_rt/cmake/assignment1_rtConfig-version.cmake
[11.798s] -- Up-to-date: /home/luchino/RT_first_assignment/install/assignment1_rt/share/assignment1_rt/package.xml
[11.799s] Invoked command in '/home/luchino/RT_first_assignment/build/assignment1_rt' returned '0': CMAKE_PREFIX_PATH=${CMAKE_PREFIX_PATH}:/home/luchino/ros_ws/install/first_package_py:/opt/ros/jazzy /usr/bin/cmake --install /home/luchino/RT_first_assignment/build/assignment1_rt
