[0.017s] Invoking command in '/home/luchino/RT_first_assignment/build/prova_rt1': CMAKE_PREFIX_PATH=${CMAKE_PREFIX_PATH}:/home/luchino/ros_ws/install/first_package_py:/opt/ros/jazzy /usr/bin/cmake --build /home/luchino/RT_first_assignment/build/prova_rt1 -- -j8 -l8
[0.077s] [ 50%] Built target ui
[0.083s] [100%] Built target distance
[0.099s] Invoked command in '/home/luchino/RT_first_assignment/build/prova_rt1' returned '0': CMAKE_PREFIX_PATH=${CMAKE_PREFIX_PATH}:/home/luchino/ros_ws/install/first_package_py:/opt/ros/jazzy /usr/bin/cmake --build /home/luchino/RT_first_assignment/build/prova_rt1 -- -j8 -l8
[0.100s] Invoking command in '/home/luchino/RT_first_assignment/build/prova_rt1': CMAKE_PREFIX_PATH=${CMAKE_PREFIX_PATH}:/home/luchino/ros_ws/install/first_package_py:/opt/ros/jazzy /usr/bin/cmake --install /home/luchino/RT_first_assignment/build/prova_rt1
[0.113s] -- Install configuration: ""
[0.114s] -- Up-to-date: /home/luchino/RT_first_assignment/install/prova_rt1/lib/prova_rt1/ui
[0.114s] -- Up-to-date: /home/luchino/RT_first_assignment/install/prova_rt1/lib/prova_rt1/distance
[0.115s] -- Up-to-date: /home/luchino/RT_first_assignment/install/prova_rt1/lib/prova_rt1/turtle_spawn.py
[0.115s] -- Up-to-date: /home/luchino/RT_first_assignment/install/prova_rt1/share/ament_index/resource_index/package_run_dependencies/prova_rt1
[0.115s] -- Up-to-date: /home/luchino/RT_first_assignment/install/prova_rt1/share/ament_index/resource_index/parent_prefix_path/prova_rt1
[0.115s] -- Up-to-date: /home/luchino/RT_first_assignment/install/prova_rt1/share/prova_rt1/environment/ament_prefix_path.sh
[0.116s] -- Up-to-date: /home/luchino/RT_first_assignment/install/prova_rt1/share/prova_rt1/environment/ament_prefix_path.dsv
[0.116s] -- Up-to-date: /home/luchino/RT_first_assignment/install/prova_rt1/share/prova_rt1/environment/path.sh
[0.116s] -- Up-to-date: /home/luchino/RT_first_assignment/install/prova_rt1/share/prova_rt1/environment/path.dsv
[0.116s] -- Up-to-date: /home/luchino/RT_first_assignment/install/prova_rt1/share/prova_rt1/local_setup.bash
[0.116s] -- Up-to-date: /home/luchino/RT_first_assignment/install/prova_rt1/share/prova_rt1/local_setup.sh
[0.117s] -- Up-to-date: /home/luchino/RT_first_assignment/install/prova_rt1/share/prova_rt1/local_setup.zsh
[0.117s] -- Up-to-date: /home/luchino/RT_first_assignment/install/prova_rt1/share/prova_rt1/local_setup.dsv
[0.117s] -- Installing: /home/luchino/RT_first_assignment/install/prova_rt1/share/prova_rt1/package.dsv
[0.118s] -- Up-to-date: /home/luchino/RT_first_assignment/install/prova_rt1/share/ament_index/resource_index/packages/prova_rt1
[0.118s] -- Up-to-date: /home/luchino/RT_first_assignment/install/prova_rt1/share/prova_rt1/cmake/prova_rt1Config.cmake
[0.118s] -- Up-to-date: /home/luchino/RT_first_assignment/install/prova_rt1/share/prova_rt1/cmake/prova_rt1Config-version.cmake
[0.118s] -- Up-to-date: /home/luchino/RT_first_assignment/install/prova_rt1/share/prova_rt1/package.xml
[0.140s] Invoked command in '/home/luchino/RT_first_assignment/build/prova_rt1' returned '0': CMAKE_PREFIX_PATH=${CMAKE_PREFIX_PATH}:/home/luchino/ros_ws/install/first_package_py:/opt/ros/jazzy /usr/bin/cmake --install /home/luchino/RT_first_assignment/build/prova_rt1
